<?xml version="1.0" encoding="UTF-8"?>
<coverage generated="1754810333186" clover="3.2.0">
  <project timestamp="1754810333186" name="All files">
    <metrics statements="2003" coveredstatements="1870" conditionals="784" coveredconditionals="670" methods="374" coveredmethods="345" elements="3161" coveredelements="2885" complexity="0" loc="2003" ncloc="2003" packages="5" files="38" classes="38"/>
    <package name="plugins">
      <metrics statements="42" coveredstatements="42" conditionals="9" coveredconditionals="9" methods="10" coveredmethods="10"/>
      <file name="manager.ts" path="C:\Sync\Codebox\ClaudeCode\schema-validator\src\plugins\manager.ts">
        <metrics statements="42" coveredstatements="42" conditionals="9" coveredconditionals="9" methods="10" coveredmethods="10"/>
        <line num="12" count="13" type="stmt"/>
        <line num="14" count="40" type="stmt"/>
        <line num="15" count="40" type="stmt"/>
        <line num="16" count="40" type="stmt"/>
        <line num="17" count="40" type="stmt"/>
        <line num="22" count="42" type="cond" truecount="1" falsecount="0"/>
        <line num="23" count="40" type="stmt"/>
        <line num="25" count="42" type="stmt"/>
        <line num="29" count="21" type="cond" truecount="1" falsecount="0"/>
        <line num="30" count="1" type="stmt"/>
        <line num="33" count="20" type="stmt"/>
        <line num="36" count="20" type="cond" truecount="1" falsecount="0"/>
        <line num="37" count="5" type="stmt"/>
        <line num="38" count="7" type="stmt"/>
        <line num="43" count="20" type="cond" truecount="1" falsecount="0"/>
        <line num="44" count="5" type="stmt"/>
        <line num="45" count="7" type="stmt"/>
        <line num="50" count="20" type="cond" truecount="1" falsecount="0"/>
        <line num="51" count="5" type="stmt"/>
        <line num="52" count="7" type="stmt"/>
        <line num="57" count="20" type="stmt"/>
        <line num="61" count="7" type="stmt"/>
        <line num="62" count="7" type="cond" truecount="1" falsecount="0"/>
        <line num="63" count="1" type="stmt"/>
        <line num="67" count="6" type="cond" truecount="1" falsecount="0"/>
        <line num="68" count="2" type="stmt"/>
        <line num="69" count="3" type="stmt"/>
        <line num="74" count="6" type="cond" truecount="1" falsecount="0"/>
        <line num="75" count="2" type="stmt"/>
        <line num="76" count="3" type="stmt"/>
        <line num="81" count="6" type="cond" truecount="1" falsecount="0"/>
        <line num="82" count="2" type="stmt"/>
        <line num="83" count="3" type="stmt"/>
        <line num="87" count="6" type="stmt"/>
        <line num="91" count="9" type="stmt"/>
        <line num="95" count="9" type="stmt"/>
        <line num="99" count="9" type="stmt"/>
        <line num="103" count="2" type="stmt"/>
        <line num="107" count="7" type="stmt"/>
        <line num="111" count="13" type="stmt"/>
        <line num="112" count="1" type="stmt"/>
        <line num="116" count="13" type="stmt"/>
      </file>
    </package>
    <package name="schemas.complex">
      <metrics statements="777" coveredstatements="728" conditionals="223" coveredconditionals="191" methods="118" coveredmethods="111"/>
      <file name="array.ts" path="C:\Sync\Codebox\ClaudeCode\schema-validator\src\schemas\complex\array.ts">
        <metrics statements="83" coveredstatements="83" conditionals="38" coveredconditionals="38" methods="9" coveredmethods="9"/>
        <line num="1" count="21" type="stmt"/>
        <line num="2" count="21" type="stmt"/>
        <line num="11" count="21" type="stmt"/>
        <line num="12" count="86" type="stmt"/>
        <line num="14" count="86" type="stmt"/>
        <line num="17" count="86" type="stmt"/>
        <line num="18" count="86" type="stmt"/>
        <line num="22" count="95" type="stmt"/>
        <line num="23" count="95" type="cond" truecount="1" falsecount="0"/>
        <line num="24" count="8" type="stmt"/>
        <line num="30" count="8" type="stmt"/>
        <line num="33" count="87" type="stmt"/>
        <line num="35" count="87" type="stmt"/>
        <line num="36" count="46" type="cond" truecount="4" falsecount="0"/>
        <line num="38" count="21" type="cond" truecount="1" falsecount="0"/>
        <line num="39" count="9" type="stmt"/>
        <line num="49" count="21" type="stmt"/>
        <line num="52" count="13" type="cond" truecount="1" falsecount="0"/>
        <line num="53" count="4" type="stmt"/>
        <line num="63" count="13" type="stmt"/>
        <line num="66" count="4" type="cond" truecount="1" falsecount="0"/>
        <line num="67" count="3" type="stmt"/>
        <line num="74" count="4" type="stmt"/>
        <line num="77" count="8" type="cond" truecount="1" falsecount="0"/>
        <line num="78" count="3" type="stmt"/>
        <line num="88" count="8" type="stmt"/>
        <line num="92" count="87" type="stmt"/>
        <line num="93" count="87" type="stmt"/>
        <line num="94" count="150" type="stmt"/>
        <line num="95" count="150" type="stmt"/>
        <line num="96" count="150" type="stmt"/>
        <line num="97" count="125" type="stmt"/>
        <line num="99" count="25" type="cond" truecount="1" falsecount="0"/>
        <line num="100" count="25" type="stmt"/>
        <line num="105" count="62" type="cond" truecount="1" falsecount="0"/>
        <line num="106" count="5" type="stmt"/>
        <line num="109" count="57" type="stmt"/>
        <line num="113" count="18" type="stmt"/>
        <line num="114" count="18" type="cond" truecount="1" falsecount="0"/>
        <line num="115" count="2" type="stmt"/>
        <line num="121" count="2" type="stmt"/>
        <line num="124" count="16" type="stmt"/>
        <line num="126" count="16" type="stmt"/>
        <line num="127" count="11" type="cond" truecount="4" falsecount="0"/>
        <line num="129" count="4" type="cond" truecount="1" falsecount="0"/>
        <line num="130" count="2" type="stmt"/>
        <line num="140" count="4" type="stmt"/>
        <line num="143" count="2" type="cond" truecount="1" falsecount="0"/>
        <line num="144" count="1" type="stmt"/>
        <line num="154" count="2" type="stmt"/>
        <line num="157" count="3" type="cond" truecount="1" falsecount="0"/>
        <line num="158" count="2" type="stmt"/>
        <line num="165" count="3" type="stmt"/>
        <line num="168" count="2" type="cond" truecount="1" falsecount="0"/>
        <line num="169" count="1" type="stmt"/>
        <line num="179" count="2" type="stmt"/>
        <line num="183" count="16" type="stmt"/>
        <line num="184" count="16" type="stmt"/>
        <line num="186" count="16" type="stmt"/>
        <line num="187" count="28" type="stmt"/>
        <line num="188" count="28" type="stmt"/>
        <line num="191" count="16" type="stmt"/>
        <line num="192" count="16" type="stmt"/>
        <line num="193" count="28" type="cond" truecount="1" falsecount="0"/>
        <line num="194" count="17" type="stmt"/>
        <line num="198" count="16" type="cond" truecount="1" falsecount="0"/>
        <line num="199" count="7" type="stmt"/>
        <line num="202" count="9" type="stmt"/>
        <line num="206" count="17" type="stmt"/>
        <line num="207" count="17" type="stmt"/>
        <line num="208" count="17" type="stmt"/>
        <line num="212" count="11" type="stmt"/>
        <line num="213" count="11" type="stmt"/>
        <line num="214" count="11" type="stmt"/>
        <line num="218" count="4" type="stmt"/>
        <line num="219" count="4" type="stmt"/>
        <line num="220" count="4" type="stmt"/>
        <line num="224" count="6" type="stmt"/>
        <line num="225" count="6" type="stmt"/>
        <line num="226" count="6" type="stmt"/>
        <line num="230" count="1" type="stmt"/>
        <line num="234" count="21" type="stmt"/>
        <line num="235" count="86" type="stmt"/>
      </file>
      <file name="discriminated-union.ts" path="C:\Sync\Codebox\ClaudeCode\schema-validator\src\schemas\complex\discriminated-union.ts">
        <metrics statements="47" coveredstatements="42" conditionals="12" coveredconditionals="9" methods="7" coveredmethods="5"/>
        <line num="1" count="13" type="stmt"/>
        <line num="2" count="13" type="stmt"/>
        <line num="8" count="13" type="stmt"/>
        <line num="15" count="15" type="stmt"/>
        <line num="21" count="15" type="stmt"/>
        <line num="22" count="15" type="stmt"/>
        <line num="23" count="15" type="stmt"/>
        <line num="24" count="15" type="stmt"/>
        <line num="27" count="15" type="stmt"/>
        <line num="28" count="128" type="stmt"/>
        <line num="29" count="128" type="stmt"/>
        <line num="31" count="128" type="cond" truecount="1" falsecount="0"/>
        <line num="32" count="1" type="stmt"/>
        <line num="36" count="127" type="stmt"/>
        <line num="37" count="127" type="cond" truecount="1" falsecount="0"/>
        <line num="38" count="127" type="stmt"/>
        <line num="45" count="127" type="cond" truecount="3" falsecount="0"/>
        <line num="46" count="127" type="stmt"/>
        <line num="50" count="0" type="cond" truecount="0" falsecount="3"/>
        <line num="51" count="0" type="stmt"/>
        <line num="54" count="0" type="stmt"/>
        <line num="58" count="33" type="stmt"/>
        <line num="59" count="33" type="cond" truecount="1" falsecount="0"/>
        <line num="60" count="5" type="stmt"/>
        <line num="66" count="5" type="stmt"/>
        <line num="69" count="28" type="stmt"/>
        <line num="70" count="28" type="stmt"/>
        <line num="72" count="28" type="stmt"/>
        <line num="73" count="28" type="cond" truecount="1" falsecount="0"/>
        <line num="74" count="4" type="stmt"/>
        <line num="82" count="4" type="stmt"/>
        <line num="85" count="24" type="stmt"/>
        <line num="89" count="8" type="stmt"/>
        <line num="90" count="8" type="cond" truecount="1" falsecount="0"/>
        <line num="91" count="3" type="stmt"/>
        <line num="97" count="3" type="stmt"/>
        <line num="100" count="5" type="stmt"/>
        <line num="101" count="5" type="stmt"/>
        <line num="103" count="5" type="stmt"/>
        <line num="104" count="5" type="cond" truecount="1" falsecount="0"/>
        <line num="105" count="2" type="stmt"/>
        <line num="113" count="2" type="stmt"/>
        <line num="116" count="3" type="stmt"/>
        <line num="120" count="0" type="stmt"/>
        <line num="124" count="0" type="stmt"/>
        <line num="128" count="13" type="stmt"/>
        <line num="132" count="15" type="stmt"/>
      </file>
      <file name="effects.ts" path="C:\Sync\Codebox\ClaudeCode\schema-validator\src\schemas\complex\effects.ts">
        <metrics statements="20" coveredstatements="19" conditionals="4" coveredconditionals="3" methods="4" coveredmethods="4"/>
        <line num="1" count="12" type="stmt"/>
        <line num="12" count="12" type="stmt"/>
        <line num="13" count="6" type="stmt"/>
        <line num="21" count="6" type="stmt"/>
        <line num="22" count="6" type="stmt"/>
        <line num="23" count="6" type="stmt"/>
        <line num="27" count="5" type="stmt"/>
        <line num="29" count="4" type="cond" truecount="1" falsecount="0"/>
        <line num="30" count="4" type="stmt"/>
        <line num="33" count="4" type="cond" truecount="1" falsecount="0"/>
        <line num="34" count="1" type="stmt"/>
        <line num="37" count="3" type="stmt"/>
        <line num="41" count="2" type="stmt"/>
        <line num="43" count="2" type="cond" truecount="1" falsecount="0"/>
        <line num="44" count="2" type="stmt"/>
        <line num="47" count="2" type="cond" truecount="0" falsecount="1"/>
        <line num="48" count="0" type="stmt"/>
        <line num="51" count="2" type="stmt"/>
        <line num="55" count="12" type="stmt"/>
        <line num="59" count="6" type="stmt"/>
      </file>
      <file name="enum.ts" path="C:\Sync\Codebox\ClaudeCode\schema-validator\src\schemas\complex\enum.ts">
        <metrics statements="35" coveredstatements="35" conditionals="5" coveredconditionals="5" methods="12" coveredmethods="12"/>
        <line num="1" count="13" type="stmt"/>
        <line num="2" count="13" type="stmt"/>
        <line num="5" count="13" type="stmt"/>
        <line num="6" count="11" type="stmt"/>
        <line num="11" count="11" type="stmt"/>
        <line num="12" count="11" type="stmt"/>
        <line num="13" count="11" type="stmt"/>
        <line num="17" count="36" type="cond" truecount="1" falsecount="0"/>
        <line num="18" count="12" type="stmt"/>
        <line num="26" count="12" type="stmt"/>
        <line num="29" count="24" type="stmt"/>
        <line num="33" count="5" type="stmt"/>
        <line num="37" count="1" type="stmt"/>
        <line num="41" count="1" type="stmt"/>
        <line num="45" count="13" type="stmt"/>
        <line num="46" count="11" type="stmt"/>
        <line num="50" count="13" type="stmt"/>
        <line num="51" count="9" type="stmt"/>
        <line num="56" count="9" type="stmt"/>
        <line num="57" count="9" type="stmt"/>
        <line num="60" count="9" type="stmt"/>
        <line num="61" count="9" type="stmt"/>
        <line num="62" count="34" type="stmt"/>
        <line num="65" count="34" type="cond" truecount="3" falsecount="0"/>
        <line num="66" count="24" type="stmt"/>
        <line num="69" count="9" type="stmt"/>
        <line num="73" count="39" type="cond" truecount="1" falsecount="0"/>
        <line num="74" count="19" type="stmt"/>
        <line num="82" count="19" type="stmt"/>
        <line num="85" count="20" type="stmt"/>
        <line num="89" count="4" type="stmt"/>
        <line num="93" count="1" type="stmt"/>
        <line num="97" count="3" type="stmt"/>
        <line num="101" count="13" type="stmt"/>
        <line num="102" count="9" type="stmt"/>
      </file>
      <file name="function.ts" path="C:\Sync\Codebox\ClaudeCode\schema-validator\src\schemas\complex\function.ts">
        <metrics statements="52" coveredstatements="51" conditionals="8" coveredconditionals="8" methods="9" coveredmethods="9"/>
        <line num="1" count="13" type="stmt"/>
        <line num="2" count="13" type="stmt"/>
        <line num="5" count="13" type="stmt"/>
        <line num="12" count="53" type="stmt"/>
        <line num="18" count="53" type="stmt"/>
        <line num="19" count="53" type="stmt"/>
        <line num="20" count="53" type="stmt"/>
        <line num="24" count="34" type="stmt"/>
        <line num="25" count="34" type="cond" truecount="1" falsecount="0"/>
        <line num="26" count="9" type="stmt"/>
        <line num="31" count="9" type="stmt"/>
        <line num="34" count="25" type="stmt"/>
        <line num="37" count="25" type="cond" truecount="1" falsecount="0"/>
        <line num="39" count="8" type="stmt"/>
        <line num="41" count="16" type="cond" truecount="1" falsecount="0"/>
        <line num="42" count="14" type="stmt"/>
        <line num="43" count="22" type="stmt"/>
        <line num="44" count="22" type="stmt"/>
        <line num="45" count="22" type="stmt"/>
        <line num="46" count="22" type="stmt"/>
        <line num="51" count="7" type="stmt"/>
        <line num="54" count="7" type="cond" truecount="1" falsecount="0"/>
        <line num="55" count="4" type="stmt"/>
        <line num="56" count="4" type="stmt"/>
        <line num="59" count="3" type="stmt"/>
        <line num="63" count="17" type="stmt"/>
        <line num="67" count="7" type="stmt"/>
        <line num="68" count="7" type="cond" truecount="1" falsecount="0"/>
        <line num="69" count="3" type="stmt"/>
        <line num="74" count="3" type="stmt"/>
        <line num="77" count="4" type="stmt"/>
        <line num="80" count="4" type="cond" truecount="1" falsecount="0"/>
        <line num="82" count="1" type="stmt"/>
        <line num="84" count="2" type="cond" truecount="1" falsecount="0"/>
        <line num="85" count="2" type="stmt"/>
        <line num="86" count="2" type="stmt"/>
        <line num="87" count="2" type="stmt"/>
        <line num="88" count="2" type="stmt"/>
        <line num="89" count="2" type="stmt"/>
        <line num="94" count="1" type="stmt"/>
        <line num="97" count="1" type="cond" truecount="1" falsecount="0"/>
        <line num="98" count="1" type="stmt"/>
        <line num="99" count="1" type="stmt"/>
        <line num="102" count="0" type="stmt"/>
        <line num="106" count="3" type="stmt"/>
        <line num="112" count="11" type="stmt"/>
        <line num="118" count="9" type="stmt"/>
        <line num="122" count="10" type="stmt"/>
        <line num="123" count="10" type="stmt"/>
        <line num="124" count="10" type="stmt"/>
        <line num="128" count="13" type="stmt"/>
        <line num="129" count="33" type="stmt"/>
      </file>
      <file name="intersection.ts" path="C:\Sync\Codebox\ClaudeCode\schema-validator\src\schemas\complex\intersection.ts">
        <metrics statements="21" coveredstatements="18" conditionals="16" coveredconditionals="14" methods="4" coveredmethods="4"/>
        <line num="1" count="13" type="stmt"/>
        <line num="4" count="13" type="stmt"/>
        <line num="11" count="39" type="stmt"/>
        <line num="16" count="39" type="stmt"/>
        <line num="17" count="39" type="stmt"/>
        <line num="18" count="39" type="stmt"/>
        <line num="22" count="57" type="stmt"/>
        <line num="23" count="41" type="stmt"/>
        <line num="25" count="29" type="cond" truecount="0" falsecount="1"/>
        <line num="26" count="0" type="stmt"/>
        <line num="30" count="29" type="cond" truecount="7" falsecount="0"/>
        <line num="33" count="27" type="stmt"/>
        <line num="36" count="2" type="stmt"/>
        <line num="40" count="10" type="stmt"/>
        <line num="45" count="4" type="cond" truecount="0" falsecount="1"/>
        <line num="46" count="0" type="stmt"/>
        <line num="50" count="4" type="cond" truecount="7" falsecount="0"/>
        <line num="53" count="4" type="stmt"/>
        <line num="56" count="0" type="stmt"/>
        <line num="60" count="13" type="stmt"/>
        <line num="64" count="39" type="stmt"/>
      </file>
      <file name="lazy.ts" path="C:\Sync\Codebox\ClaudeCode\schema-validator\src\schemas\complex\lazy.ts">
        <metrics statements="12" coveredstatements="12" conditionals="1" coveredconditionals="1" methods="5" coveredmethods="5"/>
        <line num="1" count="12" type="stmt"/>
        <line num="4" count="12" type="stmt"/>
        <line num="5" count="9" type="stmt"/>
        <line num="10" count="9" type="stmt"/>
        <line num="11" count="9" type="stmt"/>
        <line num="15" count="14" type="cond" truecount="1" falsecount="0"/>
        <line num="16" count="8" type="stmt"/>
        <line num="18" count="14" type="stmt"/>
        <line num="22" count="12" type="stmt"/>
        <line num="26" count="2" type="stmt"/>
        <line num="30" count="12" type="stmt"/>
        <line num="31" count="9" type="stmt"/>
      </file>
      <file name="map.ts" path="C:\Sync\Codebox\ClaudeCode\schema-validator\src\schemas\complex\map.ts">
        <metrics statements="52" coveredstatements="51" conditionals="6" coveredconditionals="5" methods="6" coveredmethods="6"/>
        <line num="1" count="13" type="stmt"/>
        <line num="2" count="13" type="stmt"/>
        <line num="5" count="13" type="stmt"/>
        <line num="6" count="22" type="stmt"/>
        <line num="11" count="22" type="stmt"/>
        <line num="12" count="22" type="stmt"/>
        <line num="13" count="22" type="stmt"/>
        <line num="17" count="34" type="stmt"/>
        <line num="18" count="34" type="cond" truecount="1" falsecount="0"/>
        <line num="19" count="8" type="stmt"/>
        <line num="24" count="8" type="stmt"/>
        <line num="27" count="26" type="stmt"/>
        <line num="28" count="26" type="stmt"/>
        <line num="30" count="26" type="stmt"/>
        <line num="31" count="26" type="stmt"/>
        <line num="32" count="1044" type="stmt"/>
        <line num="33" count="1044" type="stmt"/>
        <line num="35" count="1044" type="stmt"/>
        <line num="36" count="1044" type="stmt"/>
        <line num="37" count="1039" type="stmt"/>
        <line num="38" count="1033" type="stmt"/>
        <line num="40" count="11" type="cond" truecount="1" falsecount="0"/>
        <line num="41" count="11" type="stmt"/>
        <line num="44" count="1033" type="stmt"/>
        <line num="47" count="15" type="cond" truecount="0" falsecount="1"/>
        <line num="48" count="0" type="stmt"/>
        <line num="51" count="15" type="stmt"/>
        <line num="55" count="19" type="stmt"/>
        <line num="56" count="19" type="cond" truecount="1" falsecount="0"/>
        <line num="57" count="3" type="stmt"/>
        <line num="62" count="3" type="stmt"/>
        <line num="65" count="16" type="stmt"/>
        <line num="66" count="16" type="stmt"/>
        <line num="67" count="16" type="stmt"/>
        <line num="69" count="16" type="stmt"/>
        <line num="70" count="16" type="stmt"/>
        <line num="71" count="19" type="stmt"/>
        <line num="72" count="19" type="stmt"/>
        <line num="74" count="19" type="stmt"/>
        <line num="80" count="19" type="stmt"/>
        <line num="83" count="16" type="stmt"/>
        <line num="84" count="16" type="stmt"/>
        <line num="85" count="19" type="cond" truecount="1" falsecount="0"/>
        <line num="86" count="17" type="stmt"/>
        <line num="87" count="17" type="stmt"/>
        <line num="91" count="16" type="cond" truecount="1" falsecount="0"/>
        <line num="92" count="2" type="stmt"/>
        <line num="95" count="14" type="stmt"/>
        <line num="99" count="2" type="stmt"/>
        <line num="103" count="2" type="stmt"/>
        <line num="107" count="13" type="stmt"/>
        <line num="111" count="22" type="stmt"/>
      </file>
      <file name="object.ts" path="C:\Sync\Codebox\ClaudeCode\schema-validator\src\schemas\complex\object.ts">
        <metrics statements="199" coveredstatements="167" conditionals="77" coveredconditionals="58" methods="25" coveredmethods="20"/>
        <line num="1" count="23" type="stmt"/>
        <line num="2" count="23" type="stmt"/>
        <line num="44" count="23" type="stmt"/>
        <line num="45" count="422" type="stmt"/>
        <line num="48" count="422" type="stmt"/>
        <line num="52" count="422" type="stmt"/>
        <line num="53" count="422" type="stmt"/>
        <line num="55" count="422" type="cond" truecount="1" falsecount="1"/>
        <line num="56" count="0" type="stmt"/>
        <line num="57" count="422" type="cond" truecount="1" falsecount="1"/>
        <line num="58" count="0" type="stmt"/>
        <line num="59" count="422" type="cond" truecount="1" falsecount="0"/>
        <line num="60" count="422" type="stmt"/>
        <line num="65" count="344" type="stmt"/>
        <line num="66" count="344" type="cond" truecount="1" falsecount="0"/>
        <line num="67" count="12" type="stmt"/>
        <line num="72" count="12" type="stmt"/>
        <line num="75" count="332" type="stmt"/>
        <line num="76" count="332" type="stmt"/>
        <line num="77" count="332" type="stmt"/>
        <line num="80" count="332" type="stmt"/>
        <line num="81" count="764" type="stmt"/>
        <line num="82" count="764" type="stmt"/>
        <line num="84" count="764" type="stmt"/>
        <line num="86" count="764" type="stmt"/>
        <line num="89" count="764" type="cond" truecount="1" falsecount="1"/>
        <line num="93" count="764" type="cond" truecount="4" falsecount="1"/>
        <line num="95" count="43" type="cond" truecount="0" falsecount="1"/>
        <line num="96" count="0" type="stmt"/>
        <line num="98" count="43" type="stmt"/>
        <line num="102" count="721" type="stmt"/>
        <line num="105" count="571" type="cond" truecount="2" falsecount="1"/>
        <line num="106" count="571" type="stmt"/>
        <line num="115" count="332" type="stmt"/>
        <line num="116" count="332" type="stmt"/>
        <line num="117" count="888" type="cond" truecount="1" falsecount="0"/>
        <line num="118" count="213" type="stmt"/>
        <line num="122" count="332" type="cond" truecount="1" falsecount="0"/>
        <line num="123" count="92" type="cond" truecount="2" falsecount="0"/>
        <line num="124" count="5" type="stmt"/>
        <line num="129" count="87" type="cond" truecount="2" falsecount="0"/>
        <line num="130" count="4" type="stmt"/>
        <line num="131" count="6" type="stmt"/>
        <line num="133" count="83" type="cond" truecount="1" falsecount="0"/>
        <line num="134" count="4" type="stmt"/>
        <line num="135" count="6" type="stmt"/>
        <line num="136" count="6" type="stmt"/>
        <line num="137" count="6" type="stmt"/>
        <line num="138" count="4" type="stmt"/>
        <line num="147" count="332" type="cond" truecount="1" falsecount="0"/>
        <line num="148" count="98" type="stmt"/>
        <line num="152" count="234" type="cond" truecount="3" falsecount="0"/>
        <line num="153" count="2" type="stmt"/>
        <line num="154" count="2" type="stmt"/>
        <line num="156" count="2" type="cond" truecount="1" falsecount="2"/>
        <line num="159" count="0" type="stmt"/>
        <line num="161" count="2" type="cond" truecount="1" falsecount="0"/>
        <line num="162" count="1" type="stmt"/>
        <line num="167" count="233" type="stmt"/>
        <line num="171" count="36" type="stmt"/>
        <line num="172" count="36" type="cond" truecount="0" falsecount="1"/>
        <line num="173" count="0" type="stmt"/>
        <line num="178" count="0" type="stmt"/>
        <line num="181" count="36" type="stmt"/>
        <line num="182" count="36" type="stmt"/>
        <line num="183" count="36" type="stmt"/>
        <line num="184" count="36" type="stmt"/>
        <line num="187" count="36" type="stmt"/>
        <line num="188" count="45" type="stmt"/>
        <line num="189" count="45" type="stmt"/>
        <line num="191" count="45" type="stmt"/>
        <line num="193" count="45" type="stmt"/>
        <line num="195" count="45" type="stmt"/>
        <line num="198" count="45" type="cond" truecount="1" falsecount="1"/>
        <line num="202" count="45" type="stmt"/>
        <line num="205" count="34" type="cond" truecount="2" falsecount="1"/>
        <line num="206" count="34" type="stmt"/>
        <line num="208" count="0" type="stmt"/>
        <line num="211" count="11" type="stmt"/>
        <line num="217" count="36" type="stmt"/>
        <line num="218" count="36" type="stmt"/>
        <line num="219" count="45" type="stmt"/>
        <line num="220" count="45" type="cond" truecount="4" falsecount="0"/>
        <line num="221" count="34" type="stmt"/>
        <line num="222" count="34" type="stmt"/>
        <line num="227" count="36" type="stmt"/>
        <line num="228" count="36" type="stmt"/>
        <line num="229" count="181" type="cond" truecount="1" falsecount="0"/>
        <line num="230" count="139" type="stmt"/>
        <line num="234" count="36" type="cond" truecount="1" falsecount="0"/>
        <line num="235" count="28" type="cond" truecount="2" falsecount="0"/>
        <line num="236" count="2" type="stmt"/>
        <line num="241" count="26" type="cond" truecount="2" falsecount="0"/>
        <line num="242" count="2" type="stmt"/>
        <line num="243" count="102" type="stmt"/>
        <line num="245" count="24" type="cond" truecount="1" falsecount="0"/>
        <line num="246" count="6" type="stmt"/>
        <line num="247" count="11" type="stmt"/>
        <line num="248" count="11" type="stmt"/>
        <line num="249" count="11" type="stmt"/>
        <line num="250" count="6" type="stmt"/>
        <line num="252" count="5" type="stmt"/>
        <line num="256" count="6" type="stmt"/>
        <line num="257" count="6" type="stmt"/>
        <line num="258" count="11" type="cond" truecount="3" falsecount="0"/>
        <line num="259" count="6" type="stmt"/>
        <line num="260" count="6" type="stmt"/>
        <line num="266" count="36" type="cond" truecount="1" falsecount="0"/>
        <line num="267" count="19" type="stmt"/>
        <line num="271" count="17" type="cond" truecount="2" falsecount="1"/>
        <line num="272" count="0" type="stmt"/>
        <line num="273" count="0" type="stmt"/>
        <line num="274" count="0" type="cond" truecount="0" falsecount="1"/>
        <line num="275" count="0" type="stmt"/>
        <line num="280" count="17" type="stmt"/>
        <line num="289" count="7" type="stmt"/>
        <line num="290" count="7" type="stmt"/>
        <line num="291" count="7" type="stmt"/>
        <line num="298" count="7" type="stmt"/>
        <line num="299" count="7" type="stmt"/>
        <line num="300" count="7" type="stmt"/>
        <line num="307" count="2" type="stmt"/>
        <line num="308" count="2" type="stmt"/>
        <line num="309" count="2" type="stmt"/>
        <line num="316" count="7" type="stmt"/>
        <line num="317" count="7" type="stmt"/>
        <line num="318" count="7" type="stmt"/>
        <line num="325" count="4" type="stmt"/>
        <line num="326" count="4" type="stmt"/>
        <line num="327" count="8" type="cond" truecount="1" falsecount="0"/>
        <line num="328" count="8" type="stmt"/>
        <line num="331" count="4" type="stmt"/>
        <line num="338" count="4" type="stmt"/>
        <line num="339" count="4" type="stmt"/>
        <line num="340" count="4" type="stmt"/>
        <line num="341" count="12" type="cond" truecount="1" falsecount="0"/>
        <line num="342" count="8" type="stmt"/>
        <line num="345" count="4" type="stmt"/>
        <line num="352" count="5" type="cond" truecount="2" falsecount="0"/>
        <line num="354" count="4" type="stmt"/>
        <line num="355" count="4" type="stmt"/>
        <line num="356" count="8" type="stmt"/>
        <line num="358" count="4" type="stmt"/>
        <line num="361" count="1" type="stmt"/>
        <line num="362" count="1" type="stmt"/>
        <line num="363" count="1" type="stmt"/>
        <line num="364" count="3" type="cond" truecount="2" falsecount="0"/>
        <line num="365" count="2" type="stmt"/>
        <line num="367" count="1" type="stmt"/>
        <line num="370" count="1" type="stmt"/>
        <line num="378" count="4" type="cond" truecount="2" falsecount="0"/>
        <line num="380" count="3" type="stmt"/>
        <line num="381" count="3" type="stmt"/>
        <line num="383" count="6" type="stmt"/>
        <line num="385" count="3" type="stmt"/>
        <line num="388" count="1" type="stmt"/>
        <line num="389" count="1" type="stmt"/>
        <line num="390" count="1" type="stmt"/>
        <line num="391" count="3" type="cond" truecount="2" falsecount="0"/>
        <line num="393" count="1" type="stmt"/>
        <line num="395" count="2" type="stmt"/>
        <line num="398" count="1" type="stmt"/>
        <line num="406" count="4" type="stmt"/>
        <line num="407" count="4" type="stmt"/>
        <line num="414" count="4" type="stmt"/>
        <line num="415" count="4" type="stmt"/>
        <line num="424" count="2" type="stmt"/>
        <line num="429" count="8" type="cond" truecount="3" falsecount="0"/>
        <line num="430" count="6" type="stmt"/>
        <line num="432" count="2" type="stmt"/>
        <line num="435" count="0" type="stmt"/>
        <line num="446" count="1" type="stmt"/>
        <line num="447" count="1" type="stmt"/>
        <line num="450" count="2" type="stmt"/>
        <line num="452" count="1" type="stmt"/>
        <line num="459" count="133" type="stmt"/>
        <line num="466" count="0" type="stmt"/>
        <line num="473" count="23" type="stmt"/>
        <line num="474" count="396" type="stmt"/>
        <line num="480" count="23" type="stmt"/>
        <line num="484" count="0" type="stmt"/>
        <line num="489" count="0" type="cond" truecount="0" falsecount="3"/>
        <line num="490" count="0" type="stmt"/>
        <line num="493" count="0" type="stmt"/>
        <line num="494" count="0" type="stmt"/>
        <line num="496" count="0" type="stmt"/>
        <line num="497" count="0" type="stmt"/>
        <line num="498" count="0" type="stmt"/>
        <line num="499" count="0" type="stmt"/>
        <line num="502" count="0" type="stmt"/>
        <line num="505" count="0" type="cond" truecount="0" falsecount="3"/>
        <line num="506" count="0" type="stmt"/>
        <line num="509" count="0" type="stmt"/>
        <line num="510" count="0" type="stmt"/>
        <line num="512" count="0" type="stmt"/>
        <line num="513" count="0" type="stmt"/>
        <line num="514" count="0" type="stmt"/>
        <line num="515" count="0" type="stmt"/>
        <line num="518" count="0" type="stmt"/>
      </file>
      <file name="pipeline.ts" path="C:\Sync\Codebox\ClaudeCode\schema-validator\src\schemas\complex\pipeline.ts">
        <metrics statements="20" coveredstatements="20" conditionals="2" coveredconditionals="2" methods="5" coveredmethods="5"/>
        <line num="1" count="13" type="stmt"/>
        <line num="7" count="13" type="stmt"/>
        <line num="13" count="24" type="stmt"/>
        <line num="17" count="24" type="stmt"/>
        <line num="18" count="24" type="stmt"/>
        <line num="22" count="23" type="stmt"/>
        <line num="24" count="23" type="stmt"/>
        <line num="25" count="75" type="stmt"/>
        <line num="27" count="66" type="cond" truecount="1" falsecount="0"/>
        <line num="28" count="1" type="stmt"/>
        <line num="32" count="13" type="stmt"/>
        <line num="36" count="12" type="stmt"/>
        <line num="38" count="12" type="stmt"/>
        <line num="39" count="31" type="stmt"/>
        <line num="41" count="26" type="cond" truecount="1" falsecount="0"/>
        <line num="42" count="1" type="stmt"/>
        <line num="46" count="6" type="stmt"/>
        <line num="50" count="6" type="stmt"/>
        <line num="54" count="13" type="stmt"/>
        <line num="57" count="24" type="stmt"/>
      </file>
      <file name="preprocess.ts" path="C:\Sync\Codebox\ClaudeCode\schema-validator\src\schemas\complex\preprocess.ts">
        <metrics statements="18" coveredstatements="18" conditionals="4" coveredconditionals="3" methods="4" coveredmethods="4"/>
        <line num="1" count="14" type="stmt"/>
        <line num="4" count="14" type="stmt"/>
        <line num="5" count="38" type="stmt"/>
        <line num="13" count="38" type="stmt"/>
        <line num="14" count="38" type="stmt"/>
        <line num="15" count="38" type="stmt"/>
        <line num="21" count="74" type="stmt"/>
        <line num="22" count="74" type="stmt"/>
        <line num="24" count="7" type="stmt"/>
        <line num="28" count="7" type="stmt"/>
        <line num="31" count="67" type="stmt"/>
        <line num="37" count="7" type="stmt"/>
        <line num="38" count="7" type="stmt"/>
        <line num="40" count="1" type="stmt"/>
        <line num="44" count="1" type="stmt"/>
        <line num="47" count="6" type="stmt"/>
        <line num="51" count="14" type="stmt"/>
        <line num="55" count="38" type="stmt"/>
      </file>
      <file name="promise.ts" path="C:\Sync\Codebox\ClaudeCode\schema-validator\src\schemas\complex\promise.ts">
        <metrics statements="21" coveredstatements="21" conditionals="2" coveredconditionals="2" methods="7" coveredmethods="7"/>
        <line num="1" count="13" type="stmt"/>
        <line num="2" count="13" type="stmt"/>
        <line num="5" count="13" type="stmt"/>
        <line num="6" count="24" type="stmt"/>
        <line num="10" count="24" type="stmt"/>
        <line num="11" count="24" type="stmt"/>
        <line num="15" count="48" type="stmt"/>
        <line num="16" count="48" type="cond" truecount="1" falsecount="0"/>
        <line num="17" count="9" type="stmt"/>
        <line num="22" count="9" type="stmt"/>
        <line num="25" count="39" type="stmt"/>
        <line num="26" count="37" type="stmt"/>
        <line num="31" count="6" type="stmt"/>
        <line num="32" count="6" type="cond" truecount="1" falsecount="0"/>
        <line num="33" count="2" type="stmt"/>
        <line num="38" count="2" type="stmt"/>
        <line num="42" count="4" type="stmt"/>
        <line num="43" count="4" type="stmt"/>
        <line num="48" count="2" type="stmt"/>
        <line num="52" count="13" type="stmt"/>
        <line num="53" count="24" type="stmt"/>
      </file>
      <file name="record.ts" path="C:\Sync\Codebox\ClaudeCode\schema-validator\src\schemas\complex\record.ts">
        <metrics statements="54" coveredstatements="52" conditionals="12" coveredconditionals="11" methods="5" coveredmethods="5"/>
        <line num="1" count="13" type="stmt"/>
        <line num="2" count="13" type="stmt"/>
        <line num="5" count="13" type="stmt"/>
        <line num="9" count="27" type="stmt"/>
        <line num="14" count="27" type="stmt"/>
        <line num="15" count="27" type="stmt"/>
        <line num="16" count="27" type="stmt"/>
        <line num="20" count="40" type="stmt"/>
        <line num="21" count="40" type="cond" truecount="1" falsecount="0"/>
        <line num="22" count="6" type="stmt"/>
        <line num="27" count="6" type="stmt"/>
        <line num="30" count="34" type="stmt"/>
        <line num="31" count="34" type="stmt"/>
        <line num="33" count="34" type="stmt"/>
        <line num="34" count="1067" type="cond" truecount="1" falsecount="0"/>
        <line num="36" count="1066" type="stmt"/>
        <line num="37" count="1066" type="cond" truecount="1" falsecount="0"/>
        <line num="38" count="7" type="stmt"/>
        <line num="42" count="7" type="stmt"/>
        <line num="46" count="1059" type="stmt"/>
        <line num="47" count="1059" type="cond" truecount="2" falsecount="0"/>
        <line num="48" count="7" type="stmt"/>
        <line num="49" count="7" type="stmt"/>
        <line num="50" count="7" type="stmt"/>
        <line num="53" count="1052" type="stmt"/>
        <line num="58" count="34" type="cond" truecount="1" falsecount="0"/>
        <line num="59" count="12" type="stmt"/>
        <line num="62" count="22" type="stmt"/>
        <line num="66" count="16" type="stmt"/>
        <line num="67" count="16" type="cond" truecount="1" falsecount="0"/>
        <line num="68" count="3" type="stmt"/>
        <line num="73" count="3" type="stmt"/>
        <line num="76" count="13" type="stmt"/>
        <line num="77" count="13" type="stmt"/>
        <line num="78" count="13" type="stmt"/>
        <line num="80" count="13" type="stmt"/>
        <line num="81" count="15" type="cond" truecount="1" falsecount="0"/>
        <line num="82" count="15" type="stmt"/>
        <line num="85" count="15" type="stmt"/>
        <line num="86" count="15" type="cond" truecount="0" falsecount="1"/>
        <line num="87" count="0" type="stmt"/>
        <line num="91" count="0" type="stmt"/>
        <line num="95" count="15" type="stmt"/>
        <line num="96" count="15" type="cond" truecount="2" falsecount="0"/>
        <line num="97" count="1" type="stmt"/>
        <line num="98" count="1" type="stmt"/>
        <line num="99" count="1" type="stmt"/>
        <line num="102" count="14" type="stmt"/>
        <line num="109" count="13" type="stmt"/>
        <line num="111" count="13" type="cond" truecount="1" falsecount="0"/>
        <line num="112" count="1" type="stmt"/>
        <line num="115" count="12" type="stmt"/>
        <line num="119" count="13" type="stmt"/>
        <line num="123" count="27" type="stmt"/>
      </file>
      <file name="set.ts" path="C:\Sync\Codebox\ClaudeCode\schema-validator\src\schemas\complex\set.ts">
        <metrics statements="46" coveredstatements="45" conditionals="6" coveredconditionals="5" methods="5" coveredmethods="5"/>
        <line num="1" count="13" type="stmt"/>
        <line num="2" count="13" type="stmt"/>
        <line num="5" count="13" type="stmt"/>
        <line num="6" count="22" type="stmt"/>
        <line num="10" count="22" type="stmt"/>
        <line num="11" count="22" type="stmt"/>
        <line num="15" count="36" type="stmt"/>
        <line num="16" count="36" type="cond" truecount="1" falsecount="0"/>
        <line num="17" count="8" type="stmt"/>
        <line num="22" count="8" type="stmt"/>
        <line num="25" count="28" type="stmt"/>
        <line num="26" count="28" type="stmt"/>
        <line num="28" count="28" type="stmt"/>
        <line num="29" count="28" type="stmt"/>
        <line num="30" count="1059" type="stmt"/>
        <line num="32" count="1059" type="stmt"/>
        <line num="33" count="1059" type="stmt"/>
        <line num="34" count="1048" type="stmt"/>
        <line num="36" count="11" type="cond" truecount="1" falsecount="0"/>
        <line num="37" count="11" type="stmt"/>
        <line num="40" count="1048" type="stmt"/>
        <line num="43" count="17" type="cond" truecount="0" falsecount="1"/>
        <line num="44" count="0" type="stmt"/>
        <line num="47" count="17" type="stmt"/>
        <line num="51" count="19" type="stmt"/>
        <line num="52" count="19" type="cond" truecount="1" falsecount="0"/>
        <line num="53" count="3" type="stmt"/>
        <line num="58" count="3" type="stmt"/>
        <line num="61" count="16" type="stmt"/>
        <line num="62" count="16" type="stmt"/>
        <line num="63" count="16" type="stmt"/>
        <line num="65" count="16" type="stmt"/>
        <line num="66" count="16" type="stmt"/>
        <line num="67" count="44" type="stmt"/>
        <line num="68" count="44" type="stmt"/>
        <line num="69" count="44" type="stmt"/>
        <line num="72" count="16" type="stmt"/>
        <line num="73" count="16" type="stmt"/>
        <line num="74" count="44" type="cond" truecount="1" falsecount="0"/>
        <line num="75" count="40" type="stmt"/>
        <line num="79" count="16" type="cond" truecount="1" falsecount="0"/>
        <line num="80" count="2" type="stmt"/>
        <line num="83" count="14" type="stmt"/>
        <line num="87" count="2" type="stmt"/>
        <line num="91" count="13" type="stmt"/>
        <line num="92" count="22" type="stmt"/>
      </file>
      <file name="tuple.ts" path="C:\Sync\Codebox\ClaudeCode\schema-validator\src\schemas\complex\tuple.ts">
        <metrics statements="72" coveredstatements="69" conditionals="26" coveredconditionals="23" methods="6" coveredmethods="6"/>
        <line num="1" count="13" type="stmt"/>
        <line num="2" count="13" type="stmt"/>
        <line num="16" count="13" type="stmt"/>
        <line num="20" count="32" type="stmt"/>
        <line num="25" count="32" type="stmt"/>
        <line num="26" count="32" type="stmt"/>
        <line num="27" count="32" type="stmt"/>
        <line num="31" count="55" type="stmt"/>
        <line num="32" count="55" type="cond" truecount="1" falsecount="0"/>
        <line num="33" count="6" type="stmt"/>
        <line num="38" count="6" type="stmt"/>
        <line num="41" count="49" type="stmt"/>
        <line num="42" count="49" type="stmt"/>
        <line num="44" count="49" type="cond" truecount="2" falsecount="0"/>
        <line num="45" count="38" type="cond" truecount="1" falsecount="0"/>
        <line num="46" count="10" type="stmt"/>
        <line num="57" count="11" type="cond" truecount="0" falsecount="1"/>
        <line num="58" count="0" type="stmt"/>
        <line num="70" count="49" type="stmt"/>
        <line num="71" count="182" type="stmt"/>
        <line num="72" count="182" type="stmt"/>
        <line num="73" count="182" type="stmt"/>
        <line num="75" count="182" type="stmt"/>
        <line num="76" count="182" type="stmt"/>
        <line num="77" count="157" type="stmt"/>
        <line num="79" count="25" type="cond" truecount="1" falsecount="0"/>
        <line num="80" count="25" type="stmt"/>
        <line num="85" count="24" type="cond" truecount="1" falsecount="0"/>
        <line num="86" count="9" type="stmt"/>
        <line num="87" count="15" type="stmt"/>
        <line num="88" count="15" type="stmt"/>
        <line num="90" count="15" type="stmt"/>
        <line num="91" count="15" type="stmt"/>
        <line num="92" count="13" type="stmt"/>
        <line num="94" count="2" type="cond" truecount="1" falsecount="0"/>
        <line num="95" count="2" type="stmt"/>
        <line num="101" count="22" type="cond" truecount="0" falsecount="1"/>
        <line num="102" count="0" type="stmt"/>
        <line num="105" count="22" type="stmt"/>
        <line num="109" count="12" type="stmt"/>
        <line num="110" count="12" type="cond" truecount="1" falsecount="0"/>
        <line num="111" count="2" type="stmt"/>
        <line num="116" count="2" type="stmt"/>
        <line num="119" count="10" type="stmt"/>
        <line num="120" count="10" type="stmt"/>
        <line num="122" count="10" type="cond" truecount="2" falsecount="0"/>
        <line num="123" count="7" type="cond" truecount="1" falsecount="0"/>
        <line num="124" count="2" type="stmt"/>
        <line num="135" count="3" type="cond" truecount="0" falsecount="1"/>
        <line num="136" count="0" type="stmt"/>
        <line num="148" count="10" type="stmt"/>
        <line num="150" count="10" type="stmt"/>
        <line num="151" count="17" type="stmt"/>
        <line num="152" count="17" type="stmt"/>
        <line num="153" count="17" type="stmt"/>
        <line num="154" count="17" type="stmt"/>
        <line num="157" count="10" type="cond" truecount="1" falsecount="0"/>
        <line num="158" count="3" type="stmt"/>
        <line num="159" count="4" type="stmt"/>
        <line num="160" count="4" type="stmt"/>
        <line num="161" count="4" type="stmt"/>
        <line num="165" count="10" type="stmt"/>
        <line num="166" count="10" type="stmt"/>
        <line num="167" count="21" type="cond" truecount="1" falsecount="0"/>
        <line num="168" count="13" type="stmt"/>
        <line num="172" count="10" type="cond" truecount="1" falsecount="0"/>
        <line num="173" count="5" type="stmt"/>
        <line num="176" count="5" type="stmt"/>
        <line num="180" count="5" type="stmt"/>
        <line num="184" count="1" type="stmt"/>
        <line num="188" count="13" type="stmt"/>
        <line num="191" count="27" type="stmt"/>
      </file>
      <file name="union.ts" path="C:\Sync\Codebox\ClaudeCode\schema-validator\src\schemas\complex\union.ts">
        <metrics statements="25" coveredstatements="25" conditionals="4" coveredconditionals="4" methods="5" coveredmethods="5"/>
        <line num="1" count="17" type="stmt"/>
        <line num="2" count="17" type="stmt"/>
        <line num="5" count="17" type="stmt"/>
        <line num="9" count="42" type="stmt"/>
        <line num="13" count="42" type="stmt"/>
        <line num="14" count="42" type="stmt"/>
        <line num="18" count="96" type="stmt"/>
        <line num="20" count="96" type="stmt"/>
        <line num="21" count="192" type="stmt"/>
        <line num="22" count="192" type="cond" truecount="2" falsecount="0"/>
        <line num="23" count="68" type="stmt"/>
        <line num="25" count="124" type="stmt"/>
        <line num="32" count="28" type="stmt"/>
        <line num="39" count="28" type="stmt"/>
        <line num="43" count="6" type="stmt"/>
        <line num="45" count="6" type="stmt"/>
        <line num="46" count="11" type="stmt"/>
        <line num="47" count="11" type="cond" truecount="2" falsecount="0"/>
        <line num="48" count="2" type="stmt"/>
        <line num="50" count="9" type="stmt"/>
        <line num="57" count="4" type="stmt"/>
        <line num="64" count="4" type="stmt"/>
        <line num="68" count="1" type="stmt"/>
        <line num="72" count="17" type="stmt"/>
        <line num="75" count="42" type="stmt"/>
      </file>
    </package>
    <package name="schemas.primitives">
      <metrics statements="473" coveredstatements="442" conditionals="175" coveredconditionals="153" methods="98" coveredmethods="90"/>
      <file name="any.ts" path="C:\Sync\Codebox\ClaudeCode\schema-validator\src\schemas\primitives\any.ts">
        <metrics statements="7" coveredstatements="6" conditionals="0" coveredconditionals="0" methods="3" coveredmethods="2"/>
        <line num="1" count="12" type="stmt"/>
        <line num="4" count="12" type="stmt"/>
        <line num="5" count="1" type="stmt"/>
        <line num="8" count="2" type="stmt"/>
        <line num="12" count="0" type="stmt"/>
        <line num="16" count="12" type="stmt"/>
        <line num="17" count="1" type="stmt"/>
      </file>
      <file name="bigint.ts" path="C:\Sync\Codebox\ClaudeCode\schema-validator\src\schemas\primitives\bigint.ts">
        <metrics statements="74" coveredstatements="62" conditionals="38" coveredconditionals="31" methods="11" coveredmethods="10"/>
        <line num="1" count="12" type="stmt"/>
        <line num="2" count="12" type="stmt"/>
        <line num="12" count="12" type="stmt"/>
        <line num="13" count="13" type="stmt"/>
        <line num="14" count="13" type="stmt"/>
        <line num="18" count="13" type="stmt"/>
        <line num="19" count="13" type="cond" truecount="2" falsecount="0"/>
        <line num="23" count="30" type="cond" truecount="1" falsecount="0"/>
        <line num="24" count="4" type="cond" truecount="3" falsecount="1"/>
        <line num="25" count="4" type="stmt"/>
        <line num="26" count="4" type="stmt"/>
        <line num="28" count="0" type="stmt"/>
        <line num="33" count="0" type="stmt"/>
        <line num="38" count="30" type="stmt"/>
        <line num="39" count="30" type="cond" truecount="1" falsecount="0"/>
        <line num="40" count="2" type="stmt"/>
        <line num="45" count="2" type="stmt"/>
        <line num="48" count="28" type="stmt"/>
        <line num="50" count="28" type="stmt"/>
        <line num="51" count="22" type="cond" truecount="6" falsecount="1"/>
        <line num="53" count="5" type="cond" truecount="1" falsecount="1"/>
        <line num="54" count="5" type="cond" truecount="1" falsecount="0"/>
        <line num="55" count="2" type="stmt"/>
        <line num="66" count="0" type="cond" truecount="0" falsecount="1"/>
        <line num="67" count="0" type="stmt"/>
        <line num="78" count="5" type="stmt"/>
        <line num="81" count="5" type="cond" truecount="1" falsecount="1"/>
        <line num="82" count="5" type="cond" truecount="1" falsecount="0"/>
        <line num="83" count="2" type="stmt"/>
        <line num="94" count="0" type="cond" truecount="0" falsecount="1"/>
        <line num="95" count="0" type="stmt"/>
        <line num="106" count="5" type="stmt"/>
        <line num="109" count="3" type="cond" truecount="1" falsecount="0"/>
        <line num="110" count="2" type="stmt"/>
        <line num="120" count="3" type="stmt"/>
        <line num="123" count="3" type="cond" truecount="1" falsecount="0"/>
        <line num="124" count="2" type="stmt"/>
        <line num="134" count="3" type="stmt"/>
        <line num="137" count="3" type="cond" truecount="1" falsecount="0"/>
        <line num="138" count="1" type="stmt"/>
        <line num="148" count="3" type="stmt"/>
        <line num="151" count="3" type="cond" truecount="1" falsecount="0"/>
        <line num="152" count="1" type="stmt"/>
        <line num="162" count="3" type="stmt"/>
        <line num="165" count="0" type="cond" truecount="0" falsecount="1"/>
        <line num="166" count="0" type="stmt"/>
        <line num="174" count="0" type="stmt"/>
        <line num="178" count="28" type="cond" truecount="1" falsecount="0"/>
        <line num="179" count="10" type="stmt"/>
        <line num="182" count="18" type="stmt"/>
        <line num="186" count="1" type="stmt"/>
        <line num="190" count="2" type="stmt"/>
        <line num="191" count="2" type="stmt"/>
        <line num="197" count="2" type="stmt"/>
        <line num="201" count="2" type="stmt"/>
        <line num="202" count="2" type="stmt"/>
        <line num="208" count="2" type="stmt"/>
        <line num="212" count="1" type="stmt"/>
        <line num="213" count="1" type="stmt"/>
        <line num="214" count="1" type="stmt"/>
        <line num="218" count="1" type="stmt"/>
        <line num="219" count="1" type="stmt"/>
        <line num="220" count="1" type="stmt"/>
        <line num="224" count="1" type="stmt"/>
        <line num="225" count="1" type="stmt"/>
        <line num="226" count="1" type="stmt"/>
        <line num="230" count="1" type="stmt"/>
        <line num="231" count="1" type="stmt"/>
        <line num="232" count="1" type="stmt"/>
        <line num="236" count="0" type="stmt"/>
        <line num="237" count="0" type="stmt"/>
        <line num="238" count="0" type="stmt"/>
        <line num="242" count="12" type="stmt"/>
        <line num="243" count="13" type="stmt"/>
      </file>
      <file name="boolean.ts" path="C:\Sync\Codebox\ClaudeCode\schema-validator\src\schemas\primitives\boolean.ts">
        <metrics statements="16" coveredstatements="16" conditionals="5" coveredconditionals="5" methods="4" coveredmethods="4"/>
        <line num="1" count="25" type="stmt"/>
        <line num="2" count="25" type="stmt"/>
        <line num="5" count="25" type="stmt"/>
        <line num="6" count="67" type="stmt"/>
        <line num="10" count="67" type="stmt"/>
        <line num="11" count="67" type="cond" truecount="2" falsecount="0"/>
        <line num="15" count="120" type="cond" truecount="1" falsecount="0"/>
        <line num="16" count="4" type="stmt"/>
        <line num="19" count="120" type="stmt"/>
        <line num="20" count="120" type="cond" truecount="1" falsecount="0"/>
        <line num="21" count="35" type="stmt"/>
        <line num="27" count="35" type="stmt"/>
        <line num="30" count="85" type="stmt"/>
        <line num="34" count="3" type="stmt"/>
        <line num="38" count="25" type="stmt"/>
        <line num="39" count="67" type="stmt"/>
      </file>
      <file name="date.ts" path="C:\Sync\Codebox\ClaudeCode\schema-validator\src\schemas\primitives\date.ts">
        <metrics statements="46" coveredstatements="41" conditionals="24" coveredconditionals="17" methods="6" coveredmethods="5"/>
        <line num="1" count="12" type="stmt"/>
        <line num="2" count="12" type="stmt"/>
        <line num="12" count="12" type="stmt"/>
        <line num="13" count="9" type="stmt"/>
        <line num="14" count="9" type="stmt"/>
        <line num="18" count="9" type="stmt"/>
        <line num="19" count="9" type="cond" truecount="2" falsecount="0"/>
        <line num="23" count="15" type="cond" truecount="1" falsecount="0"/>
        <line num="24" count="1" type="cond" truecount="2" falsecount="1"/>
        <line num="25" count="1" type="stmt"/>
        <line num="29" count="15" type="stmt"/>
        <line num="30" count="15" type="cond" truecount="1" falsecount="0"/>
        <line num="31" count="2" type="stmt"/>
        <line num="36" count="2" type="stmt"/>
        <line num="39" count="13" type="stmt"/>
        <line num="41" count="13" type="cond" truecount="1" falsecount="0"/>
        <line num="42" count="1" type="stmt"/>
        <line num="46" count="1" type="stmt"/>
        <line num="49" count="12" type="stmt"/>
        <line num="50" count="7" type="cond" truecount="2" falsecount="0"/>
        <line num="52" count="2" type="cond" truecount="1" falsecount="1"/>
        <line num="53" count="2" type="cond" truecount="1" falsecount="0"/>
        <line num="54" count="1" type="stmt"/>
        <line num="65" count="0" type="cond" truecount="0" falsecount="1"/>
        <line num="66" count="0" type="stmt"/>
        <line num="77" count="2" type="stmt"/>
        <line num="80" count="2" type="cond" truecount="1" falsecount="1"/>
        <line num="81" count="2" type="cond" truecount="1" falsecount="0"/>
        <line num="82" count="1" type="stmt"/>
        <line num="93" count="0" type="cond" truecount="0" falsecount="1"/>
        <line num="94" count="0" type="stmt"/>
        <line num="105" count="2" type="stmt"/>
        <line num="109" count="12" type="cond" truecount="1" falsecount="0"/>
        <line num="110" count="4" type="stmt"/>
        <line num="113" count="8" type="stmt"/>
        <line num="117" count="0" type="stmt"/>
        <line num="121" count="1" type="cond" truecount="1" falsecount="1"/>
        <line num="122" count="1" type="stmt"/>
        <line num="123" count="1" type="stmt"/>
        <line num="129" count="1" type="stmt"/>
        <line num="133" count="1" type="cond" truecount="1" falsecount="1"/>
        <line num="134" count="1" type="stmt"/>
        <line num="135" count="1" type="stmt"/>
        <line num="141" count="1" type="stmt"/>
        <line num="145" count="12" type="stmt"/>
        <line num="146" count="9" type="stmt"/>
      </file>
      <file name="literal.ts" path="C:\Sync\Codebox\ClaudeCode\schema-validator\src\schemas\primitives\literal.ts">
        <metrics statements="14" coveredstatements="14" conditionals="1" coveredconditionals="1" methods="5" coveredmethods="5"/>
        <line num="1" count="20" type="stmt"/>
        <line num="2" count="20" type="stmt"/>
        <line num="7" count="20" type="stmt"/>
        <line num="8" count="165" type="stmt"/>
        <line num="12" count="165" type="stmt"/>
        <line num="13" count="165" type="stmt"/>
        <line num="17" count="103" type="cond" truecount="1" falsecount="0"/>
        <line num="18" count="34" type="stmt"/>
        <line num="23" count="34" type="stmt"/>
        <line num="26" count="69" type="stmt"/>
        <line num="30" count="3" type="stmt"/>
        <line num="34" count="254" type="stmt"/>
        <line num="38" count="20" type="stmt"/>
        <line num="39" count="165" type="stmt"/>
      </file>
      <file name="nan.ts" path="C:\Sync\Codebox\ClaudeCode\schema-validator\src\schemas\primitives\nan.ts">
        <metrics statements="11" coveredstatements="11" conditionals="5" coveredconditionals="5" methods="3" coveredmethods="3"/>
        <line num="1" count="12" type="stmt"/>
        <line num="2" count="12" type="stmt"/>
        <line num="5" count="12" type="stmt"/>
        <line num="6" count="3" type="stmt"/>
        <line num="9" count="5" type="cond" truecount="3" falsecount="0"/>
        <line num="10" count="3" type="stmt"/>
        <line num="15" count="3" type="stmt"/>
        <line num="18" count="2" type="stmt"/>
        <line num="22" count="1" type="stmt"/>
        <line num="26" count="12" type="stmt"/>
        <line num="27" count="3" type="stmt"/>
      </file>
      <file name="never.ts" path="C:\Sync\Codebox\ClaudeCode\schema-validator\src\schemas\primitives\never.ts">
        <metrics statements="9" coveredstatements="9" conditionals="0" coveredconditionals="0" methods="3" coveredmethods="3"/>
        <line num="1" count="12" type="stmt"/>
        <line num="2" count="12" type="stmt"/>
        <line num="5" count="12" type="stmt"/>
        <line num="6" count="2" type="stmt"/>
        <line num="9" count="5" type="stmt"/>
        <line num="14" count="5" type="stmt"/>
        <line num="18" count="1" type="stmt"/>
        <line num="22" count="12" type="stmt"/>
        <line num="23" count="2" type="stmt"/>
      </file>
      <file name="null.ts" path="C:\Sync\Codebox\ClaudeCode\schema-validator\src\schemas\primitives\null.ts">
        <metrics statements="13" coveredstatements="12" conditionals="1" coveredconditionals="1" methods="3" coveredmethods="2"/>
        <line num="1" count="13" type="stmt"/>
        <line num="2" count="13" type="stmt"/>
        <line num="5" count="13" type="stmt"/>
        <line num="6" count="2" type="stmt"/>
        <line num="9" count="4" type="stmt"/>
        <line num="10" count="4" type="cond" truecount="1" falsecount="0"/>
        <line num="11" count="3" type="stmt"/>
        <line num="17" count="3" type="stmt"/>
        <line num="20" count="1" type="stmt"/>
        <line num="24" count="0" type="stmt"/>
        <line num="28" count="13" type="stmt"/>
        <line num="30" count="13" type="stmt"/>
        <line num="31" count="2" type="stmt"/>
      </file>
      <file name="number.ts" path="C:\Sync\Codebox\ClaudeCode\schema-validator\src\schemas\primitives\number.ts">
        <metrics statements="96" coveredstatements="86" conditionals="45" coveredconditionals="37" methods="19" coveredmethods="17"/>
        <line num="1" count="26" type="stmt"/>
        <line num="2" count="26" type="stmt"/>
        <line num="12" count="26" type="stmt"/>
        <line num="13" count="577" type="stmt"/>
        <line num="14" count="577" type="stmt"/>
        <line num="18" count="577" type="stmt"/>
        <line num="19" count="577" type="cond" truecount="2" falsecount="0"/>
        <line num="23" count="4771" type="cond" truecount="1" falsecount="0"/>
        <line num="24" count="4" type="stmt"/>
        <line num="27" count="4771" type="stmt"/>
        <line num="28" count="4771" type="cond" truecount="1" falsecount="0"/>
        <line num="29" count="116" type="stmt"/>
        <line num="35" count="116" type="stmt"/>
        <line num="38" count="4655" type="stmt"/>
        <line num="40" count="4655" type="cond" truecount="0" falsecount="1"/>
        <line num="41" count="0" type="stmt"/>
        <line num="47" count="0" type="stmt"/>
        <line num="50" count="4655" type="stmt"/>
        <line num="51" count="153" type="cond" truecount="9" falsecount="1"/>
        <line num="53" count="22" type="cond" truecount="2" falsecount="0"/>
        <line num="54" count="20" type="cond" truecount="1" falsecount="0"/>
        <line num="55" count="3" type="stmt"/>
        <line num="66" count="2" type="cond" truecount="1" falsecount="0"/>
        <line num="67" count="1" type="stmt"/>
        <line num="78" count="22" type="stmt"/>
        <line num="81" count="19" type="cond" truecount="2" falsecount="0"/>
        <line num="82" count="17" type="cond" truecount="1" falsecount="0"/>
        <line num="83" count="2" type="stmt"/>
        <line num="94" count="2" type="cond" truecount="1" falsecount="0"/>
        <line num="95" count="1" type="stmt"/>
        <line num="106" count="19" type="stmt"/>
        <line num="109" count="31" type="cond" truecount="1" falsecount="0"/>
        <line num="110" count="5" type="stmt"/>
        <line num="117" count="31" type="stmt"/>
        <line num="120" count="59" type="cond" truecount="1" falsecount="0"/>
        <line num="121" count="31" type="stmt"/>
        <line num="131" count="59" type="stmt"/>
        <line num="134" count="3" type="cond" truecount="1" falsecount="0"/>
        <line num="135" count="2" type="stmt"/>
        <line num="145" count="3" type="stmt"/>
        <line num="148" count="0" type="cond" truecount="0" falsecount="1"/>
        <line num="149" count="0" type="stmt"/>
        <line num="159" count="0" type="stmt"/>
        <line num="162" count="6" type="cond" truecount="0" falsecount="1"/>
        <line num="163" count="0" type="stmt"/>
        <line num="173" count="6" type="stmt"/>
        <line num="176" count="3" type="cond" truecount="1" falsecount="0"/>
        <line num="177" count="1" type="stmt"/>
        <line num="185" count="3" type="stmt"/>
        <line num="188" count="6" type="cond" truecount="1" falsecount="0"/>
        <line num="189" count="4" type="stmt"/>
        <line num="194" count="6" type="stmt"/>
        <line num="197" count="4" type="cond" truecount="1" falsecount="0"/>
        <line num="198" count="2" type="stmt"/>
        <line num="205" count="4" type="stmt"/>
        <line num="209" count="4655" type="cond" truecount="1" falsecount="0"/>
        <line num="210" count="72" type="stmt"/>
        <line num="213" count="4583" type="stmt"/>
        <line num="217" count="121" type="stmt"/>
        <line num="221" count="12" type="stmt"/>
        <line num="222" count="12" type="stmt"/>
        <line num="228" count="12" type="stmt"/>
        <line num="232" count="11" type="stmt"/>
        <line num="233" count="11" type="stmt"/>
        <line num="239" count="11" type="stmt"/>
        <line num="243" count="22" type="stmt"/>
        <line num="244" count="22" type="stmt"/>
        <line num="245" count="22" type="stmt"/>
        <line num="249" count="42" type="stmt"/>
        <line num="250" count="42" type="stmt"/>
        <line num="251" count="42" type="stmt"/>
        <line num="255" count="1" type="stmt"/>
        <line num="256" count="1" type="stmt"/>
        <line num="257" count="1" type="stmt"/>
        <line num="261" count="0" type="stmt"/>
        <line num="262" count="0" type="stmt"/>
        <line num="263" count="0" type="stmt"/>
        <line num="267" count="4" type="stmt"/>
        <line num="268" count="4" type="stmt"/>
        <line num="269" count="4" type="stmt"/>
        <line num="273" count="1" type="stmt"/>
        <line num="274" count="1" type="stmt"/>
        <line num="275" count="1" type="stmt"/>
        <line num="279" count="2" type="stmt"/>
        <line num="280" count="2" type="stmt"/>
        <line num="281" count="2" type="stmt"/>
        <line num="285" count="2" type="stmt"/>
        <line num="286" count="2" type="stmt"/>
        <line num="287" count="2" type="stmt"/>
        <line num="291" count="1" type="stmt"/>
        <line num="295" count="1" type="stmt"/>
        <line num="299" count="1" type="stmt"/>
        <line num="303" count="1" type="stmt"/>
        <line num="307" count="0" type="stmt"/>
        <line num="311" count="26" type="stmt"/>
        <line num="312" count="577" type="stmt"/>
      </file>
      <file name="string.ts" path="C:\Sync\Codebox\ClaudeCode\schema-validator\src\schemas\primitives\string.ts">
        <metrics statements="142" coveredstatements="141" conditionals="53" coveredconditionals="53" methods="29" coveredmethods="28"/>
        <line num="1" count="26" type="stmt"/>
        <line num="2" count="26" type="stmt"/>
        <line num="11" count="26" type="stmt"/>
        <line num="12" count="775" type="stmt"/>
        <line num="13" count="775" type="stmt"/>
        <line num="17" count="775" type="stmt"/>
        <line num="18" count="775" type="cond" truecount="2" falsecount="0"/>
        <line num="22" count="2060" type="cond" truecount="1" falsecount="0"/>
        <line num="23" count="2" type="stmt"/>
        <line num="26" count="2060" type="stmt"/>
        <line num="27" count="2060" type="cond" truecount="1" falsecount="0"/>
        <line num="28" count="137" type="stmt"/>
        <line num="34" count="137" type="stmt"/>
        <line num="37" count="1923" type="stmt"/>
        <line num="39" count="1923" type="stmt"/>
        <line num="40" count="257" type="cond" truecount="17" falsecount="0"/>
        <line num="42" count="4" type="stmt"/>
        <line num="43" count="4" type="stmt"/>
        <line num="45" count="4" type="stmt"/>
        <line num="46" count="4" type="stmt"/>
        <line num="48" count="5" type="stmt"/>
        <line num="49" count="5" type="stmt"/>
        <line num="51" count="93" type="cond" truecount="1" falsecount="0"/>
        <line num="52" count="43" type="stmt"/>
        <line num="62" count="93" type="stmt"/>
        <line num="64" count="29" type="cond" truecount="1" falsecount="0"/>
        <line num="65" count="6" type="stmt"/>
        <line num="75" count="29" type="stmt"/>
        <line num="77" count="6" type="cond" truecount="1" falsecount="0"/>
        <line num="78" count="2" type="stmt"/>
        <line num="83" count="6" type="stmt"/>
        <line num="85" count="31" type="cond" truecount="1" falsecount="0"/>
        <line num="86" count="21" type="stmt"/>
        <line num="91" count="31" type="stmt"/>
        <line num="93" count="7" type="cond" truecount="1" falsecount="0"/>
        <line num="94" count="1" type="stmt"/>
        <line num="99" count="7" type="stmt"/>
        <line num="101" count="10" type="cond" truecount="1" falsecount="0"/>
        <line num="102" count="1" type="stmt"/>
        <line num="107" count="10" type="stmt"/>
        <line num="109" count="2" type="cond" truecount="1" falsecount="0"/>
        <line num="110" count="1" type="stmt"/>
        <line num="115" count="2" type="stmt"/>
        <line num="117" count="24" type="cond" truecount="1" falsecount="0"/>
        <line num="118" count="6" type="stmt"/>
        <line num="123" count="24" type="stmt"/>
        <line num="125" count="6" type="cond" truecount="1" falsecount="0"/>
        <line num="126" count="2" type="stmt"/>
        <line num="131" count="6" type="stmt"/>
        <line num="133" count="6" type="cond" truecount="1" falsecount="0"/>
        <line num="134" count="2" type="stmt"/>
        <line num="139" count="6" type="stmt"/>
        <line num="141" count="6" type="cond" truecount="1" falsecount="0"/>
        <line num="142" count="3" type="stmt"/>
        <line num="147" count="6" type="stmt"/>
        <line num="149" count="4" type="cond" truecount="1" falsecount="0"/>
        <line num="150" count="1" type="stmt"/>
        <line num="155" count="4" type="stmt"/>
        <line num="157" count="6" type="cond" truecount="2" falsecount="0"/>
        <line num="158" count="6" type="cond" truecount="1" falsecount="0"/>
        <line num="159" count="3" type="stmt"/>
        <line num="165" count="6" type="stmt"/>
        <line num="167" count="2" type="cond" truecount="1" falsecount="0"/>
        <line num="168" count="1" type="stmt"/>
        <line num="173" count="2" type="stmt"/>
        <line num="177" count="1923" type="cond" truecount="1" falsecount="0"/>
        <line num="178" count="135" type="stmt"/>
        <line num="181" count="1788" type="stmt"/>
        <line num="185" count="149" type="stmt"/>
        <line num="189" count="60" type="stmt"/>
        <line num="190" count="60" type="stmt"/>
        <line num="191" count="60" type="stmt"/>
        <line num="195" count="21" type="stmt"/>
        <line num="196" count="21" type="stmt"/>
        <line num="197" count="21" type="stmt"/>
        <line num="201" count="5" type="stmt"/>
        <line num="202" count="5" type="stmt"/>
        <line num="203" count="5" type="stmt"/>
        <line num="207" count="26" type="stmt"/>
        <line num="208" count="26" type="stmt"/>
        <line num="209" count="26" type="stmt"/>
        <line num="213" count="4" type="stmt"/>
        <line num="214" count="4" type="stmt"/>
        <line num="215" count="4" type="stmt"/>
        <line num="219" count="8" type="stmt"/>
        <line num="220" count="8" type="stmt"/>
        <line num="221" count="8" type="stmt"/>
        <line num="225" count="1" type="stmt"/>
        <line num="226" count="1" type="stmt"/>
        <line num="227" count="1" type="stmt"/>
        <line num="231" count="12" type="stmt"/>
        <line num="232" count="12" type="stmt"/>
        <line num="233" count="12" type="stmt"/>
        <line num="237" count="2" type="stmt"/>
        <line num="238" count="2" type="stmt"/>
        <line num="239" count="2" type="stmt"/>
        <line num="243" count="2" type="stmt"/>
        <line num="244" count="2" type="stmt"/>
        <line num="245" count="2" type="stmt"/>
        <line num="249" count="2" type="stmt"/>
        <line num="250" count="2" type="stmt"/>
        <line num="251" count="2" type="stmt"/>
        <line num="255" count="3" type="stmt"/>
        <line num="256" count="3" type="stmt"/>
        <line num="257" count="3" type="stmt"/>
        <line num="261" count="3" type="stmt"/>
        <line num="262" count="3" type="stmt"/>
        <line num="263" count="3" type="stmt"/>
        <line num="267" count="1" type="stmt"/>
        <line num="268" count="1" type="stmt"/>
        <line num="269" count="1" type="stmt"/>
        <line num="273" count="3" type="stmt"/>
        <line num="274" count="3" type="stmt"/>
        <line num="275" count="3" type="stmt"/>
        <line num="279" count="3" type="stmt"/>
        <line num="280" count="3" type="stmt"/>
        <line num="281" count="3" type="stmt"/>
        <line num="285" count="4" type="stmt"/>
        <line num="286" count="4" type="stmt"/>
        <line num="287" count="4" type="stmt"/>
        <line num="291" count="0" type="stmt"/>
        <line num="296" count="31" type="stmt"/>
        <line num="297" count="31" type="stmt"/>
        <line num="301" count="7" type="stmt"/>
        <line num="302" count="7" type="stmt"/>
        <line num="303" count="6" type="stmt"/>
        <line num="305" count="1" type="stmt"/>
        <line num="310" count="10" type="stmt"/>
        <line num="311" count="10" type="stmt"/>
        <line num="315" count="2" type="stmt"/>
        <line num="316" count="2" type="stmt"/>
        <line num="320" count="4" type="stmt"/>
        <line num="321" count="4" type="stmt"/>
        <line num="325" count="6" type="cond" truecount="2" falsecount="0"/>
        <line num="326" count="4" type="stmt"/>
        <line num="327" count="4" type="stmt"/>
        <line num="329" count="2" type="stmt"/>
        <line num="330" count="2" type="stmt"/>
        <line num="335" count="2" type="stmt"/>
        <line num="336" count="2" type="cond" truecount="2" falsecount="0"/>
        <line num="339" count="26" type="stmt"/>
        <line num="340" count="775" type="stmt"/>
      </file>
      <file name="symbol.ts" path="C:\Sync\Codebox\ClaudeCode\schema-validator\src\schemas\primitives\symbol.ts">
        <metrics statements="12" coveredstatements="12" conditionals="1" coveredconditionals="1" methods="3" coveredmethods="3"/>
        <line num="1" count="12" type="stmt"/>
        <line num="2" count="12" type="stmt"/>
        <line num="5" count="12" type="stmt"/>
        <line num="6" count="4" type="stmt"/>
        <line num="9" count="6" type="stmt"/>
        <line num="10" count="6" type="cond" truecount="1" falsecount="0"/>
        <line num="11" count="3" type="stmt"/>
        <line num="17" count="3" type="stmt"/>
        <line num="20" count="3" type="stmt"/>
        <line num="24" count="1" type="stmt"/>
        <line num="28" count="12" type="stmt"/>
        <line num="29" count="4" type="stmt"/>
      </file>
      <file name="undefined.ts" path="C:\Sync\Codebox\ClaudeCode\schema-validator\src\schemas\primitives\undefined.ts">
        <metrics statements="13" coveredstatements="12" conditionals="1" coveredconditionals="1" methods="3" coveredmethods="2"/>
        <line num="1" count="12" type="stmt"/>
        <line num="2" count="12" type="stmt"/>
        <line num="5" count="12" type="stmt"/>
        <line num="6" count="1" type="stmt"/>
        <line num="9" count="4" type="stmt"/>
        <line num="10" count="4" type="cond" truecount="1" falsecount="0"/>
        <line num="11" count="3" type="stmt"/>
        <line num="17" count="3" type="stmt"/>
        <line num="20" count="1" type="stmt"/>
        <line num="24" count="0" type="stmt"/>
        <line num="28" count="12" type="stmt"/>
        <line num="30" count="12" type="stmt"/>
        <line num="31" count="1" type="stmt"/>
      </file>
      <file name="unknown.ts" path="C:\Sync\Codebox\ClaudeCode\schema-validator\src\schemas\primitives\unknown.ts">
        <metrics statements="7" coveredstatements="7" conditionals="0" coveredconditionals="0" methods="3" coveredmethods="3"/>
        <line num="1" count="12" type="stmt"/>
        <line num="4" count="12" type="stmt"/>
        <line num="5" count="2" type="stmt"/>
        <line num="8" count="5" type="stmt"/>
        <line num="12" count="1" type="stmt"/>
        <line num="16" count="12" type="stmt"/>
        <line num="17" count="2" type="stmt"/>
      </file>
      <file name="void.ts" path="C:\Sync\Codebox\ClaudeCode\schema-validator\src\schemas\primitives\void.ts">
        <metrics statements="13" coveredstatements="13" conditionals="1" coveredconditionals="1" methods="3" coveredmethods="3"/>
        <line num="1" count="12" type="stmt"/>
        <line num="2" count="12" type="stmt"/>
        <line num="5" count="12" type="stmt"/>
        <line num="6" count="3" type="stmt"/>
        <line num="9" count="5" type="stmt"/>
        <line num="10" count="5" type="cond" truecount="1" falsecount="0"/>
        <line num="11" count="3" type="stmt"/>
        <line num="17" count="3" type="stmt"/>
        <line num="20" count="2" type="stmt"/>
        <line num="24" count="1" type="stmt"/>
        <line num="28" count="12" type="stmt"/>
        <line num="30" count="12" type="stmt"/>
        <line num="31" count="3" type="stmt"/>
      </file>
    </package>
    <package name="types">
      <metrics statements="247" coveredstatements="214" conditionals="151" coveredconditionals="121" methods="47" coveredmethods="37"/>
      <file name="base.ts" path="C:\Sync\Codebox\ClaudeCode\schema-validator\src\types\base.ts">
        <metrics statements="153" coveredstatements="121" conditionals="68" coveredconditionals="39" methods="44" coveredmethods="34"/>
        <line num="1" count="28" type="stmt"/>
        <line num="18" count="28" type="stmt"/>
        <line num="26" count="973" type="cond" truecount="2" falsecount="0"/>
        <line num="27" count="973" type="stmt"/>
        <line num="29" count="973" type="cond" truecount="2" falsecount="0"/>
        <line num="31" count="973" type="stmt"/>
        <line num="32" count="973" type="stmt"/>
        <line num="33" count="973" type="cond" truecount="2" falsecount="0"/>
        <line num="34" count="973" type="cond" truecount="2" falsecount="0"/>
        <line num="35" count="973" type="stmt"/>
        <line num="36" count="973" type="stmt"/>
        <line num="40" count="2" type="stmt"/>
        <line num="42" count="4" type="cond" truecount="2" falsecount="0"/>
        <line num="43" count="4" type="stmt"/>
        <line num="79" count="28" type="stmt"/>
        <line num="97" count="28" type="stmt"/>
        <line num="103" count="2505" type="stmt"/>
        <line num="104" count="2505" type="stmt"/>
        <line num="105" count="2505" type="stmt"/>
        <line num="106" count="2505" type="stmt"/>
        <line num="112" count="2505" type="stmt"/>
        <line num="120" count="4383" type="cond" truecount="3" falsecount="0"/>
        <line num="121" count="64" type="cond" truecount="1" falsecount="0"/>
        <line num="122" count="16" type="cond" truecount="2" falsecount="0"/>
        <line num="124" count="48" type="stmt"/>
        <line num="128" count="4319" type="cond" truecount="3" falsecount="0"/>
        <line num="129" count="7" type="stmt"/>
        <line num="133" count="4312" type="cond" truecount="2" falsecount="1"/>
        <line num="134" count="0" type="cond" truecount="0" falsecount="2"/>
        <line num="137" count="4312" type="stmt"/>
        <line num="141" count="814" type="stmt"/>
        <line num="142" count="814" type="cond" truecount="1" falsecount="0"/>
        <line num="143" count="310" type="stmt"/>
        <line num="145" count="504" type="stmt"/>
        <line num="149" count="155" type="stmt"/>
        <line num="150" count="155" type="cond" truecount="1" falsecount="0"/>
        <line num="151" count="67" type="stmt"/>
        <line num="153" count="88" type="stmt"/>
        <line num="157" count="3359" type="stmt"/>
        <line num="159" count="3359" type="stmt"/>
[...]
        <line num="158" count="1" type="cond" truecount="0" falsecount="1"/>
        <line num="159" count="0" type="stmt"/>
        <line num="161" count="1" type="stmt"/>
        <line num="162" count="20" type="cond" truecount="2" falsecount="0"/>
        <line num="166" count="1" type="stmt"/>
        <line num="167" count="4" type="stmt"/>
        <line num="168" count="20" type="cond" truecount="1" falsecount="1"/>
        <line num="170" count="4" type="stmt"/>
        <line num="174" count="1" type="stmt"/>
        <line num="175" count="5" type="stmt"/>
        <line num="176" count="5" type="stmt"/>
        <line num="177" count="5" type="stmt"/>
        <line num="179" count="1" type="stmt"/>
        <line num="191" count="12" type="stmt"/>
        <line num="192" count="1" type="stmt"/>
        <line num="201" count="1" type="stmt"/>
        <line num="202" count="3" type="cond" truecount="1" falsecount="1"/>
        <line num="203" count="3" type="cond" truecount="2" falsecount="0"/>
        <line num="205" count="3" type="cond" truecount="2" falsecount="1"/>
        <line num="206" count="0" type="stmt"/>
        <line num="207" count="0" type="cond" truecount="0" falsecount="1"/>
        <line num="208" count="0" type="cond" truecount="0" falsecount="1"/>
        <line num="209" count="0" type="stmt"/>
        <line num="212" count="3" type="cond" truecount="1" falsecount="0"/>
        <line num="213" count="3" type="stmt"/>
        <line num="217" count="1" type="stmt"/>
        <line num="223" count="12" type="stmt"/>
        <line num="227" count="2" type="stmt"/>
        <line num="228" count="2" type="stmt"/>
        <line num="231" count="2" type="stmt"/>
        <line num="232" count="2" type="stmt"/>
        <line num="233" count="2" type="cond" truecount="2" falsecount="0"/>
        <line num="234" count="2" type="cond" truecount="2" falsecount="0"/>
        <line num="235" count="2" type="cond" truecount="2" falsecount="0"/>
        <line num="238" count="2" type="cond" truecount="1" falsecount="0"/>
        <line num="239" count="1" type="stmt"/>
        <line num="240" count="1" type="stmt"/>
        <line num="244" count="2" type="stmt"/>
        <line num="252" count="0" type="stmt"/>
        <line num="263" count="0" type="cond" truecount="0" falsecount="2"/>
        <line num="264" count="0" type="stmt"/>
        <line num="270" count="12" type="stmt"/>
        <line num="275" count="1" type="stmt"/>
        <line num="276" count="1" type="stmt"/>
        <line num="278" count="1" type="stmt"/>
        <line num="279" count="3" type="cond" truecount="2" falsecount="0"/>
        <line num="280" count="3" type="cond" truecount="1" falsecount="0"/>
        <line num="281" count="3" type="stmt"/>
        <line num="285" count="1" type="stmt"/>
        <line num="295" count="12" type="stmt"/>
        <line num="304" count="3" type="stmt"/>
        <line num="305" count="7" type="cond" truecount="3" falsecount="0"/>
        <line num="306" count="1" type="stmt"/>
        <line num="309" count="6" type="cond" truecount="1" falsecount="0"/>
        <line num="310" count="3" type="stmt"/>
        <line num="311" count="3" type="cond" truecount="1" falsecount="0"/>
        <line num="312" count="2" type="stmt"/>
        <line num="316" count="4" type="stmt"/>
        <line num="317" count="4" type="cond" truecount="3" falsecount="0"/>
        <line num="318" count="1" type="stmt"/>
        <line num="320" count="3" type="cond" truecount="1" falsecount="2"/>
        <line num="321" count="0" type="stmt"/>
        <line num="324" count="3" type="stmt"/>
      </file>
      <file name="guards.ts" path="C:\Sync\Codebox\ClaudeCode\schema-validator\src\utils\guards.ts">
        <metrics statements="42" coveredstatements="42" conditionals="14" coveredconditionals="14" methods="14" coveredmethods="14"/>
        <line num="10" count="13" type="stmt"/>
        <line num="11" count="5" type="stmt"/>
        <line num="12" count="16" type="stmt"/>
        <line num="13" count="16" type="stmt"/>
        <line num="20" count="13" type="stmt"/>
        <line num="21" count="5" type="stmt"/>
        <line num="22" count="11" type="stmt"/>
        <line num="23" count="11" type="cond" truecount="1" falsecount="0"/>
        <line num="24" count="6" type="stmt"/>
        <line num="32" count="13" type="stmt"/>
        <line num="33" count="25" type="stmt"/>
        <line num="39" count="13" type="stmt"/>
        <line num="40" count="10" type="stmt"/>
        <line num="41" count="10" type="cond" truecount="1" falsecount="0"/>
        <line num="42" count="6" type="stmt"/>
        <line num="49" count="13" type="stmt"/>
        <line num="50" count="22" type="stmt"/>
        <line num="62" count="13" type="stmt"/>
        <line num="69" count="2" type="stmt"/>
        <line num="70" count="20" type="cond" truecount="3" falsecount="0"/>
        <line num="71" count="4" type="stmt"/>
        <line num="74" count="16" type="stmt"/>
        <line num="75" count="16" type="cond" truecount="1" falsecount="0"/>
        <line num="76" count="5" type="stmt"/>
        <line num="79" count="11" type="stmt"/>
        <line num="80" count="11" type="cond" truecount="1" falsecount="0"/>
        <line num="81" count="3" type="stmt"/>
        <line num="84" count="8" type="stmt"/>
        <line num="91" count="13" type="stmt"/>
        <line num="94" count="4" type="stmt"/>
        <line num="95" count="18" type="stmt"/>
        <line num="96" count="39" type="cond" truecount="1" falsecount="0"/>
        <line num="97" count="8" type="stmt"/>
        <line num="100" count="10" type="stmt"/>
        <line num="107" count="13" type="stmt"/>
        <line num="110" count="5" type="stmt"/>
        <line num="111" count="15" type="stmt"/>
        <line num="112" count="26" type="cond" truecount="1" falsecount="0"/>
        <line num="113" count="10" type="stmt"/>
        <line num="116" count="5" type="stmt"/>
        <line num="123" count="13" type="stmt"/>
        <line num="132" count="16" type="stmt"/>
      </file>
      <file name="introspection.ts" path="C:\Sync\Codebox\ClaudeCode\schema-validator\src\utils\introspection.ts">
        <metrics statements="142" coveredstatements="142" conditionals="97" coveredconditionals="92" methods="13" coveredmethods="13"/>
        <line num="2" count="13" type="stmt"/>
        <line num="3" count="13" type="stmt"/>
        <line num="4" count="13" type="stmt"/>
        <line num="24" count="13" type="stmt"/>
        <line num="25" count="62" type="stmt"/>
        <line num="32" count="62" type="cond" truecount="1" falsecount="0"/>
        <line num="33" count="2" type="stmt"/>
        <line num="37" count="62" type="cond" truecount="1" falsecount="0"/>
        <line num="38" count="6" type="stmt"/>
        <line num="39" count="6" type="stmt"/>
        <line num="40" count="6" type="stmt"/>
        <line num="41" count="12" type="stmt"/>
        <line num="46" count="62" type="cond" truecount="1" falsecount="0"/>
        <line num="47" count="6" type="stmt"/>
        <line num="48" count="6" type="cond" truecount="1" falsecount="0"/>
        <line num="49" count="5" type="stmt"/>
        <line num="54" count="62" type="cond" truecount="1" falsecount="0"/>
        <line num="55" count="3" type="cond" truecount="2" falsecount="0"/>
        <line num="56" count="3" type="cond" truecount="3" falsecount="0"/>
        <line num="57" count="5" type="stmt"/>
        <line num="62" count="62" type="stmt"/>
        <line num="65" count="62" type="cond" truecount="3" falsecount="0"/>
        <line num="66" count="58" type="stmt"/>
        <line num="67" count="58" type="stmt"/>
        <line num="68" count="28" type="cond" truecount="2" falsecount="0"/>
        <line num="69" count="9" type="cond" truecount="2" falsecount="0"/>
        <line num="70" count="5" type="stmt"/>
        <line num="71" count="4" type="cond" truecount="2" falsecount="0"/>
        <line num="72" count="2" type="stmt"/>
        <line num="74" count="2" type="stmt"/>
        <line num="76" count="19" type="cond" truecount="2" falsecount="0"/>
        <line num="77" count="8" type="cond" truecount="2" falsecount="0"/>
        <line num="78" count="4" type="stmt"/>
        <line num="79" count="4" type="cond" truecount="2" falsecount="0"/>
        <line num="80" count="2" type="stmt"/>
        <line num="82" count="2" type="stmt"/>
        <line num="84" count="11" type="cond" truecount="2" falsecount="0"/>
        <line num="85" count="1" type="stmt"/>
        <line num="86" count="10" type="cond" truecount="2" falsecount="0"/>
        <line num="87" count="4" type="stmt"/>
        <line num="88" count="6" type="cond" truecount="2" falsecount="0"/>
        <line num="89" count="1" type="cond" truecount="2" falsecount="0"/>
        <line num="90" count="1" type="cond" truecount="1" falsecount="1"/>
        <line num="91" count="5" type="cond" truecount="2" falsecount="0"/>
        <line num="92" count="1" type="stmt"/>
        <line num="93" count="4" type="cond" truecount="2" falsecount="0"/>
        <line num="94" count="1" type="stmt"/>
        <line num="95" count="3" type="cond" truecount="1" falsecount="0"/>
        <line num="96" count="1" type="stmt"/>
        <line num="102" count="62" type="cond" truecount="1" falsecount="0"/>
        <line num="103" count="1" type="stmt"/>
        <line num="105" count="62" type="cond" truecount="1" falsecount="0"/>
        <line num="106" count="1" type="stmt"/>
        <line num="108" count="62" type="cond" truecount="1" falsecount="0"/>
        <line num="109" count="1" type="stmt"/>
        <line num="111" count="62" type="cond" truecount="1" falsecount="0"/>
        <line num="112" count="1" type="stmt"/>
        <line num="114" count="62" type="cond" truecount="1" falsecount="0"/>
        <line num="115" count="1" type="stmt"/>
        <line num="117" count="62" type="cond" truecount="1" falsecount="0"/>
        <line num="118" count="1" type="stmt"/>
        <line num="120" count="62" type="cond" truecount="1" falsecount="0"/>
        <line num="121" count="1" type="stmt"/>
        <line num="124" count="62" type="cond" truecount="1" falsecount="0"/>
        <line num="125" count="12" type="stmt"/>
        <line num="128" count="62" type="stmt"/>
        <line num="134" count="13" type="stmt"/>
        <line num="137" count="3" type="stmt"/>
        <line num="143" count="13" type="stmt"/>
        <line num="146" count="2" type="stmt"/>
        <line num="152" count="13" type="stmt"/>
        <line num="155" count="2" type="cond" truecount="1" falsecount="2"/>
        <line num="161" count="13" type="stmt"/>
        <line num="165" count="17" type="cond" truecount="6" falsecount="0"/>
        <line num="167" count="4" type="cond" truecount="2" falsecount="0"/>
        <line num="169" count="4" type="cond" truecount="2" falsecount="0"/>
        <line num="171" count="2" type="cond" truecount="2" falsecount="0"/>
        <line num="173" count="4" type="stmt"/>
        <line num="175" count="2" type="stmt"/>
        <line num="177" count="1" type="stmt"/>
        <line num="184" count="13" type="stmt"/>
        <line num="185" count="3" type="stmt"/>
        <line num="186" count="3" type="stmt"/>
        <line num="192" count="13" type="stmt"/>
        <line num="196" count="5" type="stmt"/>
        <line num="197" count="5" type="stmt"/>
        <line num="203" count="13" type="stmt"/>
        <line num="207" count="11" type="stmt"/>
        <line num="213" count="13" type="stmt"/>
        <line num="218" count="21" type="stmt"/>
        <line num="221" count="21" type="cond" truecount="1" falsecount="0"/>
        <line num="222" count="5" type="stmt"/>
        <line num="223" count="5" type="stmt"/>
        <line num="224" count="8" type="stmt"/>
        <line num="229" count="21" type="cond" truecount="1" falsecount="0"/>
        <line num="230" count="4" type="stmt"/>
        <line num="231" count="4" type="cond" truecount="1" falsecount="0"/>
        <line num="232" count="4" type="stmt"/>
        <line num="237" count="21" type="cond" truecount="1" falsecount="0"/>
        <line num="238" count="2" type="cond" truecount="1" falsecount="1"/>
        <line num="239" count="2" type="cond" truecount="3" falsecount="0"/>
        <line num="240" count="2" type="stmt"/>
        <line num="241" count="5" type="stmt"/>
        <line num="250" count="13" type="stmt"/>
        <line num="251" count="31" type="stmt"/>
        <line num="254" count="31" type="cond" truecount="1" falsecount="0"/>
        <line num="255" count="5" type="stmt"/>
        <line num="256" count="5" type="stmt"/>
        <line num="257" count="5" type="cond" truecount="1" falsecount="0"/>
        <line num="258" count="5" type="stmt"/>
        <line num="259" count="5" type="stmt"/>
        <line num="260" count="8" type="stmt"/>
        <line num="263" count="5" type="stmt"/>
        <line num="267" count="26" type="cond" truecount="1" falsecount="0"/>
        <line num="268" count="2" type="stmt"/>
        <line num="269" count="2" type="stmt"/>
        <line num="270" count="2" type="cond" truecount="1" falsecount="0"/>
        <line num="271" count="2" type="stmt"/>
        <line num="273" count="2" type="stmt"/>
        <line num="277" count="24" type="cond" truecount="1" falsecount="0"/>
        <line num="278" count="2" type="cond" truecount="1" falsecount="1"/>
        <line num="279" count="2" type="cond" truecount="3" falsecount="0"/>
        <line num="280" count="4" type="stmt"/>
        <line num="282" count="2" type="stmt"/>
        <line num="286" count="22" type="stmt"/>
        <line num="289" count="22" type="cond" truecount="5" falsecount="0"/>
        <line num="291" count="11" type="stmt"/>
        <line num="292" count="11" type="stmt"/>
        <line num="294" count="7" type="cond" truecount="2" falsecount="0"/>
        <line num="295" count="7" type="stmt"/>
        <line num="297" count="2" type="stmt"/>
        <line num="298" count="2" type="stmt"/>
        <line num="300" count="1" type="stmt"/>
        <line num="301" count="1" type="stmt"/>
        <line num="303" count="1" type="stmt"/>
        <line num="307" count="22" type="cond" truecount="1" falsecount="0"/>
        <line num="308" count="4" type="stmt"/>
        <line num="312" count="22" type="cond" truecount="1" falsecount="0"/>
        <line num="313" count="1" type="stmt"/>
        <line num="317" count="22" type="cond" truecount="1" falsecount="0"/>
        <line num="318" count="1" type="stmt"/>
        <line num="321" count="22" type="stmt"/>
      </file>
      <file name="metadata.ts" path="C:\Sync\Codebox\ClaudeCode\schema-validator\src\utils\metadata.ts">
        <metrics statements="92" coveredstatements="91" conditionals="25" coveredconditionals="23" methods="21" coveredmethods="21"/>
        <line num="7" count="12" type="stmt"/>
        <line num="12" count="12" type="stmt"/>
        <line num="29" count="12" type="stmt"/>
        <line num="34" count="61" type="cond" truecount="1" falsecount="0"/>
        <line num="35" count="39" type="stmt"/>
        <line num="37" count="61" type="stmt"/>
        <line num="38" count="61" type="stmt"/>
        <line num="44" count="12" type="stmt"/>
        <line num="48" count="83" type="stmt"/>
        <line num="49" count="83" type="stmt"/>
        <line num="55" count="12" type="stmt"/>
        <line num="59" count="3" type="stmt"/>
        <line num="60" count="3" type="cond" truecount="2" falsecount="0"/>
        <line num="66" count="12" type="stmt"/>
        <line num="70" count="2" type="stmt"/>
        <line num="71" count="2" type="cond" truecount="2" falsecount="0"/>
        <line num="77" count="12" type="stmt"/>
        <line num="80" count="4" type="stmt"/>
        <line num="86" count="12" type="stmt"/>
        <line num="90" count="3" type="stmt"/>
        <line num="91" count="3" type="cond" truecount="1" falsecount="0"/>
        <line num="92" count="2" type="stmt"/>
        <line num="93" count="2" type="stmt"/>
        <line num="100" count="12" type="stmt"/>
        <line num="101" count="1" type="stmt"/>
        <line num="107" count="12" type="stmt"/>
        <line num="111" count="4" type="cond" truecount="1" falsecount="0"/>
        <line num="112" count="2" type="stmt"/>
        <line num="115" count="4" type="stmt"/>
        <line num="117" count="4" type="stmt"/>
        <line num="118" count="7" type="stmt"/>
        <line num="119" count="7" type="cond" truecount="1" falsecount="0"/>
        <line num="120" count="5" type="stmt"/>
        <line num="121" count="5" type="stmt"/>
        <line num="134" count="12" type="stmt"/>
        <line num="138" count="2" type="stmt"/>
        <line num="139" count="2" type="stmt"/>
        <line num="145" count="12" type="stmt"/>
        <line num="149" count="2" type="stmt"/>
        <line num="150" count="2" type="stmt"/>
        <line num="156" count="12" type="stmt"/>
        <line num="160" count="3" type="stmt"/>
        <line num="161" count="3" type="stmt"/>
        <line num="167" count="12" type="stmt"/>
        <line num="171" count="3" type="stmt"/>
        <line num="172" count="3" type="stmt"/>
        <line num="178" count="12" type="stmt"/>
        <line num="182" count="4" type="cond" truecount="2" falsecount="0"/>
        <line num="183" count="4" type="stmt"/>
        <line num="184" count="4" type="stmt"/>
        <line num="190" count="12" type="stmt"/>
        <line num="194" count="2" type="stmt"/>
        <line num="195" count="2" type="stmt"/>
        <line num="201" count="12" type="stmt"/>
        <line num="205" count="2" type="stmt"/>
        <line num="206" count="2" type="stmt"/>
        <line num="212" count="12" type="stmt"/>
        <line num="216" count="3" type="stmt"/>
        <line num="217" count="3" type="stmt"/>
        <line num="223" count="12" type="stmt"/>
        <line num="227" count="2" type="stmt"/>
        <line num="228" count="2" type="stmt"/>
        <line num="234" count="12" type="stmt"/>
        <line num="238" count="2" type="stmt"/>
        <line num="239" count="2" type="stmt"/>
        <line num="245" count="12" type="stmt"/>
        <line num="249" count="4" type="cond" truecount="2" falsecount="0"/>
        <line num="250" count="4" type="stmt"/>
        <line num="251" count="4" type="stmt"/>
        <line num="257" count="12" type="stmt"/>
        <line num="271" count="4" type="stmt"/>
        <line num="273" count="4" type="cond" truecount="0" falsecount="1"/>
        <line num="274" count="0" type="stmt"/>
        <line num="276" count="4" type="cond" truecount="1" falsecount="0"/>
        <line num="277" count="1" type="stmt"/>
        <line num="279" count="4" type="cond" truecount="1" falsecount="0"/>
        <line num="280" count="1" type="cond" truecount="1" falsecount="1"/>
        <line num="282" count="4" type="cond" truecount="1" falsecount="0"/>
        <line num="283" count="2" type="stmt"/>
        <line num="285" count="4" type="cond" truecount="1" falsecount="0"/>
        <line num="286" count="1" type="stmt"/>
        <line num="288" count="4" type="cond" truecount="1" falsecount="0"/>
        <line num="289" count="1" type="stmt"/>
        <line num="291" count="4" type="cond" truecount="1" falsecount="0"/>
        <line num="292" count="1" type="stmt"/>
        <line num="294" count="4" type="cond" truecount="1" falsecount="0"/>
        <line num="295" count="1" type="stmt"/>
        <line num="297" count="4" type="cond" truecount="1" falsecount="0"/>
        <line num="298" count="1" type="stmt"/>
        <line num="301" count="4" type="stmt"/>
        <line num="307" count="12" type="stmt"/>
        <line num="320" count="3" type="stmt"/>
      </file>
    </package>
  </project>
</coverage>
