{"C:\\Sync\\Codebox\\ClaudeCode\\schema-validator\\src\\plugins\\manager.ts": {"path":"C:\\Sync\\Codebox\\ClaudeCode\\schema-validator\\src\\plugins\\manager.ts","statementMap":{"0":{"start":{"line":111,"column":0},"end":{"line":111,"column":16}},"1":{"start":{"line":14,"column":51},"end":{"line":14,"column":60}},"2":{"start":{"line":15,"column":55},"end":{"line":15,"column":64}},"3":{"start":{"line":16,"column":55},"end":{"line":16,"column":64}},"4":{"start":{"line":17,"column":67},"end":{"line":17,"column":76}},"5":{"start":{"line":22,"column":4},"end":{"line":24,"column":5}},"6":{"start":{"line":23,"column":6},"end":{"line":23,"column":51}},"7":{"start":{"line":25,"column":4},"end":{"line":25,"column":34}},"8":{"start":{"line":29,"column":4},"end":{"line":31,"column":5}},"9":{"start":{"line":30,"column":6},"end":{"line":30,"column":71}},"10":{"start":{"line":33,"column":4},"end":{"line":33,"column":42}},"11":{"start":{"line":36,"column":4},"end":{"line":40,"column":5}},"12":{"start":{"line":37,"column":6},"end":{"line":39,"column":7}},"13":{"start":{"line":38,"column":8},"end":{"line":38,"column":65}},"14":{"start":{"line":43,"column":4},"end":{"line":47,"column":5}},"15":{"start":{"line":44,"column":6},"end":{"line":46,"column":7}},"16":{"start":{"line":45,"column":8},"end":{"line":45,"column":65}},"17":{"start":{"line":50,"column":4},"end":{"line":54,"column":5}},"18":{"start":{"line":51,"column":6},"end":{"line":53,"column":7}},"19":{"start":{"line":52,"column":8},"end":{"line":52,"column":59}},"20":{"start":{"line":57,"column":4},"end":{"line":57,"column":25}},"21":{"start":{"line":61,"column":19},"end":{"line":61,"column":47}},"22":{"start":{"line":62,"column":4},"end":{"line":64,"column":5}},"23":{"start":{"line":63,"column":6},"end":{"line":63,"column":66}},"24":{"start":{"line":67,"column":4},"end":{"line":71,"column":5}},"25":{"start":{"line":68,"column":6},"end":{"line":70,"column":7}},"26":{"start":{"line":69,"column":8},"end":{"line":69,"column":56}},"27":{"start":{"line":74,"column":4},"end":{"line":78,"column":5}},"28":{"start":{"line":75,"column":6},"end":{"line":77,"column":7}},"29":{"start":{"line":76,"column":8},"end":{"line":76,"column":56}},"30":{"start":{"line":81,"column":4},"end":{"line":85,"column":5}},"31":{"start":{"line":82,"column":6},"end":{"line":84,"column":7}},"32":{"start":{"line":83,"column":8},"end":{"line":83,"column":53}},"33":{"start":{"line":87,"column":4},"end":{"line":87,"column":36}},"34":{"start":{"line":91,"column":4},"end":{"line":91,"column":37}},"35":{"start":{"line":95,"column":4},"end":{"line":95,"column":37}},"36":{"start":{"line":99,"column":4},"end":{"line":99,"column":34}},"37":{"start":{"line":103,"column":4},"end":{"line":103,"column":43}},"38":{"start":{"line":107,"column":4},"end":{"line":107,"column":34}},"39":{"start":{"line":12,"column":0},"end":{"line":12,"column":13}},"40":{"start":{"line":112,"column":2},"end":{"line":112,"column":16}},"41":{"start":{"line":116,"column":13},"end":{"line":116,"column":57}}},"fnMap":{"0":{"name":"(anonymous_0)","decl":{"start":{"line":19,"column":2},"end":{"line":19,"column":25}},"loc":{"start":{"line":19,"column":2},"end":{"line":19,"column":26}}},"1":{"name":"(anonymous_1)","decl":{"start":{"line":21,"column":2},"end":{"line":21,"column":8}},"loc":{"start":{"line":21,"column":20},"end":{"line":26,"column":3}}},"2":{"name":"(anonymous_2)","decl":{"start":{"line":28,"column":2},"end":{"line":28,"column":10}},"loc":{"start":{"line":28,"column":35},"end":{"line":58,"column":3}}},"3":{"name":"(anonymous_3)","decl":{"start":{"line":60,"column":2},"end":{"line":60,"column":12}},"loc":{"start":{"line":60,"column":31},"end":{"line":88,"column":3}}},"4":{"name":"(anonymous_4)","decl":{"start":{"line":90,"column":2},"end":{"line":90,"column":14}},"loc":{"start":{"line":90,"column":27},"end":{"line":92,"column":3}}},"5":{"name":"(anonymous_5)","decl":{"start":{"line":94,"column":2},"end":{"line":94,"column":14}},"loc":{"start":{"line":94,"column":27},"end":{"line":96,"column":3}}},"6":{"name":"(anonymous_6)","decl":{"start":{"line":98,"column":2},"end":{"line":98,"column":11}},"loc":{"start":{"line":98,"column":24},"end":{"line":100,"column":3}}},"7":{"name":"(anonymous_7)","decl":{"start":{"line":102,"column":2},"end":{"line":102,"column":13}},"loc":{"start":{"line":102,"column":13},"end":{"line":104,"column":3}}},"8":{"name":"(anonymous_8)","decl":{"start":{"line":106,"column":2},"end":{"line":106,"column":11}},"loc":{"start":{"line":106,"column":24},"end":{"line":108,"column":3}}},"9":{"name":"createPlugin","decl":{"start":{"line":111,"column":16},"end":{"line":111,"column":28}},"loc":{"start":{"line":111,"column":53},"end":{"line":113,"column":1}}}},"branchMap":{"0":{"loc":{"start":{"line":22,"column":4},"end":{"line":24,"column":5}},"type":"if","locations":[{"start":{"line":22,"column":4},"end":{"line":24,"column":5}}]},"1":{"loc":{"start":{"line":29,"column":4},"end":{"line":31,"column":5}},"type":"if","locations":[{"start":{"line":29,"column":4},"end":{"line":31,"column":5}}]},"2":{"loc":{"start":{"line":36,"column":4},"end":{"line":40,"column":5}},"type":"if","locations":[{"start":{"line":36,"column":4},"end":{"line":40,"column":5}}]},"3":{"loc":{"start":{"line":43,"column":4},"end":{"line":47,"column":5}},"type":"if","locations":[{"start":{"line":43,"column":4},"end":{"line":47,"column":5}}]},"4":{"loc":{"start":{"line":50,"column":4},"end":{"line":54,"column":5}},"type":"if","locations":[{"start":{"line":50,"column":4},"end":{"line":54,"column":5}}]},"5":{"loc":{"start":{"line":62,"column":4},"end":{"line":64,"column":5}},"type":"if","locations":[{"start":{"line":62,"column":4},"end":{"line":64,"column":5}}]},"6":{"loc":{"start":{"line":67,"column":4},"end":{"line":71,"column":5}},"type":"if","locations":[{"start":{"line":67,"column":4},"end":{"line":71,"column":5}}]},"7":{"loc":{"start":{"line":74,"column":4},"end":{"line":78,"column":5}},"type":"if","locations":[{"start":{"line":74,"column":4},"end":{"line":78,"column":5}}]},"8":{"loc":{"start":{"line":81,"column":4},"end":{"line":85,"column":5}},"type":"if","locations":[{"start":{"line":81,"column":4},"end":{"line":85,"column":5}}]}},"s":{"0":14,"1":41,"2":41,"3":41,"4":41,"5":43,"6":41,"7":43,"8":21,"9":1,"10":20,"11":20,"12":5,"13":7,"14":20,"15":5,"16":7,"17":20,"18":5,"19":7,"20":20,"21":7,"22":7,"23":1,"24":6,"25":2,"26":3,"27":6,"28":2,"29":3,"30":6,"31":2,"32":3,"33":6,"34":9,"35":9,"36":9,"37":2,"38":7,"39":14,"40":1,"41":14},"f":{"0":41,"1":43,"2":21,"3":7,"4":9,"5":9,"6":9,"7":2,"8":7,"9":1},"b":{"0":[41],"1":[1],"2":[5],"3":[5],"4":[5],"5":[1],"6":[2],"7":[2],"8":[2]}}
,"C:\\Sync\\Codebox\\ClaudeCode\\schema-validator\\src\\schemas\\complex\\array.ts": {"path":"C:\\Sync\\Codebox\\ClaudeCode\\schema-validator\\src\\schemas\\complex\\array.ts","statementMap":{"0":{"start":{"line":234,"column":0},"end":{"line":234,"column":16}},"1":{"start":{"line":1,"column":0},"end":{"line":1,"column":64}},"2":{"start":{"line":2,"column":0},"end":{"line":2,"column":62}},"3":{"start":{"line":12,"column":19},"end":{"line":12,"column":26}},"4":{"start":{"line":14,"column":46},"end":{"line":14,"column":48}},"5":{"start":{"line":17,"column":4},"end":{"line":17,"column":12}},"6":{"start":{"line":18,"column":4},"end":{"line":18,"column":28}},"7":{"start":{"line":22,"column":23},"end":{"line":22,"column":43}},"8":{"start":{"line":23,"column":4},"end":{"line":31,"column":5}},"9":{"start":{"line":24,"column":6},"end":{"line":29,"column":9}},"10":{"start":{"line":30,"column":6},"end":{"line":30,"column":28}},"11":{"start":{"line":33,"column":16},"end":{"line":33,"column":30}},"12":{"start":{"line":35,"column":4},"end":{"line":90,"column":5}},"13":{"start":{"line":36,"column":6},"end":{"line":89,"column":7}},"14":{"start":{"line":38,"column":10},"end":{"line":48,"column":11}},"15":{"start":{"line":39,"column":12},"end":{"line":47,"column":15}},"16":{"start":{"line":49,"column":10},"end":{"line":49,"column":16}},"17":{"start":{"line":52,"column":10},"end":{"line":62,"column":11}},"18":{"start":{"line":53,"column":12},"end":{"line":61,"column":15}},"19":{"start":{"line":63,"column":10},"end":{"line":63,"column":16}},"20":{"start":{"line":66,"column":10},"end":{"line":73,"column":11}},"21":{"start":{"line":67,"column":12},"end":{"line":72,"column":15}},"22":{"start":{"line":74,"column":10},"end":{"line":74,"column":16}},"23":{"start":{"line":77,"column":10},"end":{"line":87,"column":11}},"24":{"start":{"line":78,"column":12},"end":{"line":86,"column":15}},"25":{"start":{"line":88,"column":10},"end":{"line":88,"column":16}},"26":{"start":{"line":92,"column":24},"end":{"line":92,"column":26}},"27":{"start":{"line":93,"column":4},"end":{"line":103,"column":5}},"28":{"start":{"line":93,"column":17},"end":{"line":93,"column":18}},"29":{"start":{"line":94,"column":6},"end":{"line":102,"column":7}},"30":{"start":{"line":95,"column":25},"end":{"line":95,"column":45}},"31":{"start":{"line":96,"column":24},"end":{"line":96,"column":70}},"32":{"start":{"line":97,"column":8},"end":{"line":97,"column":28}},"33":{"start":{"line":99,"column":8},"end":{"line":101,"column":9}},"34":{"start":{"line":100,"column":10},"end":{"line":100,"column":32}},"35":{"start":{"line":105,"column":4},"end":{"line":107,"column":5}},"36":{"start":{"line":106,"column":6},"end":{"line":106,"column":28}},"37":{"start":{"line":109,"column":4},"end":{"line":109,"column":18}},"38":{"start":{"line":113,"column":23},"end":{"line":113,"column":43}},"39":{"start":{"line":114,"column":4},"end":{"line":122,"column":5}},"40":{"start":{"line":115,"column":6},"end":{"line":120,"column":9}},"41":{"start":{"line":121,"column":6},"end":{"line":121,"column":28}},"42":{"start":{"line":124,"column":16},"end":{"line":124,"column":30}},"43":{"start":{"line":126,"column":4},"end":{"line":181,"column":5}},"44":{"start":{"line":127,"column":6},"end":{"line":180,"column":7}},"45":{"start":{"line":129,"column":10},"end":{"line":139,"column":11}},"46":{"start":{"line":130,"column":12},"end":{"line":138,"column":15}},"47":{"start":{"line":140,"column":10},"end":{"line":140,"column":16}},"48":{"start":{"line":143,"column":10},"end":{"line":153,"column":11}},"49":{"start":{"line":144,"column":12},"end":{"line":152,"column":15}},"50":{"start":{"line":154,"column":10},"end":{"line":154,"column":16}},"51":{"start":{"line":157,"column":10},"end":{"line":164,"column":11}},"52":{"start":{"line":158,"column":12},"end":{"line":163,"column":15}},"53":{"start":{"line":165,"column":10},"end":{"line":165,"column":16}},"54":{"start":{"line":168,"column":10},"end":{"line":178,"column":11}},"55":{"start":{"line":169,"column":12},"end":{"line":177,"column":15}},"56":{"start":{"line":179,"column":10},"end":{"line":179,"column":16}},"57":{"start":{"line":183,"column":24},"end":{"line":183,"column":26}},"58":{"start":{"line":184,"column":35},"end":{"line":184,"column":37}},"59":{"start":{"line":186,"column":4},"end":{"line":189,"column":5}},"60":{"start":{"line":186,"column":17},"end":{"line":186,"column":18}},"61":{"start":{"line":187,"column":23},"end":{"line":187,"column":43}},"62":{"start":{"line":188,"column":6},"end":{"line":188,"column":74}},"63":{"start":{"line":191,"column":20},"end":{"line":191,"column":54}},"64":{"start":{"line":192,"column":4},"end":{"line":196,"column":5}},"65":{"start":{"line":193,"column":6},"end":{"line":195,"column":7}},"66":{"start":{"line":194,"column":8},"end":{"line":194,"column":31}},"67":{"start":{"line":198,"column":4},"end":{"line":200,"column":5}},"68":{"start":{"line":199,"column":6},"end":{"line":199,"column":28}},"69":{"start":{"line":202,"column":4},"end":{"line":202,"column":18}},"70":{"start":{"line":206,"column":19},"end":{"line":206,"column":38}},"71":{"start":{"line":207,"column":4},"end":{"line":207,"column":80}},"72":{"start":{"line":208,"column":4},"end":{"line":208,"column":18}},"73":{"start":{"line":212,"column":19},"end":{"line":212,"column":38}},"74":{"start":{"line":213,"column":4},"end":{"line":213,"column":80}},"75":{"start":{"line":214,"column":4},"end":{"line":214,"column":18}},"76":{"start":{"line":218,"column":19},"end":{"line":218,"column":38}},"77":{"start":{"line":219,"column":4},"end":{"line":219,"column":83}},"78":{"start":{"line":220,"column":4},"end":{"line":220,"column":18}},"79":{"start":{"line":224,"column":19},"end":{"line":224,"column":38}},"80":{"start":{"line":225,"column":4},"end":{"line":225,"column":70}},"81":{"start":{"line":226,"column":4},"end":{"line":226,"column":18}},"82":{"start":{"line":230,"column":4},"end":{"line":230,"column":25}},"83":{"start":{"line":11,"column":0},"end":{"line":11,"column":13}},"84":{"start":{"line":235,"column":2},"end":{"line":235,"column":34}}},"fnMap":{"0":{"name":"(anonymous_0)","decl":{"start":{"line":16,"column":2},"end":{"line":16,"column":14}},"loc":{"start":{"line":16,"column":47},"end":{"line":19,"column":3}}},"1":{"name":"(anonymous_1)","decl":{"start":{"line":21,"column":2},"end":{"line":21,"column":8}},"loc":{"start":{"line":21,"column":42},"end":{"line":110,"column":3}}},"2":{"name":"(anonymous_2)","decl":{"start":{"line":112,"column":2},"end":{"line":112,"column":7}},"loc":{"start":{"line":112,"column":53},"end":{"line":203,"column":3}}},"3":{"name":"(anonymous_3)","decl":{"start":{"line":205,"column":2},"end":{"line":205,"column":5}},"loc":{"start":{"line":205,"column":38},"end":{"line":209,"column":3}}},"4":{"name":"(anonymous_4)","decl":{"start":{"line":211,"column":2},"end":{"line":211,"column":5}},"loc":{"start":{"line":211,"column":38},"end":{"line":215,"column":3}}},"5":{"name":"(anonymous_5)","decl":{"start":{"line":217,"column":2},"end":{"line":217,"column":8}},"loc":{"start":{"line":217,"column":41},"end":{"line":221,"column":3}}},"6":{"name":"(anonymous_6)","decl":{"start":{"line":223,"column":2},"end":{"line":223,"column":10}},"loc":{"start":{"line":223,"column":27},"end":{"line":227,"column":3}}},"7":{"name":"(anonymous_7)","decl":{"start":{"line":229,"column":2},"end":{"line":229,"column":6}},"loc":{"start":{"line":229,"column":13},"end":{"line":231,"column":3}}},"8":{"name":"array","decl":{"start":{"line":234,"column":16},"end":{"line":234,"column":21}},"loc":{"start":{"line":234,"column":58},"end":{"line":236,"column":1}}}},"branchMap":{"0":{"loc":{"start":{"line":23,"column":4},"end":{"line":31,"column":5}},"type":"if","locations":[{"start":{"line":23,"column":4},"end":{"line":31,"column":5}}]},"1":{"loc":{"start":{"line":36,"column":6},"end":{"line":89,"column":7}},"type":"switch","locations":[{"start":{"line":37,"column":8},"end":{"line":49,"column":16}},{"start":{"line":51,"column":8},"end":{"line":63,"column":16}},{"start":{"line":65,"column":8},"end":{"line":74,"column":16}},{"start":{"line":76,"column":8},"end":{"line":88,"column":16}}]},"2":{"loc":{"start":{"line":38,"column":10},"end":{"line":48,"column":11}},"type":"if","locations":[{"start":{"line":38,"column":10},"end":{"line":48,"column":11}}]},"3":{"loc":{"start":{"line":41,"column":23},"end":{"line":41,"column":65}},"type":"binary-expr","locations":[{"start":{"line":41,"column":23},"end":{"line":41,"column":36}},{"start":{"line":41,"column":40},"end":{"line":41,"column":65}}]},"4":{"loc":{"start":{"line":52,"column":10},"end":{"line":62,"column":11}},"type":"if","locations":[{"start":{"line":52,"column":10},"end":{"line":62,"column":11}}]},"5":{"loc":{"start":{"line":55,"column":23},"end":{"line":55,"column":65}},"type":"binary-expr","locations":[{"start":{"line":55,"column":23},"end":{"line":55,"column":36}},{"start":{"line":55,"column":40},"end":{"line":55,"column":65}}]},"6":{"loc":{"start":{"line":66,"column":10},"end":{"line":73,"column":11}},"type":"if","locations":[{"start":{"line":66,"column":10},"end":{"line":73,"column":11}}]},"7":{"loc":{"start":{"line":69,"column":23},"end":{"line":69,"column":89}},"type":"binary-expr","locations":[{"start":{"line":69,"column":23},"end":{"line":69,"column":36}},{"start":{"line":69,"column":40},"end":{"line":69,"column":89}}]},"8":{"loc":{"start":{"line":77,"column":10},"end":{"line":87,"column":11}},"type":"if","locations":[{"start":{"line":77,"column":10},"end":{"line":87,"column":11}}]},"9":{"loc":{"start":{"line":80,"column":23},"end":{"line":80,"column":65}},"type":"binary-expr","locations":[{"start":{"line":80,"column":23},"end":{"line":80,"column":36}},{"start":{"line":80,"column":40},"end":{"line":80,"column":65}}]},"10":{"loc":{"start":{"line":99,"column":8},"end":{"line":101,"column":9}},"type":"if","locations":[{"start":{"line":99,"column":8},"end":{"line":101,"column":9}}]},"11":{"loc":{"start":{"line":105,"column":4},"end":{"line":107,"column":5}},"type":"if","locations":[{"start":{"line":105,"column":4},"end":{"line":107,"column":5}}]},"12":{"loc":{"start":{"line":114,"column":4},"end":{"line":122,"column":5}},"type":"if","locations":[{"start":{"line":114,"column":4},"end":{"line":122,"column":5}}]},"13":{"loc":{"start":{"line":127,"column":6},"end":{"line":180,"column":7}},"type":"switch","locations":[{"start":{"line":128,"column":8},"end":{"line":140,"column":16}},{"start":{"line":142,"column":8},"end":{"line":154,"column":16}},{"start":{"line":156,"column":8},"end":{"line":165,"column":16}},{"start":{"line":167,"column":8},"end":{"line":179,"column":16}}]},"14":{"loc":{"start":{"line":129,"column":10},"end":{"line":139,"column":11}},"type":"if","locations":[{"start":{"line":129,"column":10},"end":{"line":139,"column":11}}]},"15":{"loc":{"start":{"line":132,"column":23},"end":{"line":132,"column":65}},"type":"binary-expr","locations":[{"start":{"line":132,"column":23},"end":{"line":132,"column":36}},{"start":{"line":132,"column":40},"end":{"line":132,"column":65}}]},"16":{"loc":{"start":{"line":143,"column":10},"end":{"line":153,"column":11}},"type":"if","locations":[{"start":{"line":143,"column":10},"end":{"line":153,"column":11}}]},"17":{"loc":{"start":{"line":146,"column":23},"end":{"line":146,"column":65}},"type":"binary-expr","locations":[{"start":{"line":146,"column":23},"end":{"line":146,"column":36}},{"start":{"line":146,"column":40},"end":{"line":146,"column":65}}]},"18":{"loc":{"start":{"line":157,"column":10},"end":{"line":164,"column":11}},"type":"if","locations":[{"start":{"line":157,"column":10},"end":{"line":164,"column":11}}]},"19":{"loc":{"start":{"line":160,"column":23},"end":{"line":160,"column":89}},"type":"binary-expr","locations":[{"start":{"line":160,"column":23},"end":{"line":160,"column":36}},{"start":{"line":160,"column":40},"end":{"line":160,"column":89}}]},"20":{"loc":{"start":{"line":168,"column":10},"end":{"line":178,"column":11}},"type":"if","locations":[{"start":{"line":168,"column":10},"end":{"line":178,"column":11}}]},"21":{"loc":{"start":{"line":171,"column":23},"end":{"line":171,"column":65}},"type":"binary-expr","locations":[{"start":{"line":171,"column":23},"end":{"line":171,"column":36}},{"start":{"line":171,"column":40},"end":{"line":171,"column":65}}]},"22":{"loc":{"start":{"line":193,"column":6},"end":{"line":195,"column":7}},"type":"if","locations":[{"start":{"line":193,"column":6},"end":{"line":195,"column":7}}]},"23":{"loc":{"start":{"line":198,"column":4},"end":{"line":200,"column":5}},"type":"if","locations":[{"start":{"line":198,"column":4},"end":{"line":200,"column":5}}]}},"s":{"0":13,"1":13,"2":13,"3":59,"4":59,"5":59,"6":59,"7":64,"8":64,"9":6,"10":6,"11":58,"12":58,"13":45,"14":20,"15":8,"16":20,"17":13,"18":4,"19":13,"20":4,"21":3,"22":4,"23":8,"24":3,"25":8,"26":58,"27":58,"28":58,"29":88,"30":88,"31":88,"32":70,"33":18,"34":18,"35":40,"36":5,"37":35,"38":18,"39":18,"40":2,"41":2,"42":16,"43":16,"44":11,"45":4,"46":2,"47":4,"48":2,"49":1,"50":2,"51":3,"52":2,"53":3,"54":2,"55":1,"56":2,"57":16,"58":16,"59":16,"60":16,"61":28,"62":28,"63":16,"64":16,"65":28,"66":17,"67":16,"68":7,"69":9,"70":16,"71":16,"72":16,"73":10,"74":10,"75":10,"76":4,"77":4,"78":4,"79":6,"80":6,"81":6,"82":1,"83":13,"84":59},"f":{"0":59,"1":64,"2":18,"3":16,"4":10,"5":4,"6":6,"7":1,"8":59},"b":{"0":[6],"1":[20,13,4,8],"2":[8],"3":[8,7],"4":[4],"5":[4,3],"6":[3],"7":[3,2],"8":[3],"9":[3,2],"10":[18],"11":[5],"12":[2],"13":[4,2,3,2],"14":[2],"15":[2,2],"16":[1],"17":[1,1],"18":[2],"19":[2,2],"20":[1],"21":[1,1],"22":[17],"23":[7]}}
,"C:\\Sync\\Codebox\\ClaudeCode\\schema-validator\\src\\schemas\\complex\\discriminated-union.ts": {"path":"C:\\Sync\\Codebox\\ClaudeCode\\schema-validator\\src\\schemas\\complex\\discriminated-union.ts","statementMap":{"0":{"start":{"line":128,"column":0},"end":{"line":128,"column":16}},"1":{"start":{"line":1,"column":0},"end":{"line":1,"column":64}},"2":{"start":{"line":2,"column":0},"end":{"line":2,"column":62}},"3":{"start":{"line":15,"column":19},"end":{"line":15,"column":39}},"4":{"start":{"line":21,"column":4},"end":{"line":21,"column":12}},"5":{"start":{"line":22,"column":4},"end":{"line":22,"column":40}},"6":{"start":{"line":23,"column":4},"end":{"line":23,"column":33}},"7":{"start":{"line":24,"column":4},"end":{"line":24,"column":45}},"8":{"start":{"line":27,"column":4},"end":{"line":40,"column":5}},"9":{"start":{"line":28,"column":20},"end":{"line":28,"column":32}},"10":{"start":{"line":29,"column":34},"end":{"line":29,"column":54}},"11":{"start":{"line":31,"column":6},"end":{"line":33,"column":7}},"12":{"start":{"line":32,"column":8},"end":{"line":32,"column":87}},"13":{"start":{"line":36,"column":27},"end":{"line":36,"column":72}},"14":{"start":{"line":37,"column":6},"end":{"line":39,"column":7}},"15":{"start":{"line":38,"column":8},"end":{"line":38,"column":63}},"16":{"start":{"line":45,"column":4},"end":{"line":47,"column":5}},"17":{"start":{"line":46,"column":6},"end":{"line":46,"column":35}},"18":{"start":{"line":50,"column":4},"end":{"line":52,"column":5}},"19":{"start":{"line":51,"column":6},"end":{"line":51,"column":35}},"20":{"start":{"line":54,"column":4},"end":{"line":54,"column":21}},"21":{"start":{"line":58,"column":23},"end":{"line":58,"column":43}},"22":{"start":{"line":59,"column":4},"end":{"line":67,"column":5}},"23":{"start":{"line":60,"column":6},"end":{"line":65,"column":9}},"24":{"start":{"line":66,"column":6},"end":{"line":66,"column":28}},"25":{"start":{"line":69,"column":16},"end":{"line":69,"column":44}},"26":{"start":{"line":70,"column":31},"end":{"line":70,"column":55}},"27":{"start":{"line":72,"column":19},"end":{"line":72,"column":71}},"28":{"start":{"line":73,"column":4},"end":{"line":83,"column":5}},"29":{"start":{"line":74,"column":6},"end":{"line":81,"column":9}},"30":{"start":{"line":82,"column":6},"end":{"line":82,"column":28}},"31":{"start":{"line":85,"column":4},"end":{"line":85,"column":46}},"32":{"start":{"line":89,"column":23},"end":{"line":89,"column":43}},"33":{"start":{"line":90,"column":4},"end":{"line":98,"column":5}},"34":{"start":{"line":91,"column":6},"end":{"line":96,"column":9}},"35":{"start":{"line":97,"column":6},"end":{"line":97,"column":28}},"36":{"start":{"line":100,"column":16},"end":{"line":100,"column":44}},"37":{"start":{"line":101,"column":31},"end":{"line":101,"column":55}},"38":{"start":{"line":103,"column":19},"end":{"line":103,"column":71}},"39":{"start":{"line":104,"column":4},"end":{"line":114,"column":5}},"40":{"start":{"line":105,"column":6},"end":{"line":112,"column":9}},"41":{"start":{"line":113,"column":6},"end":{"line":113,"column":28}},"42":{"start":{"line":116,"column":4},"end":{"line":116,"column":51}},"43":{"start":{"line":120,"column":4},"end":{"line":120,"column":31}},"44":{"start":{"line":124,"column":4},"end":{"line":124,"column":30}},"45":{"start":{"line":8,"column":0},"end":{"line":8,"column":13}},"46":{"start":{"line":132,"column":2},"end":{"line":132,"column":62}}},"fnMap":{"0":{"name":"(anonymous_0)","decl":{"start":{"line":20,"column":2},"end":{"line":20,"column":14}},"loc":{"start":{"line":20,"column":60},"end":{"line":41,"column":3}}},"1":{"name":"(anonymous_1)","decl":{"start":{"line":43,"column":10},"end":{"line":43,"column":29}},"loc":{"start":{"line":43,"column":64},"end":{"line":55,"column":3}}},"2":{"name":"(anonymous_2)","decl":{"start":{"line":57,"column":2},"end":{"line":57,"column":8}},"loc":{"start":{"line":57,"column":42},"end":{"line":86,"column":3}}},"3":{"name":"(anonymous_3)","decl":{"start":{"line":88,"column":2},"end":{"line":88,"column":7}},"loc":{"start":{"line":88,"column":53},"end":{"line":117,"column":3}}},"4":{"name":"(anonymous_4)","decl":{"start":{"line":119,"column":2},"end":{"line":119,"column":6}},"loc":{"start":{"line":119,"column":19},"end":{"line":121,"column":3}}},"5":{"name":"(anonymous_5)","decl":{"start":{"line":123,"column":2},"end":{"line":123,"column":6}},"loc":{"start":{"line":123,"column":13},"end":{"line":125,"column":3}}},"6":{"name":"discriminatedUnion","decl":{"start":{"line":128,"column":16},"end":{"line":128,"column":34}},"loc":{"start":{"line":131,"column":48},"end":{"line":133,"column":1}}}},"branchMap":{"0":{"loc":{"start":{"line":31,"column":6},"end":{"line":33,"column":7}},"type":"if","locations":[{"start":{"line":31,"column":6},"end":{"line":33,"column":7}}]},"1":{"loc":{"start":{"line":37,"column":6},"end":{"line":39,"column":7}},"type":"if","locations":[{"start":{"line":37,"column":6},"end":{"line":39,"column":7}}]},"2":{"loc":{"start":{"line":45,"column":4},"end":{"line":47,"column":5}},"type":"if","locations":[{"start":{"line":45,"column":4},"end":{"line":47,"column":5}}]},"3":{"loc":{"start":{"line":45,"column":8},"end":{"line":45,"column":72}},"type":"binary-expr","locations":[{"start":{"line":45,"column":8},"end":{"line":45,"column":25}},{"start":{"line":45,"column":29},"end":{"line":45,"column":72}}]},"4":{"loc":{"start":{"line":50,"column":4},"end":{"line":52,"column":5}},"type":"if","locations":[{"start":{"line":50,"column":4},"end":{"line":52,"column":5}}]},"5":{"loc":{"start":{"line":50,"column":8},"end":{"line":50,"column":55}},"type":"binary-expr","locations":[{"start":{"line":50,"column":8},"end":{"line":50,"column":34}},{"start":{"line":50,"column":38},"end":{"line":50,"column":55}}]},"6":{"loc":{"start":{"line":59,"column":4},"end":{"line":67,"column":5}},"type":"if","locations":[{"start":{"line":59,"column":4},"end":{"line":67,"column":5}}]},"7":{"loc":{"start":{"line":73,"column":4},"end":{"line":83,"column":5}},"type":"if","locations":[{"start":{"line":73,"column":4},"end":{"line":83,"column":5}}]},"8":{"loc":{"start":{"line":90,"column":4},"end":{"line":98,"column":5}},"type":"if","locations":[{"start":{"line":90,"column":4},"end":{"line":98,"column":5}}]},"9":{"loc":{"start":{"line":104,"column":4},"end":{"line":114,"column":5}},"type":"if","locations":[{"start":{"line":104,"column":4},"end":{"line":114,"column":5}}]}},"s":{"0":13,"1":13,"2":13,"3":2,"4":2,"5":2,"6":2,"7":2,"8":2,"9":5,"10":5,"11":5,"12":0,"13":5,"14":5,"15":5,"16":5,"17":5,"18":0,"19":0,"20":0,"21":4,"22":4,"23":0,"24":0,"25":4,"26":4,"27":4,"28":4,"29":1,"30":1,"31":3,"32":0,"33":0,"34":0,"35":0,"36":0,"37":0,"38":0,"39":0,"40":0,"41":0,"42":0,"43":0,"44":0,"45":13,"46":2},"f":{"0":2,"1":5,"2":4,"3":0,"4":0,"5":0,"6":2},"b":{"0":[0],"1":[5],"2":[5],"3":[5,5],"4":[0],"5":[0,0],"6":[0],"7":[1],"8":[0],"9":[0]}}
,"C:\\Sync\\Codebox\\ClaudeCode\\schema-validator\\src\\schemas\\complex\\effects.ts": {"path":"C:\\Sync\\Codebox\\ClaudeCode\\schema-validator\\src\\schemas\\complex\\effects.ts","statementMap":{"0":{"start":{"line":55,"column":0},"end":{"line":55,"column":16}},"1":{"start":{"line":1,"column":0},"end":{"line":1,"column":79}},"2":{"start":{"line":13,"column":19},"end":{"line":13,"column":28}},"3":{"start":{"line":21,"column":4},"end":{"line":21,"column":12}},"4":{"start":{"line":22,"column":4},"end":{"line":22,"column":26}},"5":{"start":{"line":23,"column":4},"end":{"line":23,"column":26}},"6":{"start":{"line":27,"column":20},"end":{"line":27,"column":59}},"7":{"start":{"line":29,"column":4},"end":{"line":31,"column":5}},"8":{"start":{"line":30,"column":6},"end":{"line":30,"column":32}},"9":{"start":{"line":33,"column":4},"end":{"line":35,"column":5}},"10":{"start":{"line":34,"column":6},"end":{"line":34,"column":28}},"11":{"start":{"line":37,"column":4},"end":{"line":37,"column":18}},"12":{"start":{"line":41,"column":19},"end":{"line":41,"column":70}},"13":{"start":{"line":43,"column":4},"end":{"line":45,"column":5}},"14":{"start":{"line":44,"column":6},"end":{"line":44,"column":38}},"15":{"start":{"line":47,"column":4},"end":{"line":49,"column":5}},"16":{"start":{"line":48,"column":6},"end":{"line":48,"column":28}},"17":{"start":{"line":51,"column":4},"end":{"line":51,"column":18}},"18":{"start":{"line":12,"column":0},"end":{"line":12,"column":13}},"19":{"start":{"line":59,"column":2},"end":{"line":59,"column":43}}},"fnMap":{"0":{"name":"(anonymous_0)","decl":{"start":{"line":17,"column":2},"end":{"line":17,"column":null}},"loc":{"start":{"line":19,"column":34},"end":{"line":24,"column":3}}},"1":{"name":"(anonymous_1)","decl":{"start":{"line":26,"column":2},"end":{"line":26,"column":8}},"loc":{"start":{"line":26,"column":42},"end":{"line":38,"column":3}}},"2":{"name":"(anonymous_2)","decl":{"start":{"line":40,"column":2},"end":{"line":40,"column":7}},"loc":{"start":{"line":40,"column":53},"end":{"line":52,"column":3}}},"3":{"name":"effects","decl":{"start":{"line":55,"column":16},"end":{"line":55,"column":23}},"loc":{"start":{"line":57,"column":32},"end":{"line":60,"column":1}}}},"branchMap":{"0":{"loc":{"start":{"line":29,"column":4},"end":{"line":31,"column":5}},"type":"if","locations":[{"start":{"line":29,"column":4},"end":{"line":31,"column":5}}]},"1":{"loc":{"start":{"line":33,"column":4},"end":{"line":35,"column":5}},"type":"if","locations":[{"start":{"line":33,"column":4},"end":{"line":35,"column":5}}]},"2":{"loc":{"start":{"line":43,"column":4},"end":{"line":45,"column":5}},"type":"if","locations":[{"start":{"line":43,"column":4},"end":{"line":45,"column":5}}]},"3":{"loc":{"start":{"line":47,"column":4},"end":{"line":49,"column":5}},"type":"if","locations":[{"start":{"line":47,"column":4},"end":{"line":49,"column":5}}]}},"s":{"0":13,"1":13,"2":6,"3":6,"4":6,"5":6,"6":5,"7":4,"8":4,"9":4,"10":1,"11":3,"12":2,"13":2,"14":2,"15":2,"16":0,"17":2,"18":13,"19":6},"f":{"0":6,"1":5,"2":2,"3":6},"b":{"0":[4],"1":[1],"2":[2],"3":[0]}}
,"C:\\Sync\\Codebox\\ClaudeCode\\schema-validator\\src\\schemas\\complex\\enum.ts": {"path":"C:\\Sync\\Codebox\\ClaudeCode\\schema-validator\\src\\schemas\\complex\\enum.ts","statementMap":{"0":{"start":{"line":45,"column":0},"end":{"line":45,"column":16}},"1":{"start":{"line":101,"column":0},"end":{"line":101,"column":16}},"2":{"start":{"line":1,"column":0},"end":{"line":1,"column":46}},"3":{"start":{"line":2,"column":0},"end":{"line":2,"column":47}},"4":{"start":{"line":6,"column":19},"end":{"line":6,"column":25}},"5":{"start":{"line":11,"column":4},"end":{"line":11,"column":12}},"6":{"start":{"line":12,"column":4},"end":{"line":12,"column":26}},"7":{"start":{"line":13,"column":4},"end":{"line":13,"column":39}},"8":{"start":{"line":17,"column":4},"end":{"line":27,"column":5}},"9":{"start":{"line":18,"column":6},"end":{"line":25,"column":9}},"10":{"start":{"line":26,"column":6},"end":{"line":26,"column":28}},"11":{"start":{"line":29,"column":4},"end":{"line":29,"column":30}},"12":{"start":{"line":33,"column":4},"end":{"line":33,"column":35}},"13":{"start":{"line":37,"column":4},"end":{"line":37,"column":24}},"14":{"start":{"line":41,"column":4},"end":{"line":41,"column":40}},"15":{"start":{"line":5,"column":0},"end":{"line":5,"column":13}},"16":{"start":{"line":46,"column":2},"end":{"line":46,"column":32}},"17":{"start":{"line":51,"column":19},"end":{"line":51,"column":31}},"18":{"start":{"line":56,"column":4},"end":{"line":56,"column":12}},"19":{"start":{"line":57,"column":4},"end":{"line":57,"column":28}},"20":{"start":{"line":60,"column":19},"end":{"line":60,"column":40}},"21":{"start":{"line":61,"column":4},"end":{"line":68,"column":5}},"22":{"start":{"line":62,"column":20},"end":{"line":62,"column":35}},"23":{"start":{"line":65,"column":6},"end":{"line":67,"column":7}},"24":{"start":{"line":66,"column":8},"end":{"line":66,"column":26}},"25":{"start":{"line":69,"column":4},"end":{"line":69,"column":30}},"26":{"start":{"line":73,"column":4},"end":{"line":83,"column":5}},"27":{"start":{"line":74,"column":6},"end":{"line":81,"column":9}},"28":{"start":{"line":82,"column":6},"end":{"line":82,"column":28}},"29":{"start":{"line":85,"column":4},"end":{"line":85,"column":31}},"30":{"start":{"line":89,"column":4},"end":{"line":89,"column":35}},"31":{"start":{"line":93,"column":4},"end":{"line":93,"column":22}},"32":{"start":{"line":97,"column":4},"end":{"line":97,"column":40}},"33":{"start":{"line":50,"column":0},"end":{"line":50,"column":13}},"34":{"start":{"line":102,"column":2},"end":{"line":102,"column":42}}},"fnMap":{"0":{"name":"(anonymous_0)","decl":{"start":{"line":10,"column":2},"end":{"line":10,"column":14}},"loc":{"start":{"line":10,"column":23},"end":{"line":14,"column":3}}},"1":{"name":"(anonymous_1)","decl":{"start":{"line":16,"column":2},"end":{"line":16,"column":8}},"loc":{"start":{"line":16,"column":42},"end":{"line":30,"column":3}}},"2":{"name":"(anonymous_2)","decl":{"start":{"line":32,"column":2},"end":{"line":32,"column":7}},"loc":{"start":{"line":32,"column":53},"end":{"line":34,"column":3}}},"3":{"name":"(anonymous_3)","decl":{"start":{"line":36,"column":2},"end":{"line":36,"column":6}},"loc":{"start":{"line":36,"column":12},"end":{"line":38,"column":3}}},"4":{"name":"(anonymous_4)","decl":{"start":{"line":40,"column":2},"end":{"line":40,"column":6}},"loc":{"start":{"line":40,"column":13},"end":{"line":42,"column":3}}},"5":{"name":"enumSchema","decl":{"start":{"line":45,"column":16},"end":{"line":45,"column":26}},"loc":{"start":{"line":45,"column":78},"end":{"line":47,"column":1}}},"6":{"name":"(anonymous_6)","decl":{"start":{"line":55,"column":2},"end":{"line":55,"column":14}},"loc":{"start":{"line":55,"column":27},"end":{"line":70,"column":3}}},"7":{"name":"(anonymous_7)","decl":{"start":{"line":72,"column":2},"end":{"line":72,"column":8}},"loc":{"start":{"line":72,"column":42},"end":{"line":86,"column":3}}},"8":{"name":"(anonymous_8)","decl":{"start":{"line":88,"column":2},"end":{"line":88,"column":7}},"loc":{"start":{"line":88,"column":53},"end":{"line":90,"column":3}}},"9":{"name":"(anonymous_9)","decl":{"start":{"line":92,"column":2},"end":{"line":92,"column":6}},"loc":{"start":{"line":92,"column":10},"end":{"line":94,"column":3}}},"10":{"name":"(anonymous_10)","decl":{"start":{"line":96,"column":2},"end":{"line":96,"column":6}},"loc":{"start":{"line":96,"column":13},"end":{"line":98,"column":3}}},"11":{"name":"nativeEnum","decl":{"start":{"line":101,"column":16},"end":{"line":101,"column":26}},"loc":{"start":{"line":101,"column":83},"end":{"line":103,"column":1}}}},"branchMap":{"0":{"loc":{"start":{"line":17,"column":4},"end":{"line":27,"column":5}},"type":"if","locations":[{"start":{"line":17,"column":4},"end":{"line":27,"column":5}}]},"1":{"loc":{"start":{"line":65,"column":6},"end":{"line":67,"column":7}},"type":"if","locations":[{"start":{"line":65,"column":6},"end":{"line":67,"column":7}}]},"2":{"loc":{"start":{"line":65,"column":10},"end":{"line":65,"column":83}},"type":"binary-expr","locations":[{"start":{"line":65,"column":10},"end":{"line":65,"column":35}},{"start":{"line":65,"column":39},"end":{"line":65,"column":83}}]},"3":{"loc":{"start":{"line":73,"column":4},"end":{"line":83,"column":5}},"type":"if","locations":[{"start":{"line":73,"column":4},"end":{"line":83,"column":5}}]}},"s":{"0":13,"1":13,"2":13,"3":13,"4":3,"5":3,"6":3,"7":3,"8":5,"9":0,"10":0,"11":5,"12":0,"13":0,"14":0,"15":13,"16":3,"17":0,"18":0,"19":0,"20":0,"21":0,"22":0,"23":0,"24":0,"25":0,"26":0,"27":0,"28":0,"29":0,"30":0,"31":0,"32":0,"33":13,"34":0},"f":{"0":3,"1":5,"2":0,"3":0,"4":0,"5":3,"6":0,"7":0,"8":0,"9":0,"10":0,"11":0},"b":{"0":[0],"1":[0],"2":[0,0],"3":[0]}}
,"C:\\Sync\\Codebox\\ClaudeCode\\schema-validator\\src\\schemas\\complex\\function.ts": {"path":"C:\\Sync\\Codebox\\ClaudeCode\\schema-validator\\src\\schemas\\complex\\function.ts","statementMap":{"0":{"start":{"line":128,"column":0},"end":{"line":128,"column":16}},"1":{"start":{"line":1,"column":0},"end":{"line":1,"column":64}},"2":{"start":{"line":2,"column":0},"end":{"line":2,"column":62}},"3":{"start":{"line":12,"column":19},"end":{"line":12,"column":29}},"4":{"start":{"line":18,"column":4},"end":{"line":18,"column":12}},"5":{"start":{"line":19,"column":4},"end":{"line":19,"column":22}},"6":{"start":{"line":20,"column":4},"end":{"line":20,"column":28}},"7":{"start":{"line":24,"column":23},"end":{"line":24,"column":43}},"8":{"start":{"line":25,"column":4},"end":{"line":32,"column":5}},"9":{"start":{"line":26,"column":6},"end":{"line":30,"column":9}},"10":{"start":{"line":31,"column":6},"end":{"line":31,"column":28}},"11":{"start":{"line":34,"column":15},"end":{"line":34,"column":32}},"12":{"start":{"line":37,"column":4},"end":{"line":61,"column":5}},"13":{"start":{"line":39,"column":6},"end":{"line":60,"column":8}},"14":{"start":{"line":41,"column":8},"end":{"line":48,"column":9}},"15":{"start":{"line":42,"column":10},"end":{"line":47,"column":11}},"16":{"start":{"line":42,"column":23},"end":{"line":42,"column":24}},"17":{"start":{"line":43,"column":30},"end":{"line":43,"column":43}},"18":{"start":{"line":44,"column":29},"end":{"line":44,"column":36}},"19":{"start":{"line":45,"column":27},"end":{"line":45,"column":59}},"20":{"start":{"line":46,"column":13},"end":{"line":46,"column":56}},"21":{"start":{"line":51,"column":23},"end":{"line":51,"column":34}},"22":{"start":{"line":54,"column":8},"end":{"line":57,"column":9}},"23":{"start":{"line":55,"column":28},"end":{"line":55,"column":55}},"24":{"start":{"line":56,"column":10},"end":{"line":56,"column":66}},"25":{"start":{"line":59,"column":8},"end":{"line":59,"column":22}},"26":{"start":{"line":63,"column":4},"end":{"line":63,"column":14}},"27":{"start":{"line":67,"column":23},"end":{"line":67,"column":43}},"28":{"start":{"line":68,"column":4},"end":{"line":75,"column":5}},"29":{"start":{"line":69,"column":6},"end":{"line":73,"column":9}},"30":{"start":{"line":74,"column":6},"end":{"line":74,"column":28}},"31":{"start":{"line":77,"column":15},"end":{"line":77,"column":32}},"32":{"start":{"line":80,"column":4},"end":{"line":104,"column":5}},"33":{"start":{"line":82,"column":6},"end":{"line":103,"column":8}},"34":{"start":{"line":84,"column":8},"end":{"line":91,"column":9}},"35":{"start":{"line":85,"column":10},"end":{"line":90,"column":11}},"36":{"start":{"line":85,"column":23},"end":{"line":85,"column":24}},"37":{"start":{"line":86,"column":30},"end":{"line":86,"column":43}},"38":{"start":{"line":87,"column":29},"end":{"line":87,"column":36}},"39":{"start":{"line":88,"column":27},"end":{"line":88,"column":59}},"40":{"start":{"line":89,"column":12},"end":{"line":89,"column":67}},"41":{"start":{"line":94,"column":23},"end":{"line":94,"column":40}},"42":{"start":{"line":97,"column":8},"end":{"line":100,"column":9}},"43":{"start":{"line":98,"column":28},"end":{"line":98,"column":55}},"44":{"start":{"line":99,"column":10},"end":{"line":99,"column":77}},"45":{"start":{"line":102,"column":8},"end":{"line":102,"column":22}},"46":{"start":{"line":106,"column":4},"end":{"line":106,"column":14}},"47":{"start":{"line":112,"column":4},"end":{"line":112,"column":54}},"48":{"start":{"line":118,"column":4},"end":{"line":118,"column":50}},"49":{"start":{"line":122,"column":19},"end":{"line":122,"column":38}},"50":{"start":{"line":123,"column":4},"end":{"line":123,"column":27}},"51":{"start":{"line":124,"column":4},"end":{"line":124,"column":18}},"52":{"start":{"line":5,"column":0},"end":{"line":5,"column":13}},"53":{"start":{"line":129,"column":2},"end":{"line":129,"column":30}}},"fnMap":{"0":{"name":"(anonymous_0)","decl":{"start":{"line":17,"column":2},"end":{"line":17,"column":14}},"loc":{"start":{"line":17,"column":44},"end":{"line":21,"column":3}}},"1":{"name":"(anonymous_1)","decl":{"start":{"line":23,"column":2},"end":{"line":23,"column":8}},"loc":{"start":{"line":23,"column":42},"end":{"line":64,"column":3}}},"2":{"name":"(anonymous_2)","decl":{"start":{"line":39,"column":13},"end":{"line":39,"column":14}},"loc":{"start":{"line":39,"column":32},"end":{"line":60,"column":7}}},"3":{"name":"(anonymous_3)","decl":{"start":{"line":66,"column":2},"end":{"line":66,"column":7}},"loc":{"start":{"line":66,"column":53},"end":{"line":107,"column":3}}},"4":{"name":"(anonymous_4)","decl":{"start":{"line":82,"column":13},"end":{"line":82,"column":18}},"loc":{"start":{"line":82,"column":38},"end":{"line":103,"column":7}}},"5":{"name":"(anonymous_5)","decl":{"start":{"line":109,"column":2},"end":{"line":109,"column":6}},"loc":{"start":{"line":110,"column":23},"end":{"line":113,"column":3}}},"6":{"name":"(anonymous_6)","decl":{"start":{"line":115,"column":2},"end":{"line":115,"column":9}},"loc":{"start":{"line":116,"column":22},"end":{"line":119,"column":3}}},"7":{"name":"(anonymous_7)","decl":{"start":{"line":121,"column":2},"end":{"line":121,"column":11}},"loc":{"start":{"line":121,"column":24},"end":{"line":125,"column":3}}},"8":{"name":"functionSchema","decl":{"start":{"line":128,"column":16},"end":{"line":128,"column":30}},"loc":{"start":{"line":128,"column":30},"end":{"line":130,"column":1}}}},"branchMap":{"0":{"loc":{"start":{"line":25,"column":4},"end":{"line":32,"column":5}},"type":"if","locations":[{"start":{"line":25,"column":4},"end":{"line":32,"column":5}}]},"1":{"loc":{"start":{"line":37,"column":4},"end":{"line":61,"column":5}},"type":"if","locations":[{"start":{"line":37,"column":4},"end":{"line":61,"column":5}}]},"2":{"loc":{"start":{"line":41,"column":8},"end":{"line":48,"column":9}},"type":"if","locations":[{"start":{"line":41,"column":8},"end":{"line":48,"column":9}}]},"3":{"loc":{"start":{"line":54,"column":8},"end":{"line":57,"column":9}},"type":"if","locations":[{"start":{"line":54,"column":8},"end":{"line":57,"column":9}}]},"4":{"loc":{"start":{"line":68,"column":4},"end":{"line":75,"column":5}},"type":"if","locations":[{"start":{"line":68,"column":4},"end":{"line":75,"column":5}}]},"5":{"loc":{"start":{"line":80,"column":4},"end":{"line":104,"column":5}},"type":"if","locations":[{"start":{"line":80,"column":4},"end":{"line":104,"column":5}}]},"6":{"loc":{"start":{"line":84,"column":8},"end":{"line":91,"column":9}},"type":"if","locations":[{"start":{"line":84,"column":8},"end":{"line":91,"column":9}}]},"7":{"loc":{"start":{"line":97,"column":8},"end":{"line":100,"column":9}},"type":"if","locations":[{"start":{"line":97,"column":8},"end":{"line":100,"column":9}}]}},"s":{"0":13,"1":13,"2":13,"3":11,"4":11,"5":11,"6":11,"7":5,"8":5,"9":1,"10":1,"11":4,"12":4,"13":1,"14":1,"15":1,"16":1,"17":2,"18":2,"19":2,"20":2,"21":1,"22":1,"23":1,"24":1,"25":0,"26":3,"27":2,"28":2,"29":0,"30":0,"31":2,"32":2,"33":0,"34":0,"35":0,"36":0,"37":0,"38":0,"39":0,"40":0,"41":0,"42":0,"43":0,"44":0,"45":0,"46":2,"47":2,"48":2,"49":1,"50":1,"51":1,"52":13,"53":7},"f":{"0":11,"1":5,"2":1,"3":2,"4":0,"5":2,"6":2,"7":1,"8":7},"b":{"0":[1],"1":[1],"2":[1],"3":[1],"4":[0],"5":[0],"6":[0],"7":[0]}}
,"C:\\Sync\\Codebox\\ClaudeCode\\schema-validator\\src\\schemas\\complex\\intersection.ts": {"path":"C:\\Sync\\Codebox\\ClaudeCode\\schema-validator\\src\\schemas\\complex\\intersection.ts","statementMap":{"0":{"start":{"line":60,"column":0},"end":{"line":60,"column":16}},"1":{"start":{"line":1,"column":0},"end":{"line":1,"column":64}},"2":{"start":{"line":11,"column":19},"end":{"line":11,"column":33}},"3":{"start":{"line":16,"column":4},"end":{"line":16,"column":12}},"4":{"start":{"line":17,"column":4},"end":{"line":17,"column":22}},"5":{"start":{"line":18,"column":4},"end":{"line":18,"column":24}},"6":{"start":{"line":22,"column":24},"end":{"line":22,"column":61}},"7":{"start":{"line":23,"column":25},"end":{"line":23,"column":63}},"8":{"start":{"line":25,"column":4},"end":{"line":27,"column":5}},"9":{"start":{"line":26,"column":6},"end":{"line":26,"column":28}},"10":{"start":{"line":30,"column":4},"end":{"line":34,"column":5}},"11":{"start":{"line":33,"column":6},"end":{"line":33,"column":47}},"12":{"start":{"line":36,"column":4},"end":{"line":36,"column":23}},"13":{"start":{"line":40,"column":38},"end":{"line":43,"column":6}},"14":{"start":{"line":45,"column":4},"end":{"line":47,"column":5}},"15":{"start":{"line":46,"column":6},"end":{"line":46,"column":28}},"16":{"start":{"line":50,"column":4},"end":{"line":54,"column":5}},"17":{"start":{"line":53,"column":6},"end":{"line":53,"column":47}},"18":{"start":{"line":56,"column":4},"end":{"line":56,"column":23}},"19":{"start":{"line":4,"column":0},"end":{"line":4,"column":13}},"20":{"start":{"line":64,"column":2},"end":{"line":64,"column":45}}},"fnMap":{"0":{"name":"(anonymous_0)","decl":{"start":{"line":15,"column":2},"end":{"line":15,"column":14}},"loc":{"start":{"line":15,"column":31},"end":{"line":19,"column":3}}},"1":{"name":"(anonymous_1)","decl":{"start":{"line":21,"column":2},"end":{"line":21,"column":8}},"loc":{"start":{"line":21,"column":42},"end":{"line":37,"column":3}}},"2":{"name":"(anonymous_2)","decl":{"start":{"line":39,"column":2},"end":{"line":39,"column":7}},"loc":{"start":{"line":39,"column":53},"end":{"line":57,"column":3}}},"3":{"name":"intersection","decl":{"start":{"line":60,"column":16},"end":{"line":60,"column":28}},"loc":{"start":{"line":63,"column":19},"end":{"line":65,"column":1}}}},"branchMap":{"0":{"loc":{"start":{"line":25,"column":4},"end":{"line":27,"column":5}},"type":"if","locations":[{"start":{"line":25,"column":4},"end":{"line":27,"column":5}}]},"1":{"loc":{"start":{"line":30,"column":4},"end":{"line":34,"column":5}},"type":"if","locations":[{"start":{"line":30,"column":4},"end":{"line":34,"column":5}}]},"2":{"loc":{"start":{"line":30,"column":8},"end":{"line":32,"column":65}},"type":"binary-expr","locations":[{"start":{"line":30,"column":8},"end":{"line":30,"column":38}},{"start":{"line":30,"column":42},"end":{"line":30,"column":73}},{"start":{"line":31,"column":8},"end":{"line":31,"column":27}},{"start":{"line":31,"column":31},"end":{"line":31,"column":51}},{"start":{"line":32,"column":8},"end":{"line":32,"column":34}},{"start":{"line":32,"column":38},"end":{"line":32,"column":65}}]},"3":{"loc":{"start":{"line":45,"column":4},"end":{"line":47,"column":5}},"type":"if","locations":[{"start":{"line":45,"column":4},"end":{"line":47,"column":5}}]},"4":{"loc":{"start":{"line":50,"column":4},"end":{"line":54,"column":5}},"type":"if","locations":[{"start":{"line":50,"column":4},"end":{"line":54,"column":5}}]},"5":{"loc":{"start":{"line":50,"column":8},"end":{"line":52,"column":65}},"type":"binary-expr","locations":[{"start":{"line":50,"column":8},"end":{"line":50,"column":38}},{"start":{"line":50,"column":42},"end":{"line":50,"column":73}},{"start":{"line":51,"column":8},"end":{"line":51,"column":27}},{"start":{"line":51,"column":31},"end":{"line":51,"column":51}},{"start":{"line":52,"column":8},"end":{"line":52,"column":34}},{"start":{"line":52,"column":38},"end":{"line":52,"column":65}}]}},"s":{"0":13,"1":13,"2":14,"3":14,"4":14,"5":14,"6":13,"7":12,"8":11,"9":0,"10":11,"11":11,"12":0,"13":2,"14":2,"15":0,"16":2,"17":2,"18":0,"19":13,"20":14},"f":{"0":14,"1":13,"2":2,"3":14},"b":{"0":[0],"1":[11],"2":[11,11,11,11,11,11],"3":[0],"4":[2],"5":[2,2,2,2,2,2]}}
,"C:\\Sync\\Codebox\\ClaudeCode\\schema-validator\\src\\schemas\\complex\\lazy.ts": {"path":"C:\\Sync\\Codebox\\ClaudeCode\\schema-validator\\src\\schemas\\complex\\lazy.ts","statementMap":{"0":{"start":{"line":30,"column":0},"end":{"line":30,"column":16}},"1":{"start":{"line":1,"column":0},"end":{"line":1,"column":64}},"2":{"start":{"line":5,"column":19},"end":{"line":5,"column":25}},"3":{"start":{"line":10,"column":4},"end":{"line":10,"column":12}},"4":{"start":{"line":11,"column":4},"end":{"line":11,"column":26}},"5":{"start":{"line":15,"column":4},"end":{"line":17,"column":5}},"6":{"start":{"line":16,"column":6},"end":{"line":16,"column":36}},"7":{"start":{"line":18,"column":4},"end":{"line":18,"column":24}},"8":{"start":{"line":22,"column":4},"end":{"line":22,"column":51}},"9":{"start":{"line":26,"column":4},"end":{"line":26,"column":56}},"10":{"start":{"line":4,"column":0},"end":{"line":4,"column":13}},"11":{"start":{"line":31,"column":2},"end":{"line":31,"column":32}}},"fnMap":{"0":{"name":"(anonymous_0)","decl":{"start":{"line":9,"column":2},"end":{"line":9,"column":14}},"loc":{"start":{"line":9,"column":50},"end":{"line":12,"column":3}}},"1":{"name":"(anonymous_1)","decl":{"start":{"line":14,"column":2},"end":{"line":14,"column":14}},"loc":{"start":{"line":14,"column":20},"end":{"line":19,"column":3}}},"2":{"name":"(anonymous_2)","decl":{"start":{"line":21,"column":2},"end":{"line":21,"column":8}},"loc":{"start":{"line":21,"column":42},"end":{"line":23,"column":3}}},"3":{"name":"(anonymous_3)","decl":{"start":{"line":25,"column":2},"end":{"line":25,"column":7}},"loc":{"start":{"line":25,"column":53},"end":{"line":27,"column":3}}},"4":{"name":"lazy","decl":{"start":{"line":30,"column":16},"end":{"line":30,"column":20}},"loc":{"start":{"line":30,"column":60},"end":{"line":32,"column":1}}}},"branchMap":{"0":{"loc":{"start":{"line":15,"column":4},"end":{"line":17,"column":5}},"type":"if","locations":[{"start":{"line":15,"column":4},"end":{"line":17,"column":5}}]}},"s":{"0":13,"1":13,"2":9,"3":9,"4":9,"5":14,"6":8,"7":14,"8":12,"9":2,"10":13,"11":9},"f":{"0":9,"1":14,"2":12,"3":2,"4":9},"b":{"0":[8]}}
,"C:\\Sync\\Codebox\\ClaudeCode\\schema-validator\\src\\schemas\\complex\\map.ts": {"path":"C:\\Sync\\Codebox\\ClaudeCode\\schema-validator\\src\\schemas\\complex\\map.ts","statementMap":{"0":{"start":{"line":107,"column":0},"end":{"line":107,"column":16}},"1":{"start":{"line":1,"column":0},"end":{"line":1,"column":64}},"2":{"start":{"line":2,"column":0},"end":{"line":2,"column":62}},"3":{"start":{"line":6,"column":19},"end":{"line":6,"column":24}},"4":{"start":{"line":11,"column":4},"end":{"line":11,"column":12}},"5":{"start":{"line":12,"column":4},"end":{"line":12,"column":32}},"6":{"start":{"line":13,"column":4},"end":{"line":13,"column":36}},"7":{"start":{"line":17,"column":23},"end":{"line":17,"column":43}},"8":{"start":{"line":18,"column":4},"end":{"line":25,"column":5}},"9":{"start":{"line":19,"column":6},"end":{"line":23,"column":9}},"10":{"start":{"line":24,"column":6},"end":{"line":24,"column":28}},"11":{"start":{"line":27,"column":21},"end":{"line":27,"column":51}},"12":{"start":{"line":28,"column":19},"end":{"line":28,"column":34}},"13":{"start":{"line":30,"column":16},"end":{"line":30,"column":17}},"14":{"start":{"line":31,"column":4},"end":{"line":45,"column":5}},"15":{"start":{"line":32,"column":21},"end":{"line":32,"column":53}},"16":{"start":{"line":33,"column":23},"end":{"line":33,"column":59}},"17":{"start":{"line":35,"column":6},"end":{"line":43,"column":7}},"18":{"start":{"line":36,"column":27},"end":{"line":36,"column":70}},"19":{"start":{"line":37,"column":29},"end":{"line":37,"column":78}},"20":{"start":{"line":38,"column":8},"end":{"line":38,"column":43}},"21":{"start":{"line":40,"column":8},"end":{"line":42,"column":9}},"22":{"start":{"line":41,"column":10},"end":{"line":41,"column":32}},"23":{"start":{"line":44,"column":6},"end":{"line":44,"column":14}},"24":{"start":{"line":47,"column":4},"end":{"line":49,"column":5}},"25":{"start":{"line":48,"column":6},"end":{"line":48,"column":28}},"26":{"start":{"line":51,"column":4},"end":{"line":51,"column":18}},"27":{"start":{"line":55,"column":23},"end":{"line":55,"column":43}},"28":{"start":{"line":56,"column":4},"end":{"line":63,"column":5}},"29":{"start":{"line":57,"column":6},"end":{"line":61,"column":9}},"30":{"start":{"line":62,"column":6},"end":{"line":62,"column":28}},"31":{"start":{"line":65,"column":21},"end":{"line":65,"column":51}},"32":{"start":{"line":66,"column":19},"end":{"line":66,"column":34}},"33":{"start":{"line":67,"column":40},"end":{"line":67,"column":42}},"34":{"start":{"line":69,"column":16},"end":{"line":69,"column":17}},"35":{"start":{"line":70,"column":4},"end":{"line":81,"column":5}},"36":{"start":{"line":71,"column":21},"end":{"line":71,"column":53}},"37":{"start":{"line":72,"column":23},"end":{"line":72,"column":59}},"38":{"start":{"line":74,"column":6},"end":{"line":79,"column":8}},"39":{"start":{"line":80,"column":6},"end":{"line":80,"column":14}},"40":{"start":{"line":83,"column":20},"end":{"line":83,"column":54}},"41":{"start":{"line":84,"column":4},"end":{"line":89,"column":5}},"42":{"start":{"line":85,"column":6},"end":{"line":88,"column":7}},"43":{"start":{"line":86,"column":29},"end":{"line":86,"column":38}},"44":{"start":{"line":87,"column":8},"end":{"line":87,"column":31}},"45":{"start":{"line":91,"column":4},"end":{"line":93,"column":5}},"46":{"start":{"line":92,"column":6},"end":{"line":92,"column":28}},"47":{"start":{"line":95,"column":4},"end":{"line":95,"column":18}},"48":{"start":{"line":99,"column":4},"end":{"line":99,"column":27}},"49":{"start":{"line":103,"column":4},"end":{"line":103,"column":29}},"50":{"start":{"line":5,"column":0},"end":{"line":5,"column":13}},"51":{"start":{"line":111,"column":2},"end":{"line":111,"column":47}}},"fnMap":{"0":{"name":"(anonymous_0)","decl":{"start":{"line":10,"column":2},"end":{"line":10,"column":14}},"loc":{"start":{"line":10,"column":88},"end":{"line":14,"column":3}}},"1":{"name":"(anonymous_1)","decl":{"start":{"line":16,"column":2},"end":{"line":16,"column":8}},"loc":{"start":{"line":16,"column":42},"end":{"line":52,"column":3}}},"2":{"name":"(anonymous_2)","decl":{"start":{"line":54,"column":2},"end":{"line":54,"column":7}},"loc":{"start":{"line":54,"column":53},"end":{"line":96,"column":3}}},"3":{"name":"(anonymous_3)","decl":{"start":{"line":98,"column":2},"end":{"line":98,"column":6}},"loc":{"start":{"line":98,"column":15},"end":{"line":100,"column":3}}},"4":{"name":"(anonymous_4)","decl":{"start":{"line":102,"column":2},"end":{"line":102,"column":6}},"loc":{"start":{"line":102,"column":17},"end":{"line":104,"column":3}}},"5":{"name":"map","decl":{"start":{"line":107,"column":16},"end":{"line":107,"column":19}},"loc":{"start":{"line":109,"column":39},"end":{"line":112,"column":1}}}},"branchMap":{"0":{"loc":{"start":{"line":18,"column":4},"end":{"line":25,"column":5}},"type":"if","locations":[{"start":{"line":18,"column":4},"end":{"line":25,"column":5}}]},"1":{"loc":{"start":{"line":40,"column":8},"end":{"line":42,"column":9}},"type":"if","locations":[{"start":{"line":40,"column":8},"end":{"line":42,"column":9}}]},"2":{"loc":{"start":{"line":47,"column":4},"end":{"line":49,"column":5}},"type":"if","locations":[{"start":{"line":47,"column":4},"end":{"line":49,"column":5}}]},"3":{"loc":{"start":{"line":56,"column":4},"end":{"line":63,"column":5}},"type":"if","locations":[{"start":{"line":56,"column":4},"end":{"line":63,"column":5}}]},"4":{"loc":{"start":{"line":85,"column":6},"end":{"line":88,"column":7}},"type":"if","locations":[{"start":{"line":85,"column":6},"end":{"line":88,"column":7}}]},"5":{"loc":{"start":{"line":91,"column":4},"end":{"line":93,"column":5}},"type":"if","locations":[{"start":{"line":91,"column":4},"end":{"line":93,"column":5}}]}},"s":{"0":13,"1":13,"2":13,"3":6,"4":6,"5":6,"6":6,"7":4,"8":4,"9":1,"10":1,"11":3,"12":3,"13":3,"14":3,"15":4,"16":4,"17":4,"18":4,"19":4,"20":3,"21":1,"22":1,"23":3,"24":2,"25":0,"26":2,"27":2,"28":2,"29":0,"30":0,"31":2,"32":2,"33":2,"34":2,"35":2,"36":2,"37":2,"38":2,"39":2,"40":2,"41":2,"42":2,"43":2,"44":2,"45":2,"46":0,"47":2,"48":0,"49":0,"50":13,"51":6},"f":{"0":6,"1":4,"2":2,"3":0,"4":0,"5":6},"b":{"0":[1],"1":[1],"2":[0],"3":[0],"4":[2],"5":[0]}}
,"C:\\Sync\\Codebox\\ClaudeCode\\schema-validator\\src\\schemas\\complex\\object.ts": {"path":"C:\\Sync\\Codebox\\ClaudeCode\\schema-validator\\src\\schemas\\complex\\object.ts","statementMap":{"0":{"start":{"line":473,"column":0},"end":{"line":473,"column":16}},"1":{"start":{"line":480,"column":0},"end":{"line":480,"column":16}},"2":{"start":{"line":1,"column":0},"end":{"line":1,"column":64}},"3":{"start":{"line":2,"column":0},"end":{"line":2,"column":62}},"4":{"start":{"line":45,"column":19},"end":{"line":45,"column":27}},"5":{"start":{"line":48,"column":43},"end":{"line":48,"column":50}},"6":{"start":{"line":52,"column":4},"end":{"line":52,"column":12}},"7":{"start":{"line":53,"column":4},"end":{"line":53,"column":24}},"8":{"start":{"line":55,"column":4},"end":{"line":61,"column":5}},"9":{"start":{"line":56,"column":6},"end":{"line":56,"column":35}},"10":{"start":{"line":57,"column":11},"end":{"line":61,"column":5}},"11":{"start":{"line":58,"column":6},"end":{"line":58,"column":40}},"12":{"start":{"line":59,"column":11},"end":{"line":61,"column":5}},"13":{"start":{"line":60,"column":6},"end":{"line":60,"column":34}},"14":{"start":{"line":65,"column":23},"end":{"line":65,"column":43}},"15":{"start":{"line":66,"column":4},"end":{"line":73,"column":5}},"16":{"start":{"line":67,"column":6},"end":{"line":71,"column":9}},"17":{"start":{"line":72,"column":6},"end":{"line":72,"column":28}},"18":{"start":{"line":75,"column":16},"end":{"line":75,"column":44}},"19":{"start":{"line":76,"column":19},"end":{"line":76,"column":28}},"20":{"start":{"line":77,"column":26},"end":{"line":77,"column":43}},"21":{"start":{"line":80,"column":4},"end":{"line":112,"column":5}},"22":{"start":{"line":81,"column":6},"end":{"line":81,"column":29}},"23":{"start":{"line":82,"column":20},"end":{"line":82,"column":28}},"24":{"start":{"line":84,"column":6},"end":{"line":111,"column":7}},"25":{"start":{"line":86,"column":25},"end":{"line":86,"column":46}},"26":{"start":{"line":89,"column":32},"end":{"line":90,"column":68}},"27":{"start":{"line":93,"column":8},"end":{"line":99,"column":9}},"28":{"start":{"line":95,"column":10},"end":{"line":97,"column":11}},"29":{"start":{"line":96,"column":12},"end":{"line":96,"column":41}},"30":{"start":{"line":98,"column":10},"end":{"line":98,"column":19}},"31":{"start":{"line":102,"column":24},"end":{"line":102,"column":71}},"32":{"start":{"line":105,"column":8},"end":{"line":107,"column":9}},"33":{"start":{"line":106,"column":10},"end":{"line":106,"column":31}},"34":{"start":{"line":115,"column":34},"end":{"line":115,"column":36}},"35":{"start":{"line":116,"column":4},"end":{"line":120,"column":5}},"36":{"start":{"line":117,"column":6},"end":{"line":119,"column":7}},"37":{"start":{"line":118,"column":8},"end":{"line":118,"column":30}},"38":{"start":{"line":122,"column":4},"end":{"line":145,"column":5}},"39":{"start":{"line":123,"column":6},"end":{"line":143,"column":7}},"40":{"start":{"line":124,"column":8},"end":{"line":128,"column":11}},"41":{"start":{"line":129,"column":13},"end":{"line":143,"column":7}},"42":{"start":{"line":130,"column":8},"end":{"line":132,"column":9}},"43":{"start":{"line":131,"column":10},"end":{"line":131,"column":33}},"44":{"start":{"line":133,"column":13},"end":{"line":143,"column":7}},"45":{"start":{"line":134,"column":8},"end":{"line":142,"column":9}},"46":{"start":{"line":135,"column":10},"end":{"line":141,"column":11}},"47":{"start":{"line":136,"column":29},"end":{"line":136,"column":53}},"48":{"start":{"line":137,"column":28},"end":{"line":137,"column":77}},"49":{"start":{"line":138,"column":12},"end":{"line":138,"column":33}},"50":{"start":{"line":147,"column":4},"end":{"line":149,"column":5}},"51":{"start":{"line":148,"column":6},"end":{"line":148,"column":28}},"52":{"start":{"line":152,"column":4},"end":{"line":165,"column":5}},"53":{"start":{"line":153,"column":6},"end":{"line":164,"column":7}},"54":{"start":{"line":154,"column":28},"end":{"line":154,"column":46}},"55":{"start":{"line":156,"column":8},"end":{"line":160,"column":9}},"56":{"start":{"line":159,"column":10},"end":{"line":159,"column":60}},"57":{"start":{"line":161,"column":8},"end":{"line":163,"column":9}},"58":{"start":{"line":162,"column":10},"end":{"line":162,"column":32}},"59":{"start":{"line":167,"column":4},"end":{"line":167,"column":18}},"60":{"start":{"line":171,"column":23},"end":{"line":171,"column":43}},"61":{"start":{"line":172,"column":4},"end":{"line":179,"column":5}},"62":{"start":{"line":173,"column":6},"end":{"line":177,"column":9}},"63":{"start":{"line":178,"column":6},"end":{"line":178,"column":28}},"64":{"start":{"line":181,"column":16},"end":{"line":181,"column":44}},"65":{"start":{"line":182,"column":19},"end":{"line":182,"column":28}},"66":{"start":{"line":183,"column":26},"end":{"line":183,"column":43}},"67":{"start":{"line":184,"column":59},"end":{"line":184,"column":61}},"68":{"start":{"line":187,"column":4},"end":{"line":215,"column":5}},"69":{"start":{"line":188,"column":6},"end":{"line":188,"column":29}},"70":{"start":{"line":189,"column":20},"end":{"line":189,"column":28}},"71":{"start":{"line":191,"column":6},"end":{"line":214,"column":8}},"72":{"start":{"line":193,"column":10},"end":{"line":212,"column":11}},"73":{"start":{"line":195,"column":29},"end":{"line":195,"column":50}},"74":{"start":{"line":198,"column":36},"end":{"line":199,"column":72}},"75":{"start":{"line":202,"column":27},"end":{"line":202,"column":86}},"76":{"start":{"line":205,"column":12},"end":{"line":207,"column":13}},"77":{"start":{"line":206,"column":14},"end":{"line":206,"column":52}},"78":{"start":{"line":208,"column":12},"end":{"line":208,"column":24}},"79":{"start":{"line":211,"column":12},"end":{"line":211,"column":24}},"80":{"start":{"line":217,"column":20},"end":{"line":217,"column":54}},"81":{"start":{"line":218,"column":4},"end":{"line":224,"column":5}},"82":{"start":{"line":218,"column":17},"end":{"line":218,"column":18}},"83":{"start":{"line":219,"column":18},"end":{"line":219,"column":28}},"84":{"start":{"line":220,"column":6},"end":{"line":223,"column":7}},"85":{"start":{"line":221,"column":29},"end":{"line":221,"column":38}},"86":{"start":{"line":222,"column":8},"end":{"line":222,"column":28}},"87":{"start":{"line":227,"column":34},"end":{"line":227,"column":36}},"88":{"start":{"line":228,"column":4},"end":{"line":232,"column":5}},"89":{"start":{"line":229,"column":6},"end":{"line":231,"column":7}},"90":{"start":{"line":230,"column":8},"end":{"line":230,"column":30}},"91":{"start":{"line":234,"column":4},"end":{"line":264,"column":5}},"92":{"start":{"line":235,"column":6},"end":{"line":263,"column":7}},"93":{"start":{"line":236,"column":8},"end":{"line":240,"column":11}},"94":{"start":{"line":241,"column":13},"end":{"line":263,"column":7}},"95":{"start":{"line":242,"column":8},"end":{"line":244,"column":9}},"96":{"start":{"line":243,"column":10},"end":{"line":243,"column":33}},"97":{"start":{"line":245,"column":13},"end":{"line":263,"column":7}},"98":{"start":{"line":246,"column":33},"end":{"line":254,"column":10}},"99":{"start":{"line":247,"column":27},"end":{"line":247,"column":51}},"100":{"start":{"line":248,"column":10},"end":{"line":253,"column":11}},"101":{"start":{"line":249,"column":27},"end":{"line":249,"column":88}},"102":{"start":{"line":250,"column":12},"end":{"line":250,"column":50}},"103":{"start":{"line":252,"column":12},"end":{"line":252,"column":53}},"104":{"start":{"line":256,"column":32},"end":{"line":256,"column":74}},"105":{"start":{"line":257,"column":8},"end":{"line":262,"column":9}},"106":{"start":{"line":258,"column":10},"end":{"line":261,"column":11}},"107":{"start":{"line":259,"column":33},"end":{"line":259,"column":42}},"108":{"start":{"line":260,"column":12},"end":{"line":260,"column":32}},"109":{"start":{"line":266,"column":4},"end":{"line":268,"column":5}},"110":{"start":{"line":267,"column":6},"end":{"line":267,"column":28}},"111":{"start":{"line":271,"column":4},"end":{"line":278,"column":5}},"112":{"start":{"line":272,"column":6},"end":{"line":277,"column":7}},"113":{"start":{"line":273,"column":8},"end":{"line":273,"column":33}},"114":{"start":{"line":274,"column":8},"end":{"line":276,"column":9}},"115":{"start":{"line":275,"column":10},"end":{"line":275,"column":32}},"116":{"start":{"line":280,"column":4},"end":{"line":280,"column":18}},"117":{"start":{"line":289,"column":19},"end":{"line":289,"column":38}},"118":{"start":{"line":290,"column":4},"end":{"line":290,"column":35}},"119":{"start":{"line":291,"column":4},"end":{"line":291,"column":18}},"120":{"start":{"line":298,"column":19},"end":{"line":298,"column":38}},"121":{"start":{"line":299,"column":4},"end":{"line":299,"column":40}},"122":{"start":{"line":300,"column":4},"end":{"line":300,"column":18}},"123":{"start":{"line":307,"column":19},"end":{"line":307,"column":38}},"124":{"start":{"line":308,"column":4},"end":{"line":308,"column":34}},"125":{"start":{"line":309,"column":4},"end":{"line":309,"column":18}},"126":{"start":{"line":316,"column":22},"end":{"line":316,"column":41}},"127":{"start":{"line":317,"column":4},"end":{"line":317,"column":33}},"128":{"start":{"line":318,"column":4},"end":{"line":318,"column":28}},"129":{"start":{"line":325,"column":21},"end":{"line":325,"column":37}},"130":{"start":{"line":326,"column":4},"end":{"line":330,"column":5}},"131":{"start":{"line":327,"column":6},"end":{"line":329,"column":7}},"132":{"start":{"line":328,"column":8},"end":{"line":328,"column":41}},"133":{"start":{"line":331,"column":4},"end":{"line":331,"column":38}},"134":{"start":{"line":338,"column":19},"end":{"line":338,"column":32}},"135":{"start":{"line":339,"column":21},"end":{"line":339,"column":37}},"136":{"start":{"line":340,"column":4},"end":{"line":344,"column":5}},"137":{"start":{"line":341,"column":6},"end":{"line":343,"column":7}},"138":{"start":{"line":342,"column":9},"end":{"line":342,"column":40}},"139":{"start":{"line":345,"column":4},"end":{"line":345,"column":38}},"140":{"start":{"line":352,"column":4},"end":{"line":371,"column":5}},"141":{"start":{"line":354,"column":23},"end":{"line":354,"column":32}},"142":{"start":{"line":355,"column":6},"end":{"line":357,"column":7}},"143":{"start":{"line":356,"column":8},"end":{"line":356,"column":51}},"144":{"start":{"line":358,"column":6},"end":{"line":358,"column":40}},"145":{"start":{"line":361,"column":21},"end":{"line":361,"column":34}},"146":{"start":{"line":362,"column":23},"end":{"line":362,"column":32}},"147":{"start":{"line":363,"column":6},"end":{"line":369,"column":7}},"148":{"start":{"line":364,"column":8},"end":{"line":368,"column":9}},"149":{"start":{"line":365,"column":10},"end":{"line":365,"column":53}},"150":{"start":{"line":367,"column":10},"end":{"line":367,"column":33}},"151":{"start":{"line":370,"column":6},"end":{"line":370,"column":40}},"152":{"start":{"line":378,"column":4},"end":{"line":399,"column":5}},"153":{"start":{"line":380,"column":23},"end":{"line":380,"column":32}},"154":{"start":{"line":381,"column":6},"end":{"line":384,"column":7}},"155":{"start":{"line":383,"column":8},"end":{"line":383,"column":31}},"156":{"start":{"line":385,"column":6},"end":{"line":385,"column":40}},"157":{"start":{"line":388,"column":21},"end":{"line":388,"column":34}},"158":{"start":{"line":389,"column":23},"end":{"line":389,"column":32}},"159":{"start":{"line":390,"column":6},"end":{"line":397,"column":7}},"160":{"start":{"line":391,"column":8},"end":{"line":396,"column":9}},"161":{"start":{"line":393,"column":10},"end":{"line":393,"column":33}},"162":{"start":{"line":395,"column":10},"end":{"line":395,"column":33}},"163":{"start":{"line":398,"column":6},"end":{"line":398,"column":40}},"164":{"start":{"line":406,"column":24},"end":{"line":406,"column":80}},"165":{"start":{"line":407,"column":4},"end":{"line":407,"column":41}},"166":{"start":{"line":414,"column":26},"end":{"line":414,"column":79}},"167":{"start":{"line":415,"column":4},"end":{"line":415,"column":43}},"168":{"start":{"line":424,"column":4},"end":{"line":437,"column":13}},"169":{"start":{"line":429,"column":8},"end":{"line":431,"column":9}},"170":{"start":{"line":430,"column":10},"end":{"line":430,"column":33}},"171":{"start":{"line":432,"column":8},"end":{"line":432,"column":48}},"172":{"start":{"line":435,"column":8},"end":{"line":435,"column":40}},"173":{"start":{"line":446,"column":21},"end":{"line":446,"column":30}},"174":{"start":{"line":447,"column":4},"end":{"line":451,"column":5}},"175":{"start":{"line":450,"column":6},"end":{"line":450,"column":49}},"176":{"start":{"line":452,"column":4},"end":{"line":452,"column":38}},"177":{"start":{"line":459,"column":4},"end":{"line":459,"column":23}},"178":{"start":{"line":466,"column":4},"end":{"line":466,"column":28}},"179":{"start":{"line":44,"column":0},"end":{"line":44,"column":13}},"180":{"start":{"line":474,"column":2},"end":{"line":474,"column":33}},"181":{"start":{"line":484,"column":2},"end":{"line":520,"column":11}},"182":{"start":{"line":489,"column":6},"end":{"line":491,"column":7}},"183":{"start":{"line":490,"column":8},"end":{"line":490,"column":43}},"184":{"start":{"line":493,"column":21},"end":{"line":493,"column":39}},"185":{"start":{"line":494,"column":18},"end":{"line":494,"column":45}},"186":{"start":{"line":496,"column":6},"end":{"line":500,"column":7}},"187":{"start":{"line":497,"column":26},"end":{"line":497,"column":46}},"188":{"start":{"line":498,"column":28},"end":{"line":498,"column":52}},"189":{"start":{"line":499,"column":8},"end":{"line":499,"column":40}},"190":{"start":{"line":502,"column":6},"end":{"line":502,"column":20}},"191":{"start":{"line":505,"column":6},"end":{"line":507,"column":7}},"192":{"start":{"line":506,"column":8},"end":{"line":506,"column":43}},"193":{"start":{"line":509,"column":21},"end":{"line":509,"column":39}},"194":{"start":{"line":510,"column":18},"end":{"line":510,"column":45}},"195":{"start":{"line":512,"column":6},"end":{"line":516,"column":7}},"196":{"start":{"line":513,"column":26},"end":{"line":513,"column":57}},"197":{"start":{"line":514,"column":28},"end":{"line":514,"column":63}},"198":{"start":{"line":515,"column":8},"end":{"line":515,"column":40}},"199":{"start":{"line":518,"column":6},"end":{"line":518,"column":20}}},"fnMap":{"0":{"name":"(anonymous_0)","decl":{"start":{"line":51,"column":2},"end":{"line":51,"column":14}},"loc":{"start":{"line":51,"column":49},"end":{"line":62,"column":3}}},"1":{"name":"(anonymous_1)","decl":{"start":{"line":64,"column":2},"end":{"line":64,"column":8}},"loc":{"start":{"line":64,"column":42},"end":{"line":168,"column":3}}},"2":{"name":"(anonymous_2)","decl":{"start":{"line":170,"column":2},"end":{"line":170,"column":7}},"loc":{"start":{"line":170,"column":53},"end":{"line":281,"column":3}}},"3":{"name":"(anonymous_3)","decl":{"start":{"line":192,"column":9},"end":{"line":192,"column":14}},"loc":{"start":{"line":192,"column":20},"end":{"line":213,"column":9}}},"4":{"name":"(anonymous_4)","decl":{"start":{"line":246,"column":49},"end":{"line":246,"column":54}},"loc":{"start":{"line":246,"column":63},"end":{"line":254,"column":9}}},"5":{"name":"(anonymous_5)","decl":{"start":{"line":288,"column":2},"end":{"line":288,"column":8}},"loc":{"start":{"line":288,"column":8},"end":{"line":292,"column":3}}},"6":{"name":"(anonymous_6)","decl":{"start":{"line":297,"column":2},"end":{"line":297,"column":13}},"loc":{"start":{"line":297,"column":13},"end":{"line":301,"column":3}}},"7":{"name":"(anonymous_7)","decl":{"start":{"line":306,"column":2},"end":{"line":306,"column":7}},"loc":{"start":{"line":306,"column":7},"end":{"line":310,"column":3}}},"8":{"name":"(anonymous_8)","decl":{"start":{"line":315,"column":2},"end":{"line":315,"column":10}},"loc":{"start":{"line":315,"column":46},"end":{"line":319,"column":3}}},"9":{"name":"(anonymous_9)","decl":{"start":{"line":324,"column":2},"end":{"line":324,"column":6}},"loc":{"start":{"line":324,"column":35},"end":{"line":332,"column":3}}},"10":{"name":"(anonymous_10)","decl":{"start":{"line":337,"column":2},"end":{"line":337,"column":6}},"loc":{"start":{"line":337,"column":35},"end":{"line":346,"column":3}}},"11":{"name":"(anonymous_11)","decl":{"start":{"line":351,"column":2},"end":{"line":351,"column":9}},"loc":{"start":{"line":351,"column":49},"end":{"line":372,"column":3}}},"12":{"name":"(anonymous_12)","decl":{"start":{"line":377,"column":2},"end":{"line":377,"column":10}},"loc":{"start":{"line":377,"column":50},"end":{"line":400,"column":3}}},"13":{"name":"(anonymous_13)","decl":{"start":{"line":405,"column":2},"end":{"line":405,"column":7}},"loc":{"start":{"line":405,"column":53},"end":{"line":408,"column":3}}},"14":{"name":"(anonymous_14)","decl":{"start":{"line":413,"column":2},"end":{"line":413,"column":8}},"loc":{"start":{"line":413,"column":44},"end":{"line":416,"column":3}}},"15":{"name":"(anonymous_15)","decl":{"start":{"line":421,"column":2},"end":{"line":421,"column":7}},"loc":{"start":{"line":421,"column":7},"end":{"line":438,"column":3}}},"16":{"name":"(anonymous_16)","decl":{"start":{"line":428,"column":13},"end":{"line":428,"column":14}},"loc":{"start":{"line":428,"column":31},"end":{"line":433,"column":7}}},"17":{"name":"(anonymous_17)","decl":{"start":{"line":434,"column":18},"end":{"line":434,"column":23}},"loc":{"start":{"line":434,"column":42},"end":{"line":436,"column":7}}},"18":{"name":"(anonymous_18)","decl":{"start":{"line":443,"column":2},"end":{"line":443,"column":13}},"loc":{"start":{"line":443,"column":13},"end":{"line":453,"column":3}}},"19":{"name":"(anonymous_19)","decl":{"start":{"line":458,"column":2},"end":{"line":458,"column":6}},"loc":{"start":{"line":458,"column":11},"end":{"line":460,"column":3}}},"20":{"name":"(anonymous_20)","decl":{"start":{"line":465,"column":2},"end":{"line":465,"column":5}},"loc":{"start":{"line":465,"column":31},"end":{"line":467,"column":3}}},"21":{"name":"object","decl":{"start":{"line":473,"column":16},"end":{"line":473,"column":22}},"loc":{"start":{"line":473,"column":54},"end":{"line":475,"column":1}}},"22":{"name":"record","decl":{"start":{"line":480,"column":16},"end":{"line":480,"column":22}},"loc":{"start":{"line":482,"column":39},"end":{"line":521,"column":1}}},"23":{"name":"(anonymous_23)","decl":{"start":{"line":488,"column":11},"end":{"line":488,"column":12}},"loc":{"start":{"line":488,"column":29},"end":{"line":503,"column":5}}},"24":{"name":"(anonymous_24)","decl":{"start":{"line":504,"column":16},"end":{"line":504,"column":21}},"loc":{"start":{"line":504,"column":40},"end":{"line":519,"column":5}}}},"branchMap":{"0":{"loc":{"start":{"line":51,"column":24},"end":{"line":51,"column":49}},"type":"default-arg","locations":[{"start":{"line":51,"column":47},"end":{"line":51,"column":49}}]},"1":{"loc":{"start":{"line":55,"column":4},"end":{"line":61,"column":5}},"type":"if","locations":[{"start":{"line":55,"column":4},"end":{"line":61,"column":5}},{"start":{"line":57,"column":11},"end":{"line":61,"column":5}}]},"2":{"loc":{"start":{"line":57,"column":11},"end":{"line":61,"column":5}},"type":"if","locations":[{"start":{"line":57,"column":11},"end":{"line":61,"column":5}},{"start":{"line":59,"column":11},"end":{"line":61,"column":5}}]},"3":{"loc":{"start":{"line":59,"column":11},"end":{"line":61,"column":5}},"type":"if","locations":[{"start":{"line":59,"column":11},"end":{"line":61,"column":5}}]},"4":{"loc":{"start":{"line":66,"column":4},"end":{"line":73,"column":5}},"type":"if","locations":[{"start":{"line":66,"column":4},"end":{"line":73,"column":5}}]},"5":{"loc":{"start":{"line":89,"column":32},"end":{"line":90,"column":68}},"type":"cond-expr","locations":[{"start":{"line":90,"column":11},"end":{"line":90,"column":60}},{"start":{"line":90,"column":63},"end":{"line":90,"column":68}}]},"6":{"loc":{"start":{"line":93,"column":8},"end":{"line":99,"column":9}},"type":"if","locations":[{"start":{"line":93,"column":8},"end":{"line":99,"column":9}}]},"7":{"loc":{"start":{"line":93,"column":12},"end":{"line":94,"column":68}},"type":"binary-expr","locations":[{"start":{"line":93,"column":13},"end":{"line":93,"column":41}},{"start":{"line":93,"column":46},"end":{"line":93,"column":72}},{"start":{"line":94,"column":13},"end":{"line":94,"column":36}},{"start":{"line":94,"column":41},"end":{"line":94,"column":67}}]},"8":{"loc":{"start":{"line":95,"column":10},"end":{"line":97,"column":11}},"type":"if","locations":[{"start":{"line":95,"column":10},"end":{"line":97,"column":11}}]},"9":{"loc":{"start":{"line":105,"column":8},"end":{"line":107,"column":9}},"type":"if","locations":[{"start":{"line":105,"column":8},"end":{"line":107,"column":9}}]},"10":{"loc":{"start":{"line":105,"column":12},"end":{"line":105,"column":63}},"type":"binary-expr","locations":[{"start":{"line":105,"column":12},"end":{"line":105,"column":32}},{"start":{"line":105,"column":37},"end":{"line":105,"column":63}}]},"11":{"loc":{"start":{"line":117,"column":6},"end":{"line":119,"column":7}},"type":"if","locations":[{"start":{"line":117,"column":6},"end":{"line":119,"column":7}}]},"12":{"loc":{"start":{"line":122,"column":4},"end":{"line":145,"column":5}},"type":"if","locations":[{"start":{"line":122,"column":4},"end":{"line":145,"column":5}}]},"13":{"loc":{"start":{"line":123,"column":6},"end":{"line":143,"column":7}},"type":"if","locations":[{"start":{"line":123,"column":6},"end":{"line":143,"column":7}},{"start":{"line":129,"column":13},"end":{"line":143,"column":7}}]},"14":{"loc":{"start":{"line":129,"column":13},"end":{"line":143,"column":7}},"type":"if","locations":[{"start":{"line":129,"column":13},"end":{"line":143,"column":7}},{"start":{"line":133,"column":13},"end":{"line":143,"column":7}}]},"15":{"loc":{"start":{"line":133,"column":13},"end":{"line":143,"column":7}},"type":"if","locations":[{"start":{"line":133,"column":13},"end":{"line":143,"column":7}}]},"16":{"loc":{"start":{"line":147,"column":4},"end":{"line":149,"column":5}},"type":"if","locations":[{"start":{"line":147,"column":4},"end":{"line":149,"column":5}}]},"17":{"loc":{"start":{"line":152,"column":4},"end":{"line":165,"column":5}},"type":"if","locations":[{"start":{"line":152,"column":4},"end":{"line":165,"column":5}}]},"18":{"loc":{"start":{"line":152,"column":8},"end":{"line":152,"column":47}},"type":"binary-expr","locations":[{"start":{"line":152,"column":8},"end":{"line":152,"column":20}},{"start":{"line":152,"column":24},"end":{"line":152,"column":47}}]},"19":{"loc":{"start":{"line":156,"column":8},"end":{"line":160,"column":9}},"type":"if","locations":[{"start":{"line":156,"column":8},"end":{"line":160,"column":9}}]},"20":{"loc":{"start":{"line":156,"column":12},"end":{"line":156,"column":65}},"type":"binary-expr","locations":[{"start":{"line":156,"column":12},"end":{"line":156,"column":23}},{"start":{"line":156,"column":27},"end":{"line":156,"column":65}}]},"21":{"loc":{"start":{"line":161,"column":8},"end":{"line":163,"column":9}},"type":"if","locations":[{"start":{"line":161,"column":8},"end":{"line":163,"column":9}}]},"22":{"loc":{"start":{"line":172,"column":4},"end":{"line":179,"column":5}},"type":"if","locations":[{"start":{"line":172,"column":4},"end":{"line":179,"column":5}}]},"23":{"loc":{"start":{"line":198,"column":36},"end":{"line":199,"column":72}},"type":"cond-expr","locations":[{"start":{"line":199,"column":15},"end":{"line":199,"column":64}},{"start":{"line":199,"column":67},"end":{"line":199,"column":72}}]},"24":{"loc":{"start":{"line":205,"column":12},"end":{"line":207,"column":13}},"type":"if","locations":[{"start":{"line":205,"column":12},"end":{"line":207,"column":13}}]},"25":{"loc":{"start":{"line":205,"column":16},"end":{"line":205,"column":59}},"type":"binary-expr","locations":[{"start":{"line":205,"column":16},"end":{"line":205,"column":36}},{"start":{"line":205,"column":40},"end":{"line":205,"column":59}}]},"26":{"loc":{"start":{"line":220,"column":6},"end":{"line":223,"column":7}},"type":"if","locations":[{"start":{"line":220,"column":6},"end":{"line":223,"column":7}}]},"27":{"loc":{"start":{"line":220,"column":10},"end":{"line":220,"column":65}},"type":"binary-expr","locations":[{"start":{"line":220,"column":10},"end":{"line":220,"column":13}},{"start":{"line":220,"column":17},"end":{"line":220,"column":43}},{"start":{"line":220,"column":47},"end":{"line":220,"co
[...]
f","locations":[{"start":{"line":220,"column":2},"end":{"line":225,"column":3}}]},"38":{"loc":{"start":{"line":228,"column":2},"end":{"line":233,"column":3}},"type":"if","locations":[{"start":{"line":228,"column":2},"end":{"line":233,"column":3}}]},"39":{"loc":{"start":{"line":230,"column":4},"end":{"line":232,"column":5}},"type":"if","locations":[{"start":{"line":230,"column":4},"end":{"line":232,"column":5}}]},"40":{"loc":{"start":{"line":236,"column":2},"end":{"line":243,"column":3}},"type":"if","locations":[{"start":{"line":236,"column":2},"end":{"line":243,"column":3}}]},"41":{"loc":{"start":{"line":238,"column":4},"end":{"line":242,"column":5}},"type":"if","locations":[{"start":{"line":238,"column":4},"end":{"line":242,"column":5}}]},"42":{"loc":{"start":{"line":253,"column":2},"end":{"line":263,"column":3}},"type":"if","locations":[{"start":{"line":253,"column":2},"end":{"line":263,"column":3}}]},"43":{"loc":{"start":{"line":256,"column":4},"end":{"line":261,"column":5}},"type":"if","locations":[{"start":{"line":256,"column":4},"end":{"line":261,"column":5}}]},"44":{"loc":{"start":{"line":266,"column":2},"end":{"line":273,"column":3}},"type":"if","locations":[{"start":{"line":266,"column":2},"end":{"line":273,"column":3}}]},"45":{"loc":{"start":{"line":269,"column":4},"end":{"line":271,"column":5}},"type":"if","locations":[{"start":{"line":269,"column":4},"end":{"line":271,"column":5}}]},"46":{"loc":{"start":{"line":276,"column":2},"end":{"line":282,"column":3}},"type":"if","locations":[{"start":{"line":276,"column":2},"end":{"line":282,"column":3}}]},"47":{"loc":{"start":{"line":277,"column":21},"end":{"line":277,"column":77}},"type":"binary-expr","locations":[{"start":{"line":277,"column":21},"end":{"line":277,"column":49}},{"start":{"line":277,"column":54},"end":{"line":277,"column":77}}]},"48":{"loc":{"start":{"line":278,"column":4},"end":{"line":280,"column":5}},"type":"if","locations":[{"start":{"line":278,"column":4},"end":{"line":280,"column":5}}]},"49":{"loc":{"start":{"line":278,"column":8},"end":{"line":278,"column":41}},"type":"binary-expr","locations":[{"start":{"line":278,"column":8},"end":{"line":278,"column":15}},{"start":{"line":278,"column":19},"end":{"line":278,"column":41}}]},"50":{"loc":{"start":{"line":288,"column":2},"end":{"line":303,"column":3}},"type":"switch","locations":[{"start":{"line":289,"column":4},"end":{"line":291,"column":12}},{"start":{"line":292,"column":4},"end":{"line":294,"column":12}},{"start":{"line":295,"column":4},"end":{"line":297,"column":12}},{"start":{"line":298,"column":4},"end":{"line":300,"column":12}},{"start":{"line":301,"column":4},"end":{"line":302,"column":34}}]},"51":{"loc":{"start":{"line":293,"column":24},"end":{"line":293,"column":76}},"type":"cond-expr","locations":[{"start":{"line":293,"column":56},"end":{"line":293,"column":65}},{"start":{"line":293,"column":68},"end":{"line":293,"column":76}}]},"52":{"loc":{"start":{"line":306,"column":2},"end":{"line":308,"column":3}},"type":"if","locations":[{"start":{"line":306,"column":2},"end":{"line":308,"column":3}}]},"53":{"loc":{"start":{"line":311,"column":2},"end":{"line":313,"column":3}},"type":"if","locations":[{"start":{"line":311,"column":2},"end":{"line":313,"column":3}}]},"54":{"loc":{"start":{"line":316,"column":2},"end":{"line":318,"column":3}},"type":"if","locations":[{"start":{"line":316,"column":2},"end":{"line":318,"column":3}}]}},"s":{"0":13,"1":13,"2":13,"3":13,"4":13,"5":13,"6":13,"7":13,"8":13,"9":13,"10":13,"11":13,"12":13,"13":15,"14":15,"15":0,"16":15,"17":1,"18":1,"19":1,"20":2,"21":15,"22":1,"23":1,"24":1,"25":15,"26":1,"27":1,"28":1,"29":2,"30":15,"31":15,"32":15,"33":15,"34":11,"35":4,"36":2,"37":2,"38":1,"39":1,"40":7,"41":4,"42":2,"43":2,"44":1,"45":1,"46":3,"47":0,"48":3,"49":2,"50":1,"51":0,"52":1,"53":0,"54":1,"55":0,"56":1,"57":0,"58":15,"59":0,"60":15,"61":0,"62":15,"63":0,"64":15,"65":0,"66":15,"67":0,"68":15,"69":0,"70":15,"71":0,"72":15,"73":5,"74":15,"75":1,"76":0,"77":0,"78":6,"79":2,"80":2,"81":0,"82":2,"83":0,"84":0,"85":1,"86":1,"87":2,"88":2,"89":4,"90":0,"91":0,"92":0,"93":0,"94":0,"95":0,"96":0,"97":0,"98":0,"99":0,"100":0,"101":0,"102":0,"103":0,"104":7,"105":7,"106":1,"107":1,"108":1,"109":1,"110":1,"111":2,"112":1,"113":6,"114":1,"115":1,"116":1,"117":1,"118":1,"119":5,"120":0,"121":0,"122":0,"123":0,"124":0,"125":5,"126":5,"127":3,"128":3,"129":2,"130":2,"131":0,"132":0,"133":0,"134":0,"135":0,"136":5,"137":2,"138":5,"139":0,"140":5,"141":0,"142":5},"f":{"0":15,"1":2,"2":1,"3":0,"4":0,"5":6,"6":1,"7":2,"8":4,"9":0,"10":0,"11":7,"12":0},"b":{"0":[15,14],"1":[15,15],"2":[0],"3":[1],"4":[1],"5":[1],"6":[1],"7":[1,0],"8":[1],"9":[1,1],"10":[15],"11":[15,15],"12":[4,7],"13":[2,2],"14":[1,1],"15":[4,3],"16":[2,2],"17":[1,1],"18":[0,3],"19":[2,1],"20":[0,1],"21":[0,1],"22":[0,1],"23":[0],"24":[0],"25":[0],"26":[0],"27":[0],"28":[0],"29":[0],"30":[0],"31":[5],"32":[2,2,0,2,0,0],"33":[2,1],"34":[2,1],"35":[0,0],"36":[0],"37":[0],"38":[0],"39":[0],"40":[0],"41":[0],"42":[1],"43":[1],"44":[1],"45":[1],"46":[0],"47":[0,0],"48":[0],"49":[0,0],"50":[3,2,0,0,0],"51":[1,1],"52":[2],"53":[0],"54":[0]}}
,"C:\\Sync\\Codebox\\ClaudeCode\\schema-validator\\src\\utils\\metadata.ts": {"path":"C:\\Sync\\Codebox\\ClaudeCode\\schema-validator\\src\\utils\\metadata.ts","statementMap":{"0":{"start":{"line":29,"column":0},"end":{"line":29,"column":16}},"1":{"start":{"line":44,"column":0},"end":{"line":44,"column":16}},"2":{"start":{"line":55,"column":0},"end":{"line":55,"column":16}},"3":{"start":{"line":66,"column":0},"end":{"line":66,"column":16}},"4":{"start":{"line":77,"column":0},"end":{"line":77,"column":16}},"5":{"start":{"line":86,"column":0},"end":{"line":86,"column":16}},"6":{"start":{"line":100,"column":0},"end":{"line":100,"column":16}},"7":{"start":{"line":107,"column":0},"end":{"line":107,"column":16}},"8":{"start":{"line":134,"column":0},"end":{"line":134,"column":16}},"9":{"start":{"line":145,"column":0},"end":{"line":145,"column":16}},"10":{"start":{"line":156,"column":0},"end":{"line":156,"column":16}},"11":{"start":{"line":167,"column":0},"end":{"line":167,"column":16}},"12":{"start":{"line":178,"column":0},"end":{"line":178,"column":16}},"13":{"start":{"line":190,"column":0},"end":{"line":190,"column":16}},"14":{"start":{"line":201,"column":0},"end":{"line":201,"column":16}},"15":{"start":{"line":212,"column":0},"end":{"line":212,"column":16}},"16":{"start":{"line":223,"column":0},"end":{"line":223,"column":16}},"17":{"start":{"line":234,"column":0},"end":{"line":234,"column":16}},"18":{"start":{"line":245,"column":0},"end":{"line":245,"column":16}},"19":{"start":{"line":257,"column":0},"end":{"line":257,"column":16}},"20":{"start":{"line":307,"column":0},"end":{"line":307,"column":16}},"21":{"start":{"line":7,"column":22},"end":{"line":7,"column":80}},"22":{"start":{"line":12,"column":13},"end":{"line":24,"column":11}},"23":{"start":{"line":34,"column":2},"end":{"line":36,"column":3}},"24":{"start":{"line":35,"column":4},"end":{"line":35,"column":41}},"25":{"start":{"line":37,"column":2},"end":{"line":37,"column":45}},"26":{"start":{"line":38,"column":2},"end":{"line":38,"column":16}},"27":{"start":{"line":48,"column":19},"end":{"line":48,"column":44}},"28":{"start":{"line":49,"column":2},"end":{"line":49,"column":33}},"29":{"start":{"line":59,"column":19},"end":{"line":59,"column":44}},"30":{"start":{"line":60,"column":2},"end":{"line":60,"column":37}},"31":{"start":{"line":70,"column":19},"end":{"line":70,"column":44}},"32":{"start":{"line":71,"column":2},"end":{"line":71,"column":40}},"33":{"start":{"line":80,"column":2},"end":{"line":80,"column":35}},"34":{"start":{"line":90,"column":25},"end":{"line":90,"column":50}},"35":{"start":{"line":91,"column":2},"end":{"line":94,"column":3}},"36":{"start":{"line":92,"column":27},"end":{"line":92,"column":50}},"37":{"start":{"line":93,"column":4},"end":{"line":93,"column":46}},"38":{"start":{"line":101,"column":2},"end":{"line":101,"column":31}},"39":{"start":{"line":111,"column":2},"end":{"line":113,"column":3}},"40":{"start":{"line":112,"column":4},"end":{"line":112,"column":41}},"41":{"start":{"line":115,"column":25},"end":{"line":115,"column":51}},"42":{"start":{"line":117,"column":2},"end":{"line":124,"column":3}},"43":{"start":{"line":118,"column":27},"end":{"line":118,"column":52}},"44":{"start":{"line":119,"column":4},"end":{"line":123,"column":5}},"45":{"start":{"line":120,"column":6},"end":{"line":122,"column":7}},"46":{"start":{"line":121,"column":8},"end":{"line":121,"column":39}},"47":{"start":{"line":138,"column":2},"end":{"line":138,"column":61}},"48":{"start":{"line":139,"column":2},"end":{"line":139,"column":43}},"49":{"start":{"line":149,"column":2},"end":{"line":149,"column":53}},"50":{"start":{"line":150,"column":2},"end":{"line":150,"column":16}},"51":{"start":{"line":160,"column":2},"end":{"line":160,"column":77}},"52":{"start":{"line":161,"column":2},"end":{"line":161,"column":16}},"53":{"start":{"line":171,"column":2},"end":{"line":171,"column":53}},"54":{"start":{"line":172,"column":2},"end":{"line":172,"column":16}},"55":{"start":{"line":182,"column":23},"end":{"line":182,"column":77}},"56":{"start":{"line":183,"column":2},"end":{"line":183,"column":69}},"57":{"start":{"line":184,"column":2},"end":{"line":184,"column":16}},"58":{"start":{"line":194,"column":2},"end":{"line":194,"column":55}},"59":{"start":{"line":195,"column":2},"end":{"line":195,"column":16}},"60":{"start":{"line":205,"column":2},"end":{"line":205,"column":51}},"61":{"start":{"line":206,"column":2},"end":{"line":206,"column":16}},"62":{"start":{"line":216,"column":2},"end":{"line":216,"column":51}},"63":{"start":{"line":217,"column":2},"end":{"line":217,"column":16}},"64":{"start":{"line":227,"column":2},"end":{"line":227,"column":50}},"65":{"start":{"line":228,"column":2},"end":{"line":228,"column":16}},"66":{"start":{"line":238,"column":2},"end":{"line":238,"column":51}},"67":{"start":{"line":239,"column":2},"end":{"line":239,"column":16}},"68":{"start":{"line":249,"column":25},"end":{"line":249,"column":92}},"69":{"start":{"line":250,"column":2},"end":{"line":250,"column":75}},"70":{"start":{"line":251,"column":2},"end":{"line":251,"column":16}},"71":{"start":{"line":271,"column":15},"end":{"line":271,"column":21}},"72":{"start":{"line":273,"column":2},"end":{"line":275,"column":3}},"73":{"start":{"line":274,"column":4},"end":{"line":274,"column":52}},"74":{"start":{"line":276,"column":2},"end":{"line":278,"column":3}},"75":{"start":{"line":277,"column":4},"end":{"line":277,"column":47}},"76":{"start":{"line":279,"column":2},"end":{"line":281,"column":3}},"77":{"start":{"line":280,"column":4},"end":{"line":280,"column":106}},"78":{"start":{"line":282,"column":2},"end":{"line":284,"column":3}},"79":{"start":{"line":283,"column":4},"end":{"line":283,"column":47}},"80":{"start":{"line":285,"column":2},"end":{"line":287,"column":3}},"81":{"start":{"line":286,"column":4},"end":{"line":286,"column":43}},"82":{"start":{"line":288,"column":2},"end":{"line":290,"column":3}},"83":{"start":{"line":289,"column":4},"end":{"line":289,"column":54}},"84":{"start":{"line":291,"column":2},"end":{"line":293,"column":3}},"85":{"start":{"line":292,"column":4},"end":{"line":292,"column":45}},"86":{"start":{"line":294,"column":2},"end":{"line":296,"column":3}},"87":{"start":{"line":295,"column":4},"end":{"line":295,"column":45}},"88":{"start":{"line":297,"column":2},"end":{"line":299,"column":3}},"89":{"start":{"line":298,"column":4},"end":{"line":298,"column":45}},"90":{"start":{"line":301,"column":2},"end":{"line":301,"column":16}},"91":{"start":{"line":320,"column":2},"end":{"line":332,"column":4}}},"fnMap":{"0":{"name":"setMetadata","decl":{"start":{"line":29,"column":16},"end":{"line":29,"column":27}},"loc":{"start":{"line":32,"column":12},"end":{"line":39,"column":1}}},"1":{"name":"getMetadata","decl":{"start":{"line":44,"column":16},"end":{"line":44,"column":27}},"loc":{"start":{"line":46,"column":22},"end":{"line":50,"column":1}}},"2":{"name":"hasMetadata","decl":{"start":{"line":55,"column":16},"end":{"line":55,"column":27}},"loc":{"start":{"line":57,"column":22},"end":{"line":61,"column":1}}},"3":{"name":"deleteMetadata","decl":{"start":{"line":66,"column":16},"end":{"line":66,"column":30}},"loc":{"start":{"line":68,"column":22},"end":{"line":72,"column":1}}},"4":{"name":"getAllMetadata","decl":{"start":{"line":77,"column":16},"end":{"line":77,"column":30}},"loc":{"start":{"line":78,"column":26},"end":{"line":81,"column":1}}},"5":{"name":"copyMetadata","decl":{"start":{"line":86,"column":16},"end":{"line":86,"column":28}},"loc":{"start":{"line":88,"column":26},"end":{"line":95,"column":1}}},"6":{"name":"clearMetadata","decl":{"start":{"line":100,"column":16},"end":{"line":100,"column":29}},"loc":{"start":{"line":100,"column":54},"end":{"line":102,"column":1}}},"7":{"name":"mergeMetadata","decl":{"start":{"line":107,"column":16},"end":{"line":107,"column":29}},"loc":{"start":{"line":109,"column":32},"end":{"line":125,"column":1}}},"8":{"name":"describe","decl":{"start":{"line":134,"column":16},"end":{"line":134,"column":24}},"loc":{"start":{"line":136,"column":21},"end":{"line":140,"column":1}}},"9":{"name":"example","decl":{"start":{"line":145,"column":16},"end":{"line":145,"column":23}},"loc":{"start":{"line":147,"column":14},"end":{"line":151,"column":1}}},"10":{"name":"deprecate","decl":{"start":{"line":156,"column":16},"end":{"line":156,"column":25}},"loc":{"start":{"line":158,"column":17},"end":{"line":162,"column":1}}},"11":{"name":"version","decl":{"start":{"line":167,"column":16},"end":{"line":167,"column":23}},"loc":{"start":{"line":169,"column":17},"end":{"line":173,"column":1}}},"12":{"name":"tag","decl":{"start":{"line":178,"column":16},"end":{"line":178,"column":19}},"loc":{"start":{"line":180,"column":19},"end":{"line":185,"column":1}}},"13":{"name":"document","decl":{"start":{"line":190,"column":16},"end":{"line":190,"column":24}},"loc":{"start":{"line":192,"column":13},"end":{"line":196,"column":1}}},"14":{"name":"source","decl":{"start":{"line":201,"column":16},"end":{"line":201,"column":22}},"loc":{"start":{"line":203,"column":16},"end":{"line":207,"column":1}}},"15":{"name":"author","decl":{"start":{"line":212,"column":16},"end":{"line":212,"column":22}},"loc":{"start":{"line":214,"column":51},"end":{"line":218,"column":1}}},"16":{"name":"created","decl":{"start":{"line":223,"column":16},"end":{"line":223,"column":23}},"loc":{"start":{"line":225,"column":25},"end":{"line":229,"column":1}}},"17":{"name":"modified","decl":{"start":{"line":234,"column":16},"end":{"line":234,"column":24}},"loc":{"start":{"line":236,"column":25},"end":{"line":240,"column":1}}},"18":{"name":"custom","decl":{"start":{"line":245,"column":16},"end":{"line":245,"column":22}},"loc":{"start":{"line":247,"column":27},"end":{"line":252,"column":1}}},"19":{"name":"withMetadata","decl":{"start":{"line":257,"column":16},"end":{"line":257,"column":28}},"loc":{"start":{"line":269,"column":3},"end":{"line":302,"column":1}}},"20":{"name":"getMetadataSummary","decl":{"start":{"line":307,"column":16},"end":{"line":307,"column":34}},"loc":{"start":{"line":307,"column":59},"end":{"line":333,"column":1}}}},"branchMap":{"0":{"loc":{"start":{"line":34,"column":2},"end":{"line":36,"column":3}},"type":"if","locations":[{"start":{"line":34,"column":2},"end":{"line":36,"column":3}}]},"1":{"loc":{"start":{"line":60,"column":9},"end":{"line":60,"column":36}},"type":"binary-expr","locations":[{"start":{"line":60,"column":9},"end":{"line":60,"column":27}},{"start":{"line":60,"column":31},"end":{"line":60,"column":36}}]},"2":{"loc":{"start":{"line":71,"column":9},"end":{"line":71,"column":39}},"type":"binary-expr","locations":[{"start":{"line":71,"column":9},"end":{"line":71,"column":30}},{"start":{"line":71,"column":34},"end":{"line":71,"column":39}}]},"3":{"loc":{"start":{"line":91,"column":2},"end":{"line":94,"column":3}},"type":"if","locations":[{"start":{"line":91,"column":2},"end":{"line":94,"column":3}}]},"4":{"loc":{"start":{"line":111,"column":2},"end":{"line":113,"column":3}},"type":"if","locations":[{"start":{"line":111,"column":2},"end":{"line":113,"column":3}}]},"5":{"loc":{"start":{"line":119,"column":4},"end":{"line":123,"column":5}},"type":"if","locations":[{"start":{"line":119,"column":4},"end":{"line":123,"column":5}}]},"6":{"loc":{"start":{"line":182,"column":23},"end":{"line":182,"column":77}},"type":"binary-expr","locations":[{"start":{"line":182,"column":23},"end":{"line":182,"column":71}},{"start":{"line":182,"column":75},"end":{"line":182,"column":77}}]},"7":{"loc":{"start":{"line":225,"column":2},"end":{"line":225,"column":25}},"type":"default-arg","locations":[{"start":{"line":225,"column":15},"end":{"line":225,"column":25}}]},"8":{"loc":{"start":{"line":236,"column":2},"end":{"line":236,"column":25}},"type":"default-arg","locations":[{"start":{"line":236,"column":15},"end":{"line":236,"column":25}}]},"9":{"loc":{"start":{"line":249,"column":25},"end":{"line":249,"column":92}},"type":"binary-expr","locations":[{"start":{"line":249,"column":25},"end":{"line":249,"column":86}},{"start":{"line":249,"column":90},"end":{"line":249,"column":92}}]},"10":{"loc":{"start":{"line":273,"column":2},"end":{"line":275,"column":3}},"type":"if","locations":[{"start":{"line":273,"column":2},"end":{"line":275,"column":3}}]},"11":{"loc":{"start":{"line":276,"column":2},"end":{"line":278,"column":3}},"type":"if","locations":[{"start":{"line":276,"column":2},"end":{"line":278,"column":3}}]},"12":{"loc":{"start":{"line":279,"column":2},"end":{"line":281,"column":3}},"type":"if","locations":[{"start":{"line":279,"column":2},"end":{"line":281,"column":3}}]},"13":{"loc":{"start":{"line":280,"column":31},"end":{"line":280,"column":104}},"type":"cond-expr","locations":[{"start":{"line":280,"column":73},"end":{"line":280,"column":92}},{"start":{"line":280,"column":95},"end":{"line":280,"column":104}}]},"14":{"loc":{"start":{"line":282,"column":2},"end":{"line":284,"column":3}},"type":"if","locations":[{"start":{"line":282,"column":2},"end":{"line":284,"column":3}}]},"15":{"loc":{"start":{"line":285,"column":2},"end":{"line":287,"column":3}},"type":"if","locations":[{"start":{"line":285,"column":2},"end":{"line":287,"column":3}}]},"16":{"loc":{"start":{"line":288,"column":2},"end":{"line":290,"column":3}},"type":"if","locations":[{"start":{"line":288,"column":2},"end":{"line":290,"column":3}}]},"17":{"loc":{"start":{"line":291,"column":2},"end":{"line":293,"column":3}},"type":"if","locations":[{"start":{"line":291,"column":2},"end":{"line":293,"column":3}}]},"18":{"loc":{"start":{"line":294,"column":2},"end":{"line":296,"column":3}},"type":"if","locations":[{"start":{"line":294,"column":2},"end":{"line":296,"column":3}}]},"19":{"loc":{"start":{"line":297,"column":2},"end":{"line":299,"column":3}},"type":"if","locations":[{"start":{"line":297,"column":2},"end":{"line":299,"column":3}}]}},"s":{"0":13,"1":13,"2":13,"3":13,"4":13,"5":13,"6":13,"7":13,"8":13,"9":13,"10":13,"11":13,"12":13,"13":13,"14":13,"15":13,"16":13,"17":13,"18":13,"19":13,"20":13,"21":13,"22":13,"23":61,"24":39,"25":61,"26":61,"27":83,"28":83,"29":3,"30":3,"31":2,"32":2,"33":4,"34":3,"35":3,"36":2,"37":2,"38":1,"39":4,"40":2,"41":4,"42":4,"43":7,"44":7,"45":5,"46":5,"47":2,"48":2,"49":2,"50":2,"51":3,"52":3,"53":3,"54":3,"55":4,"56":4,"57":4,"58":2,"59":2,"60":2,"61":2,"62":3,"63":3,"64":2,"65":2,"66":2,"67":2,"68":4,"69":4,"70":4,"71":4,"72":4,"73":0,"74":4,"75":1,"76":4,"77":1,"78":4,"79":2,"80":4,"81":1,"82":4,"83":1,"84":4,"85":1,"86":4,"87":1,"88":4,"89":1,"90":4,"91":3},"f":{"0":61,"1":83,"2":3,"3":2,"4":4,"5":3,"6":1,"7":4,"8":2,"9":2,"10":3,"11":3,"12":4,"13":2,"14":2,"15":3,"16":2,"17":2,"18":4,"19":4,"20":3},"b":{"0":[39],"1":[3,1],"2":[2,1],"3":[2],"4":[2],"5":[5],"6":[4,3],"7":[1],"8":[1],"9":[4,3],"10":[0],"11":[1],"12":[1],"13":[0,1],"14":[2],"15":[1],"16":[1],"17":[1],"18":[1],"19":[1]}}
}
