TN:
SF:src\plugins\manager.ts
FN:19,(anonymous_0)
FN:21,(anonymous_1)
FN:28,(anonymous_2)
FN:60,(anonymous_3)
FN:90,(anonymous_4)
FN:94,(anonymous_5)
FN:98,(anonymous_6)
FN:102,(anonymous_7)
FN:106,(anonymous_8)
FN:111,createPlugin
FNF:10
FNH:10
FNDA:41,(anonymous_0)
FNDA:43,(anonymous_1)
FNDA:21,(anonymous_2)
FNDA:7,(anonymous_3)
FNDA:9,(anonymous_4)
FNDA:9,(anonymous_5)
FNDA:9,(anonymous_6)
FNDA:2,(anonymous_7)
FNDA:7,(anonymous_8)
FNDA:1,createPlugin
DA:12,14
DA:14,41
DA:15,41
DA:16,41
DA:17,41
DA:22,43
DA:23,41
DA:25,43
DA:29,21
DA:30,1
DA:33,20
DA:36,20
DA:37,5
DA:38,7
DA:43,20
DA:44,5
DA:45,7
DA:50,20
DA:51,5
DA:52,7
DA:57,20
DA:61,7
DA:62,7
DA:63,1
DA:67,6
DA:68,2
DA:69,3
DA:74,6
DA:75,2
DA:76,3
DA:81,6
DA:82,2
DA:83,3
DA:87,6
DA:91,9
DA:95,9
DA:99,9
DA:103,2
DA:107,7
DA:111,14
DA:112,1
DA:116,14
LF:42
LH:42
BRDA:22,0,0,41
BRDA:29,1,0,1
BRDA:36,2,0,5
BRDA:43,3,0,5
BRDA:50,4,0,5
BRDA:62,5,0,1
BRDA:67,6,0,2
BRDA:74,7,0,2
BRDA:81,8,0,2
BRF:9
BRH:9
end_of_record
TN:
SF:src\schemas\complex\array.ts
FN:16,(anonymous_0)
FN:21,(anonymous_1)
FN:112,(anonymous_2)
FN:205,(anonymous_3)
FN:211,(anonymous_4)
FN:217,(anonymous_5)
FN:223,(anonymous_6)
FN:229,(anonymous_7)
FN:234,array
FNF:9
FNH:9
FNDA:59,(anonymous_0)
FNDA:64,(anonymous_1)
FNDA:18,(anonymous_2)
FNDA:16,(anonymous_3)
FNDA:10,(anonymous_4)
FNDA:4,(anonymous_5)
FNDA:6,(anonymous_6)
FNDA:1,(anonymous_7)
FNDA:59,array
DA:1,13
DA:2,13
DA:11,13
DA:12,59
DA:14,59
DA:17,59
DA:18,59
DA:22,64
DA:23,64
DA:24,6
DA:30,6
DA:33,58
DA:35,58
DA:36,45
DA:38,20
DA:39,8
DA:49,20
DA:52,13
DA:53,4
DA:63,13
DA:66,4
DA:67,3
DA:74,4
DA:77,8
DA:78,3
DA:88,8
DA:92,58
DA:93,58
DA:94,88
DA:95,88
DA:96,88
DA:97,70
DA:99,18
DA:100,18
DA:105,40
DA:106,5
DA:109,35
DA:113,18
DA:114,18
DA:115,2
DA:121,2
DA:124,16
DA:126,16
DA:127,11
DA:129,4
DA:130,2
DA:140,4
DA:143,2
DA:144,1
DA:154,2
DA:157,3
DA:158,2
DA:165,3
DA:168,2
DA:169,1
DA:179,2
DA:183,16
DA:184,16
DA:186,16
DA:187,28
DA:188,28
DA:191,16
DA:192,16
DA:193,28
DA:194,17
DA:198,16
DA:199,7
DA:202,9
DA:206,16
DA:207,16
DA:208,16
DA:212,10
DA:213,10
DA:214,10
DA:218,4
DA:219,4
DA:220,4
DA:224,6
DA:225,6
DA:226,6
DA:230,1
DA:234,13
DA:235,59
LF:83
LH:83
BRDA:23,0,0,6
BRDA:36,1,0,20
BRDA:36,1,1,13
BRDA:36,1,2,4
BRDA:36,1,3,8
BRDA:38,2,0,8
BRDA:41,3,0,8
BRDA:41,3,1,7
BRDA:52,4,0,4
BRDA:55,5,0,4
BRDA:55,5,1,3
BRDA:66,6,0,3
BRDA:69,7,0,3
BRDA:69,7,1,2
BRDA:77,8,0,3
BRDA:80,9,0,3
BRDA:80,9,1,2
BRDA:99,10,0,18
BRDA:105,11,0,5
BRDA:114,12,0,2
BRDA:127,13,0,4
BRDA:127,13,1,2
BRDA:127,13,2,3
BRDA:127,13,3,2
BRDA:129,14,0,2
BRDA:132,15,0,2
BRDA:132,15,1,2
BRDA:143,16,0,1
BRDA:146,17,0,1
BRDA:146,17,1,1
BRDA:157,18,0,2
BRDA:160,19,0,2
BRDA:160,19,1,2
BRDA:168,20,0,1
BRDA:171,21,0,1
BRDA:171,21,1,1
BRDA:193,22,0,17
BRDA:198,23,0,7
BRF:38
BRH:38
end_of_record
TN:
SF:src\schemas\complex\discriminated-union.ts
FN:20,(anonymous_0)
FN:43,(anonymous_1)
FN:57,(anonymous_2)
FN:88,(anonymous_3)
FN:119,(anonymous_4)
FN:123,(anonymous_5)
FN:128,discriminatedUnion
FNF:7
FNH:4
FNDA:2,(anonymous_0)
FNDA:5,(anonymous_1)
FNDA:4,(anonymous_2)
FNDA:0,(anonymous_3)
FNDA:0,(anonymous_4)
FNDA:0,(anonymous_5)
FNDA:2,discriminatedUnion
DA:1,13
DA:2,13
DA:8,13
DA:15,2
DA:21,2
DA:22,2
DA:23,2
DA:24,2
DA:27,2
DA:28,5
DA:29,5
DA:31,5
DA:32,0
DA:36,5
DA:37,5
DA:38,5
DA:45,5
DA:46,5
DA:50,0
DA:51,0
DA:54,0
DA:58,4
DA:59,4
DA:60,0
DA:66,0
DA:69,4
DA:70,4
DA:72,4
DA:73,4
DA:74,1
DA:82,1
DA:85,3
DA:89,0
DA:90,0
DA:91,0
DA:97,0
DA:100,0
DA:101,0
DA:103,0
DA:104,0
DA:105,0
DA:113,0
DA:116,0
DA:120,0
DA:124,0
DA:128,13
DA:132,2
LF:47
LH:28
BRDA:31,0,0,0
BRDA:37,1,0,5
BRDA:45,2,0,5
BRDA:45,3,0,5
BRDA:45,3,1,5
BRDA:50,4,0,0
BRDA:50,5,0,0
BRDA:50,5,1,0
BRDA:59,6,0,0
BRDA:73,7,0,1
BRDA:90,8,0,0
BRDA:104,9,0,0
BRF:12
BRH:5
end_of_record
TN:
SF:src\schemas\complex\effects.ts
FN:17,(anonymous_0)
FN:26,(anonymous_1)
FN:40,(anonymous_2)
FN:55,effects
FNF:4
FNH:4
FNDA:6,(anonymous_0)
FNDA:5,(anonymous_1)
FNDA:2,(anonymous_2)
FNDA:6,effects
DA:1,13
DA:12,13
DA:13,6
DA:21,6
DA:22,6
DA:23,6
DA:27,5
DA:29,4
DA:30,4
DA:33,4
DA:34,1
DA:37,3
DA:41,2
DA:43,2
DA:44,2
DA:47,2
DA:48,0
DA:51,2
DA:55,13
DA:59,6
LF:20
LH:19
BRDA:29,0,0,4
BRDA:33,1,0,1
BRDA:43,2,0,2
BRDA:47,3,0,0
BRF:4
BRH:3
end_of_record
TN:
SF:src\schemas\complex\enum.ts
FN:10,(anonymous_0)
FN:16,(anonymous_1)
FN:32,(anonymous_2)
FN:36,(anonymous_3)
FN:40,(anonymous_4)
FN:45,enumSchema
FN:55,(anonymous_6)
FN:72,(anonymous_7)
FN:88,(anonymous_8)
FN:92,(anonymous_9)
FN:96,(anonymous_10)
FN:101,nativeEnum
FNF:12
FNH:3
FNDA:3,(anonymous_0)
FNDA:5,(anonymous_1)
FNDA:0,(anonymous_2)
FNDA:0,(anonymous_3)
FNDA:0,(anonymous_4)
FNDA:3,enumSchema
FNDA:0,(anonymous_6)
FNDA:0,(anonymous_7)
FNDA:0,(anonymous_8)
FNDA:0,(anonymous_9)
FNDA:0,(anonymous_10)
FNDA:0,nativeEnum
DA:1,13
DA:2,13
DA:5,13
DA:6,3
DA:11,3
DA:12,3
DA:13,3
DA:17,5
DA:18,0
DA:26,0
DA:29,5
DA:33,0
DA:37,0
DA:41,0
DA:45,13
DA:46,3
DA:50,13
DA:51,0
DA:56,0
DA:57,0
DA:60,0
DA:61,0
DA:62,0
DA:65,0
DA:66,0
DA:69,0
DA:73,0
DA:74,0
DA:82,0
DA:85,0
DA:89,0
DA:93,0
DA:97,0
DA:101,13
DA:102,0
LF:35
LH:13
BRDA:17,0,0,0
BRDA:65,1,0,0
BRDA:65,2,0,0
BRDA:65,2,1,0
BRDA:73,3,0,0
BRF:5
BRH:0
end_of_record
TN:
SF:src\schemas\complex\function.ts
FN:17,(anonymous_0)
FN:23,(anonymous_1)
FN:39,(anonymous_2)
FN:66,(anonymous_3)
FN:82,(anonymous_4)
FN:109,(anonymous_5)
FN:115,(anonymous_6)
FN:121,(anonymous_7)
FN:128,functionSchema
FNF:9
FNH:8
FNDA:11,(anonymous_0)
FNDA:5,(anonymous_1)
FNDA:1,(anonymous_2)
FNDA:2,(anonymous_3)
FNDA:0,(anonymous_4)
FNDA:2,(anonymous_5)
FNDA:2,(anonymous_6)
FNDA:1,(anonymous_7)
FNDA:7,functionSchema
DA:1,13
DA:2,13
DA:5,13
DA:12,11
DA:18,11
DA:19,11
DA:20,11
DA:24,5
DA:25,5
DA:26,1
DA:31,1
DA:34,4
DA:37,4
DA:39,1
DA:41,1
DA:42,1
DA:43,2
DA:44,2
DA:45,2
DA:46,2
DA:51,1
DA:54,1
DA:55,1
DA:56,1
DA:59,0
DA:63,3
DA:67,2
DA:68,2
DA:69,0
DA:74,0
DA:77,2
DA:80,2
DA:82,0
DA:84,0
DA:85,0
DA:86,0
DA:87,0
DA:88,0
DA:89,0
DA:94,0
DA:97,0
DA:98,0
DA:99,0
DA:102,0
DA:106,2
DA:112,2
DA:118,2
DA:122,1
DA:123,1
DA:124,1
DA:128,13
DA:129,7
LF:52
LH:37
BRDA:25,0,0,1
BRDA:37,1,0,1
BRDA:41,2,0,1
BRDA:54,3,0,1
BRDA:68,4,0,0
BRDA:80,5,0,0
BRDA:84,6,0,0
BRDA:97,7,0,0
BRF:8
BRH:4
end_of_record
TN:
SF:src\schemas\complex\intersection.ts
FN:15,(anonymous_0)
FN:21,(anonymous_1)
FN:39,(anonymous_2)
FN:60,intersection
FNF:4
FNH:4
FNDA:14,(anonymous_0)
FNDA:13,(anonymous_1)
FNDA:2,(anonymous_2)
FNDA:14,intersection
DA:1,13
DA:4,13
DA:11,14
DA:16,14
DA:17,14
DA:18,14
DA:22,13
DA:23,12
DA:25,11
DA:26,0
DA:30,11
DA:33,11
DA:36,0
DA:40,2
DA:45,2
DA:46,0
DA:50,2
DA:53,2
DA:56,0
DA:60,13
DA:64,14
LF:21
LH:17
BRDA:25,0,0,0
BRDA:30,1,0,11
BRDA:30,2,0,11
BRDA:30,2,1,11
BRDA:30,2,2,11
BRDA:30,2,3,11
BRDA:30,2,4,11
BRDA:30,2,5,11
BRDA:45,3,0,0
BRDA:50,4,0,2
BRDA:50,5,0,2
BRDA:50,5,1,2
BRDA:50,5,2,2
BRDA:50,5,3,2
BRDA:50,5,4,2
BRDA:50,5,5,2
BRF:16
BRH:14
end_of_record
TN:
SF:src\schemas\complex\lazy.ts
FN:9,(anonymous_0)
FN:14,(anonymous_1)
FN:21,(anonymous_2)
FN:25,(anonymous_3)
FN:30,lazy
FNF:5
FNH:5
FNDA:9,(anonymous_0)
FNDA:14,(anonymous_1)
FNDA:12,(anonymous_2)
FNDA:2,(anonymous_3)
FNDA:9,lazy
DA:1,13
DA:4,13
DA:5,9
DA:10,9
DA:11,9
DA:15,14
DA:16,8
DA:18,14
DA:22,12
DA:26,2
DA:30,13
DA:31,9
LF:12
LH:12
BRDA:15,0,0,8
BRF:1
BRH:1
end_of_record
TN:
SF:src\schemas\complex\map.ts
FN:10,(anonymous_0)
FN:16,(anonymous_1)
FN:54,(anonymous_2)
FN:98,(anonymous_3)
FN:102,(anonymous_4)
FN:107,map
FNF:6
FNH:4
FNDA:6,(anonymous_0)
FNDA:4,(anonymous_1)
FNDA:2,(anonymous_2)
FNDA:0,(anonymous_3)
FNDA:0,(anonymous_4)
FNDA:6,map
DA:1,13
DA:2,13
DA:5,13
DA:6,6
DA:11,6
DA:12,6
DA:13,6
DA:17,4
DA:18,4
DA:19,1
DA:24,1
DA:27,3
DA:28,3
DA:30,3
DA:31,3
DA:32,4
DA:33,4
DA:35,4
DA:36,4
DA:37,4
DA:38,3
DA:40,1
DA:41,1
DA:44,3
DA:47,2
DA:48,0
DA:51,2
DA:55,2
DA:56,2
DA:57,0
DA:62,0
DA:65,2
DA:66,2
DA:67,2
DA:69,2
DA:70,2
DA:71,2
DA:72,2
DA:74,2
DA:80,2
DA:83,2
DA:84,2
DA:85,2
DA:86,2
DA:87,2
DA:91,2
DA:92,0
DA:95,2
DA:99,0
DA:103,0
DA:107,13
DA:111,6
LF:52
LH:46
BRDA:18,0,0,1
BRDA:40,1,0,1
BRDA:47,2,0,0
BRDA:56,3,0,0
BRDA:85,4,0,2
BRDA:91,5,0,0
BRF:6
BRH:3
end_of_record
TN:
SF:src\schemas\complex\object.ts
FN:51,(anonymous_0)
FN:64,(anonymous_1)
FN:170,(anonymous_2)
FN:192,(anonymous_3)
FN:246,(anonymous_4)
FN:288,(anonymous_5)
FN:297,(anonymous_6)
FN:306,(anonymous_7)
FN:315,(anonymous_8)
FN:324,(anonymous_9)
FN:337,(anonymous_10)
FN:351,(anonymous_11)
FN:377,(anonymous_12)
FN:405,(anonymous_13)
FN:413,(anonymous_14)
FN:421,(anonymous_15)
FN:428,(anonymous_16)
FN:434,(anonymous_17)
FN:443,(anonymous_18)
FN:458,(anonymous_19)
FN:465,(anonymous_20)
FN:473,object
FN:480,record
FN:488,(anonymous_23)
FN:504,(anonymous_24)
FNF:25
FNH:19
FNDA:141,(anonymous_0)
FNDA:133,(anonymous_1)
FNDA:4,(anonymous_2)
FNDA:4,(anonymous_3)
FNDA:0,(anonymous_4)
FNDA:1,(anonymous_5)
FNDA:1,(anonymous_6)
FNDA:1,(anonymous_7)
FNDA:1,(anonymous_8)
FNDA:3,(anonymous_9)
FNDA:3,(anonymous_10)
FNDA:3,(anonymous_11)
FNDA:2,(anonymous_12)
FNDA:3,(anonymous_13)
FNDA:3,(anonymous_14)
FNDA:1,(anonymous_15)
FNDA:4,(anonymous_16)
FNDA:0,(anonymous_17)
FNDA:1,(anonymous_18)
FNDA:7,(anonymous_19)
FNDA:0,(anonymous_20)
FNDA:123,object
FNDA:0,record
FNDA:0,(anonymous_23)
FNDA:0,(anonymous_24)
DA:1,13
DA:2,13
DA:44,13
DA:45,141
DA:48,141
DA:52,141
DA:53,141
DA:55,141
DA:56,0
DA:57,141
DA:58,0
DA:59,141
DA:60,141
DA:65,133
DA:66,133
DA:67,1
DA:72,1
DA:75,132
DA:76,132
DA:77,132
DA:80,132
DA:81,343
DA:82,343
DA:84,343
DA:86,343
DA:89,343
DA:93,343
DA:95,24
DA:96,0
DA:98,24
DA:102,319
DA:105,251
DA:106,251
DA:115,132
DA:116,132
DA:117,338
DA:118,34
DA:122,132
DA:123,27
DA:124,1
DA:129,26
DA:130,1
DA:131,1
DA:133,25
DA:134,2
DA:135,3
DA:136,3
DA:137,3
DA:138,2
DA:147,132
DA:148,32
DA:152,100
DA:153,2
DA:154,2
DA:156,2
DA:159,0
DA:161,2
DA:162,1
DA:167,99
DA:171,4
DA:172,4
DA:173,0
DA:178,0
DA:181,4
DA:182,4
DA:183,4
DA:184,4
DA:187,4
DA:188,4
DA:189,4
DA:191,4
DA:193,4
DA:195,4
DA:198,4
DA:202,4
DA:205,4
DA:206,4
DA:208,0
DA:211,0
DA:217,4
DA:218,4
DA:219,4
DA:220,4
DA:221,4
DA:222,4
DA:227,4
DA:228,4
DA:229,8
DA:230,4
DA:234,4
DA:235,4
DA:236,0
DA:241,4
DA:242,0
DA:243,0
DA:245,4
DA:246,0
DA:247,0
DA:248,0
DA:249,0
DA:250,0
DA:252,0
DA:256,0
DA:257,0
DA:258,0
DA:259,0
DA:260,0
DA:266,4
DA:267,0
DA:271,4
DA:272,0
DA:273,0
DA:274,0
DA:275,0
DA:280,4
DA:289,1
DA:290,1
DA:291,1
DA:298,1
DA:299,1
DA:300,1
DA:307,1
DA:308,1
DA:309,1
DA:316,1
DA:317,1
DA:318,1
DA:325,3
DA:326,3
DA:327,6
DA:328,6
DA:331,3
DA:338,3
DA:339,3
DA:340,3
DA:341,9
DA:342,6
DA:345,3
DA:352,3
DA:354,3
DA:355,3
DA:356,6
DA:358,3
DA:361,0
DA:362,0
DA:363,0
DA:364,0
DA:365,0
DA:367,0
DA:370,0
DA:378,2
DA:380,2
DA:381,2
DA:383,4
DA:385,2
DA:388,0
DA:389,0
DA:390,0
DA:391,0
DA:393,0
DA:395,0
DA:398,0
DA:406,3
DA:407,3
DA:414,3
DA:415,3
DA:424,1
DA:429,4
DA:430,3
DA:432,1
DA:435,0
DA:446,1
DA:447,1
DA:450,2
DA:452,1
DA:459,7
DA:466,0
DA:473,13
DA:474,123
DA:480,13
DA:484,0
DA:489,0
DA:490,0
DA:493,0
DA:494,0
DA:496,0
DA:497,0
DA:498,0
DA:499,0
DA:502,0
DA:505,0
DA:506,0
DA:509,0
DA:510,0
DA:512,0
DA:513,0
DA:514,0
DA:515,0
DA:518,0
LF:199
LH:137
BRDA:51,0,0,141
BRDA:55,1,0,0
BRDA:55,1,1,141
BRDA:57,2,0,0
BRDA:57,2,1,141
BRDA:59,3,0,141
BRDA:66,4,0,1
BRDA:89,5,0,343
BRDA:89,5,1,0
BRDA:93,6,0,24
BRDA:93,7,0,343
BRDA:93,7,1,28
BRDA:93,7,2,319
BRDA:93,7,3,0
BRDA:95,8,0,0
BRDA:105,9,0,251
BRDA:105,10,0,251
BRDA:105,10,1,0
BRDA:117,11,0,34
BRDA:122,12,0,27
BRDA:123,13,0,1
BRDA:123,13,1,26
BRDA:129,14,0,1
BRDA:129,14,1,25
BRDA:133,15,0,2
BRDA:147,16,0,32
BRDA:152,17,0,2
BRDA:152,18,0,100
BRDA:152,18,1,100
BRDA:156,19,0,0
BRDA:156,20,0,2
BRDA:156,20,1,0
BRDA:161,21,0,1
BRDA:172,22,0,0
BRDA:198,23,0,4
BRDA:198,23,1,0
BRDA:205,24,0,4
BRDA:205,25,0,4
BRDA:205,25,1,0
BRDA:220,26,0,4
BRDA:220,27,0,4
BRDA:220,27,1,4
BRDA:220,27,2,4
BRDA:229,28,0,4
BRDA:234,29,0,4
BRDA:235,30,0,0
BRDA:235,30,1,4
BRDA:241,31,0,0
BRDA:241,31,1,4
BRDA:245,32,0,0
BRDA:258,33,0,0
BRDA:258,34,0,0
BRDA:258,34,1,0
BRDA:266,35,0,0
BRDA:271,36,0,0
BRDA:271,37,0,4
BRDA:271,37,1,4
BRDA:274,38,0,0
BRDA:327,39,0,6
BRDA:341,40,0,6
BRDA:352,41,0,3
BRDA:352,41,1,0
BRDA:364,42,0,0
BRDA:364,42,1,0
BRDA:378,43,0,2
BRDA:378,43,1,0
BRDA:391,44,0,0
BRDA:391,44,1,0
BRDA:429,45,0,3
BRDA:429,46,0,4
BRDA:429,46,1,4
BRDA:489,47,0,0
BRDA:489,48,0,0
BRDA:489,48,1,0
BRDA:505,49,0,0
BRDA:505,50,0,0
BRDA:505,50,1,0
BRF:77
BRH:45
end_of_record
TN:
SF:src\schemas\complex\pipeline.ts
FN:16,(anonymous_0)
FN:21,(anonymous_1)
FN:35,(anonymous_2)
FN:49,(anonymous_3)
FN:54,pipeline
FNF:5
FNH:5
FNDA:19,(anonymous_0)
FNDA:12,(anonymous_1)
FNDA:5,(anonymous_2)
FNDA:2,(anonymous_3)
FNDA:19,pipeline
DA:1,13
DA:7,13
DA:13,19
DA:17,19
DA:18,19
DA:22,12
DA:24,12
DA:25,22
DA:27,19
DA:28,0
DA:32,9
DA:36,5
DA:38,5
DA:39,9
DA:41,7
DA:42,0
DA:46,3
DA:50,2
DA:54,13
DA:57,19
LF:20
LH:18
BRDA:27,0,0,0
BRDA:41,1,0,0
BRF:2
BRH:0
end_of_record
TN:
SF:src\schemas\complex\preprocess.ts
FN:9,(anonymous_0)
FN:18,(anonymous_1)
FN:34,(anonymous_2)
FN:51,preprocess
FNF:4
FNH:4
FNDA:10,(anonymous_0)
FNDA:9,(anonymous_1)
FNDA:1,(anonymous_2)
FNDA:10,preprocess
DA:1,13
DA:4,13
DA:5,10
DA:13,10
DA:14,10
DA:15,10
DA:21,9
DA:22,9
DA:24,0
DA:28,0
DA:31,9
DA:37,1
DA:38,1
DA:40,0
DA:44,0
DA:47,1
DA:51,13
DA:55,10
LF:18
LH:14
BRDA:26,0,0,0
BRDA:26,0,1,0
BRDA:42,1,0,0
BRDA:42,1,1,0
BRF:4
BRH:0
end_of_record
TN:
SF:src\schemas\complex\promise.ts
FN:9,(anonymous_0)
FN:14,(anonymous_1)
FN:25,(anonymous_2)
FN:30,(anonymous_3)
FN:42,(anonymous_4)
FN:47,(anonymous_5)
FN:52,promise
FNF:7
FNH:6
FNDA:7,(anonymous_0)
FNDA:5,(anonymous_1)
FNDA:4,(anonymous_2)
FNDA:2,(anonymous_3)
FNDA:2,(anonymous_4)
FNDA:0,(anonymous_5)
FNDA:7,promise
DA:1,13
DA:2,13
DA:5,13
DA:6,7
DA:10,7
DA:11,7
DA:15,5
DA:16,5
DA:17,1
DA:22,1
DA:25,4
DA:26,4
DA:31,2
DA:32,2
DA:33,0
DA:38,0
DA:42,2
DA:43,2
DA:48,0
DA:52,13
DA:53,7
LF:21
LH:18
BRDA:16,0,0,1
BRDA:32,1,0,0
BRF:2
BRH:1
end_of_record
TN:
SF:src\schemas\complex\record.ts
FN:13,(anonymous_0)
FN:19,(anonymous_1)
FN:65,(anonymous_2)
FN:83,(anonymous_3)
FN:119,record
FNF:5
FNH:3
FNDA:3,(anonymous_0)
FNDA:5,(anonymous_1)
FNDA:0,(anonymous_2)
FNDA:0,(anonymous_3)
FNDA:3,record
DA:1,13
DA:2,13
DA:5,13
DA:9,3
DA:14,3
DA:15,3
DA:16,3
DA:20,5
DA:21,5
DA:22,0
DA:27,0
DA:30,5
DA:31,5
DA:33,5
DA:34,8
DA:36,8
DA:37,8
DA:38,1
DA:42,1
DA:46,7
DA:47,7
DA:48,0
DA:49,0
DA:50,0
DA:53,7
DA:58,5
DA:59,1
DA:62,4
DA:66,0
DA:67,0
DA:68,0
DA:73,0
DA:76,0
DA:77,0
DA:78,0
DA:80,0
DA:81,0
DA:82,0
DA:85,0
DA:86,0
DA:87,0
DA:91,0
DA:95,0
DA:96,0
DA:97,0
DA:98,0
DA:99,0
DA:102,0
DA:109,0
DA:111,0
DA:112,0
DA:115,0
DA:119,13
DA:123,3
LF:54
LH:25
BRDA:21,0,0,0
BRDA:34,1,0,8
BRDA:37,2,0,1
BRDA:47,3,0,0
BRDA:47,3,1,7
BRDA:58,4,0,1
BRDA:67,5,0,0
BRDA:81,6,0,0
BRDA:86,7,0,0
BRDA:96,8,0,0
BRDA:96,8,1,0
BRDA:111,9,0,0
BRF:12
BRH:4
end_of_record
TN:
SF:src\schemas\complex\set.ts
FN:9,(anonymous_0)
FN:14,(anonymous_1)
FN:50,(anonymous_2)
FN:86,(anonymous_3)
FN:91,set
FNF:5
FNH:4
FNDA:6,(anonymous_0)
FNDA:4,(anonymous_1)
FNDA:2,(anonymous_2)
FNDA:0,(anonymous_3)
FNDA:6,set
DA:1,13
DA:2,13
DA:5,13
DA:6,6
DA:10,6
DA:11,6
DA:15,4
DA:16,4
DA:17,1
DA:22,1
DA:25,3
DA:26,3
DA:28,3
DA:29,3
DA:30,7
DA:32,7
DA:33,7
DA:34,6
DA:36,1
DA:37,1
DA:40,6
DA:43,2
DA:44,0
DA:47,2
DA:51,2
DA:52,2
DA:53,0
DA:58,0
DA:61,2
DA:62,2
DA:63,2
DA:65,2
DA:66,2
DA:67,4
DA:68,4
DA:69,4
DA:72,2
DA:73,2
DA:74,4
DA:75,4
DA:79,2
DA:80,0
DA:83,2
DA:87,0
DA:91,13
DA:92,6
LF:46
LH:41
BRDA:16,0,0,1
BRDA:36,1,0,1
BRDA:43,2,0,0
BRDA:52,3,0,0
BRDA:74,4,0,4
BRDA:79,5,0,0
BRF:6
BRH:3
end_of_record
TN:
SF:src\schemas\complex\tuple.ts
FN:24,(anonymous_0)
FN:30,(anonymous_1)
FN:108,(anonymous_2)
FN:179,(anonymous_3)
FN:183,(anonymous_4)
FN:188,tuple
FNF:6
FNH:4
FNDA:7,(anonymous_0)
FNDA:6,(anonymous_1)
FNDA:2,(anonymous_2)
FNDA:0,(anonymous_3)
FNDA:0,(anonymous_4)
FNDA:7,tuple
DA:1,13
DA:2,13
DA:16,13
DA:20,7
DA:25,7
DA:26,7
DA:27,7
DA:31,6
DA:32,6
DA:33,0
DA:38,0
DA:41,6
DA:42,6
DA:44,6
DA:45,6
DA:46,2
DA:57,0
DA:58,0
DA:70,6
DA:71,10
DA:72,10
DA:73,10
DA:75,10
DA:76,10
DA:77,7
DA:79,3
DA:80,3
DA:85,3
DA:86,0
DA:87,0
DA:88,0
DA:90,0
DA:91,0
DA:92,0
DA:94,0
DA:95,0
DA:101,3
DA:102,0
DA:105,3
DA:109,2
DA:110,2
DA:111,0
DA:116,0
DA:119,2
DA:120,2
DA:122,2
DA:123,2
DA:124,0
DA:135,0
DA:136,0
DA:148,2
DA:150,2
DA:151,4
DA:152,4
DA:153,4
DA:154,4
DA:157,2
DA:158,0
DA:159,0
DA:160,0
DA:161,0
DA:165,2
DA:166,2
DA:167,4
DA:168,4
DA:172,2
DA:173,0
DA:176,2
DA:180,0
DA:184,0
DA:188,13
DA:191,7
LF:72
LH:47
BRDA:24,0,0,7
BRDA:32,1,0,0
BRDA:44,2,0,6
BRDA:44,2,1,0
BRDA:45,3,0,2
BRDA:47,4,0,1
BRDA:47,4,1,1
BRDA:51,5,0,1
BRDA:51,5,1,1
BRDA:57,6,0,0
BRDA:79,7,0,3
BRDA:85,8,0,0
BRDA:94,9,0,0
BRDA:101,10,0,0
BRDA:110,11,0,0
BRDA:122,12,0,2
BRDA:122,12,1,0
BRDA:123,13,0,0
BRDA:125,14,0,0
BRDA:125,14,1,0
BRDA:129,15,0,0
BRDA:129,15,1,0
BRDA:135,16,0,0
BRDA:157,17,0,0
BRDA:167,18,0,4
BRDA:172,19,0,0
BRF:26
BRH:10
end_of_record
TN:
SF:src\schemas\complex\union.ts
FN:12,(anonymous_0)
FN:17,(anonymous_1)
FN:42,(anonymous_2)
FN:67,(anonymous_3)
FN:72,union
FNF:5
FNH:3
FNDA:11,(anonymous_0)
FNDA:22,(anonymous_1)
FNDA:0,(anonymous_2)
FNDA:0,(anonymous_3)
FNDA:11,union
DA:1,13
DA:2,13
DA:5,13
DA:9,11
DA:13,11
DA:14,11
DA:18,22
DA:20,22
DA:21,35
DA:22,35
DA:23,18
DA:25,17
DA:32,4
DA:39,4
DA:43,0
DA:45,0
DA:46,0
DA:47,0
DA:48,0
DA:50,0
DA:57,0
DA:64,0
DA:68,0
DA:72,13
DA:75,11
LF:25
LH:16
BRDA:22,0,0,18
BRDA:22,0,1,17
BRDA:47,1,0,0
BRDA:47,1,1,0
BRF:4
BRH:2
end_of_record
TN:
SF:src\schemas\primitives\any.ts
FN:7,(anonymous_0)
FN:11,(anonymous_1)
FN:16,any
FNF:3
FNH:2
FNDA:2,(anonymous_0)
FNDA:0,(anonymous_1)
FNDA:1,any
DA:1,13
DA:4,13
DA:5,1
DA:8,2
DA:12,0
DA:16,13
DA:17,1
LF:7
LH:6
BRF:0
BRH:0
end_of_record
TN:
SF:src\schemas\primitives\bigint.ts
FN:17,(anonymous_0)
FN:22,(anonymous_1)
FN:185,(anonymous_2)
FN:189,(anonymous_3)
FN:200,(anonymous_4)
FN:211,(anonymous_5)
FN:217,(anonymous_6)
FN:223,(anonymous_7)
FN:229,(anonymous_8)
FN:235,(anonymous_9)
FN:242,bigint
FNF:11
FNH:10
FNDA:13,(anonymous_0)
FNDA:30,(anonymous_1)
FNDA:1,(anonymous_2)
FNDA:2,(anonymous_3)
FNDA:2,(anonymous_4)
FNDA:1,(anonymous_5)
FNDA:1,(anonymous_6)
FNDA:1,(anonymous_7)
FNDA:1,(anonymous_8)
FNDA:0,(anonymous_9)
FNDA:13,bigint
DA:1,13
DA:2,13
DA:12,13
DA:13,13
DA:14,13
DA:18,13
DA:19,13
DA:23,30
DA:24,4
DA:25,4
DA:26,4
DA:28,0
DA:33,0
DA:38,30
DA:39,30
DA:40,2
DA:45,2
DA:48,28
DA:50,28
DA:51,22
DA:53,5
DA:54,5
DA:55,2
DA:66,0
DA:67,0
DA:78,5
DA:81,5
DA:82,5
DA:83,2
DA:94,0
DA:95,0
DA:106,5
DA:109,3
DA:110,2
DA:120,3
DA:123,3
DA:124,2
DA:134,3
DA:137,3
DA:138,1
DA:148,3
DA:151,3
DA:152,1
DA:162,3
DA:165,0
DA:166,0
DA:174,0
DA:178,28
DA:179,10
DA:182,18
DA:186,1
DA:190,2
DA:191,2
DA:197,2
DA:201,2
DA:202,2
DA:208,2
DA:212,1
DA:213,1
DA:214,1
DA:218,1
DA:219,1
DA:220,1
DA:224,1
DA:225,1
DA:226,1
DA:230,1
DA:231,1
DA:232,1
DA:236,0
DA:237,0
DA:238,0
DA:242,13
DA:243,13
LF:74
LH:62
BRDA:17,0,0,10
BRDA:19,1,0,13
BRDA:19,1,1,10
BRDA:23,2,0,4
BRDA:24,3,0,4
BRDA:24,4,0,4
BRDA:24,4,1,2
BRDA:24,4,2,0
BRDA:39,5,0,2
BRDA:51,6,0,5
BRDA:51,6,1,5
BRDA:51,6,2,3
BRDA:51,6,3,3
BRDA:51,6,4,3
BRDA:51,6,5,3
BRDA:51,6,6,0
BRDA:53,7,0,5
BRDA:53,7,1,0
BRDA:54,8,0,2
BRDA:66,9,0,0
BRDA:81,10,0,5
BRDA:81,10,1,0
BRDA:82,11,0,2
BRDA:94,12,0,0
BRDA:109,13,0,2
BRDA:112,14,0,2
BRDA:112,14,1,2
BRDA:123,15,0,2
BRDA:126,16,0,2
BRDA:126,16,1,2
BRDA:137,17,0,1
BRDA:140,18,0,1
BRDA:140,18,1,1
BRDA:151,19,0,1
BRDA:154,20,0,1
BRDA:154,20,1,1
BRDA:165,21,0,0
BRDA:178,22,0,10
BRF:38
BRH:31
end_of_record
TN:
SF:src\schemas\primitives\boolean.ts
FN:9,(anonymous_0)
FN:14,(anonymous_1)
FN:33,(anonymous_2)
FN:38,boolean
FNF:4
FNH:3
FNDA:26,(anonymous_0)
FNDA:34,(anonymous_1)
FNDA:0,(anonymous_2)
FNDA:26,boolean
DA:1,13
DA:2,13
DA:5,13
DA:6,26
DA:10,26
DA:11,26
DA:15,34
DA:16,4
DA:19,34
DA:20,34
DA:21,3
DA:27,3
DA:30,31
DA:34,0
DA:38,13
DA:39,26
LF:16
LH:15
BRDA:9,0,0,25
BRDA:11,1,0,26
BRDA:11,1,1,25
BRDA:15,2,0,4
BRDA:20,3,0,3
BRF:5
BRH:5
end_of_record
TN:
SF:src\schemas\primitives\date.ts
FN:17,(anonymous_0)
FN:22,(anonymous_1)
FN:116,(anonymous_2)
FN:120,(anonymous_3)
FN:132,(anonymous_4)
FN:145,date
FNF:6
FNH:5
FNDA:9,(anonymous_0)
FNDA:15,(anonymous_1)
FNDA:0,(anonymous_2)
FNDA:1,(anonymous_3)
FNDA:1,(anonymous_4)
FNDA:9,date
DA:1,13
DA:2,13
DA:12,13
DA:13,9
DA:14,9
DA:18,9
DA:19,9
DA:23,15
DA:24,1
DA:25,1
DA:29,15
DA:30,15
DA:31,2
DA:36,2
DA:39,13
DA:41,13
DA:42,1
DA:46,1
DA:49,12
DA:50,7
DA:52,2
DA:53,2
DA:54,1
DA:65,0
DA:66,0
DA:77,2
DA:80,2
DA:81,2
DA:82,1
DA:93,0
DA:94,0
DA:105,2
DA:109,12
DA:110,4
DA:113,8
DA:117,0
DA:121,1
DA:122,1
DA:123,1
DA:129,1
DA:133,1
DA:134,1
DA:135,1
DA:141,1
DA:145,13
DA:146,9
LF:46
LH:41
BRDA:17,0,0,8
BRDA:19,1,0,9
BRDA:19,1,1,8
BRDA:23,2,0,1
BRDA:24,3,0,1
BRDA:24,4,0,1
BRDA:24,4,1,0
BRDA:30,5,0,2
BRDA:41,6,0,1
BRDA:50,7,0,2
BRDA:50,7,1,2
BRDA:52,8,0,2
BRDA:52,8,1,0
BRDA:53,9,0,1
BRDA:65,10,0,0
BRDA:80,11,0,2
BRDA:80,11,1,0
BRDA:81,12,0,1
BRDA:93,13,0,0
BRDA:109,14,0,4
BRDA:121,15,0,1
BRDA:121,15,1,0
BRDA:133,16,0,1
BRDA:133,16,1,0
BRF:24
BRH:17
end_of_record
TN:
SF:src\schemas\primitives\literal.ts
FN:11,(anonymous_0)
FN:16,(anonymous_1)
FN:29,(anonymous_2)
FN:33,(anonymous_3)
FN:38,literal
FNF:5
FNH:4
FNDA:13,(anonymous_0)
FNDA:17,(anonymous_1)
FNDA:0,(anonymous_2)
FNDA:10,(anonymous_3)
FNDA:13,literal
DA:1,13
DA:2,13
DA:7,13
DA:8,13
DA:12,13
DA:13,13
DA:17,17
DA:18,4
DA:23,4
DA:26,13
DA:30,0
DA:34,10
DA:38,13
DA:39,13
LF:14
LH:13
BRDA:17,0,0,4
BRF:1
BRH:1
end_of_record
TN:
SF:src\schemas\primitives\nan.ts
FN:8,(anonymous_0)
FN:21,(anonymous_1)
FN:26,nan
FNF:3
FNH:3
FNDA:5,(anonymous_0)
FNDA:1,(anonymous_1)
FNDA:3,nan
DA:1,13
DA:2,13
DA:5,13
DA:6,3
DA:9,5
DA:10,3
DA:15,3
DA:18,2
DA:22,1
DA:26,13
DA:27,3
LF:11
LH:11
BRDA:9,0,0,3
BRDA:9,1,0,5
BRDA:9,1,1,3
BRDA:13,2,0,1
BRDA:13,2,1,2
BRF:5
BRH:5
end_of_record
TN:
SF:src\schemas\primitives\never.ts
FN:8,(anonymous_0)
FN:17,(anonymous_1)
FN:22,never
FNF:3
FNH:3
FNDA:5,(anonymous_0)
FNDA:1,(anonymous_1)
FNDA:2,never
DA:1,13
DA:2,13
DA:5,13
DA:6,2
DA:9,5
DA:14,5
DA:18,1
DA:22,13
DA:23,2
LF:9
LH:9
BRF:0
BRH:0
end_of_record
TN:
SF:src\schemas\primitives\null.ts
FN:8,(anonymous_0)
FN:23,(anonymous_1)
FN:30,nullSchema
FNF:3
FNH:2
FNDA:4,(anonymous_0)
FNDA:0,(anonymous_1)
FNDA:1,nullSchema
DA:1,13
DA:2,13
DA:5,13
DA:6,1
DA:9,4
DA:10,4
DA:11,3
DA:17,3
DA:20,1
DA:24,0
DA:28,13
DA:30,13
DA:31,1
LF:13
LH:12
BRDA:10,0,0,3
BRF:1
BRH:1
end_of_record
TN:
SF:src\schemas\primitives\number.ts
FN:17,(anonymous_0)
FN:22,(anonymous_1)
FN:216,(anonymous_2)
FN:220,(anonymous_3)
FN:231,(anonymous_4)
FN:242,(anonymous_5)
FN:248,(anonymous_6)
FN:254,(anonymous_7)
FN:260,(anonymous_8)
FN:266,(anonymous_9)
FN:272,(anonymous_10)
FN:278,(anonymous_11)
FN:284,(anonymous_12)
FN:290,(anonymous_13)
FN:294,(anonymous_14)
FN:298,(anonymous_15)
FN:302,(anonymous_16)
FN:306,(anonymous_17)
FN:311,number
FNF:19
FNH:17
FNDA:155,(anonymous_0)
FNDA:199,(anonymous_1)
FNDA:15,(anonymous_2)
FNDA:10,(anonymous_3)
FNDA:10,(anonymous_4)
FNDA:17,(anonymous_5)
FNDA:26,(anonymous_6)
FNDA:1,(anonymous_7)
FNDA:0,(anonymous_8)
FNDA:4,(anonymous_9)
FNDA:1,(anonymous_10)
FNDA:2,(anonymous_11)
FNDA:2,(anonymous_12)
FNDA:1,(anonymous_13)
FNDA:1,(anonymous_14)
FNDA:1,(anonymous_15)
FNDA:1,(anonymous_16)
FNDA:0,(anonymous_17)
FNDA:155,number
DA:1,13
DA:2,13
DA:12,13
DA:13,155
DA:14,155
DA:18,155
DA:19,155
DA:23,199
DA:24,4
DA:27,199
DA:28,199
DA:29,24
DA:35,24
DA:38,175
DA:40,175
DA:41,0
DA:47,0
DA:50,175
DA:51,118
DA:53,19
DA:54,17
DA:55,2
DA:66,2
DA:67,1
DA:78,19
DA:81,19
DA:82,17
DA:83,2
DA:94,2
DA:95,1
DA:106,19
DA:109,23
DA:110,2
DA:117,23
DA:120,35
DA:121,18
DA:131,35
DA:134,3
DA:135,2
DA:145,3
DA:148,0
DA:149,0
DA:159,0
DA:162,6
DA:163,0
DA:173,6
DA:176,3
DA:177,1
DA:185,3
DA:188,6
DA:189,4
DA:194,6
DA:197,4
DA:198,2
DA:205,4
DA:209,175
DA:210,41
DA:213,134
DA:217,15
DA:221,10
DA:222,10
DA:228,10
DA:232,10
DA:233,10
DA:239,10
DA:243,17
DA:244,17
DA:245,17
DA:249,26
DA:250,26
DA:251,26
DA:255,1
DA:256,1
DA:257,1
DA:261,0
DA:262,0
DA:263,0
DA:267,4
DA:268,4
DA:269,4
DA:273,1
DA:274,1
DA:275,1
DA:279,2
DA:280,2
DA:281,2
DA:285,2
DA:286,2
DA:287,2
DA:291,1
DA:295,1
DA:299,1
DA:303,1
DA:307,0
DA:311,13
DA:312,155
LF:96
LH:86
BRDA:17,0,0,153
BRDA:19,1,0,155
BRDA:19,1,1,153
BRDA:23,2,0,4
BRDA:28,3,0,24
BRDA:40,4,0,0
BRDA:51,5,0,19
BRDA:51,5,1,19
BRDA:51,5,2,23
BRDA:51,5,3,35
BRDA:51,5,4,3
BRDA:51,5,5,0
BRDA:51,5,6,6
BRDA:51,5,7,3
BRDA:51,5,8,6
BRDA:51,5,9,4
BRDA:53,6,0,17
BRDA:53,6,1,2
BRDA:54,7,0,2
BRDA:66,8,0,1
BRDA:81,9,0,17
BRDA:81,9,1,2
BRDA:82,10,0,2
BRDA:94,11,0,1
BRDA:109,12,0,2
BRDA:112,13,0,2
BRDA:112,13,1,2
BRDA:120,14,0,18
BRDA:123,15,0,18
BRDA:123,15,1,18
BRDA:134,16,0,2
BRDA:137,17,0,2
BRDA:137,17,1,2
BRDA:148,18,0,0
BRDA:151,19,0,0
BRDA:151,19,1,0
BRDA:162,20,0,0
BRDA:165,21,0,0
BRDA:165,21,1,0
BRDA:176,22,0,1
BRDA:188,23,0,4
BRDA:197,24,0,2
BRDA:200,25,0,2
BRDA:200,25,1,2
BRDA:209,26,0,41
BRF:45
BRH:37
end_of_record
TN:
SF:src\schemas\primitives\string.ts
FN:16,(anonymous_0)
FN:21,(anonymous_1)
FN:184,(anonymous_2)
FN:188,(anonymous_3)
FN:194,(anonymous_4)
FN:200,(anonymous_5)
FN:206,(anonymous_6)
FN:212,(anonymous_7)
FN:218,(anonymous_8)
FN:224,(anonymous_9)
FN:230,(anonymous_10)
FN:236,(anonymous_11)
FN:242,(anonymous_12)
FN:248,(anonymous_13)
FN:254,(anonymous_14)
FN:260,(anonymous_15)
FN:266,(anonymous_16)
FN:272,(anonymous_17)
FN:278,(anonymous_18)
FN:284,(anonymous_19)
FN:290,(anonymous_20)
FN:295,isValidEmail
FN:300,isValidUrl
FN:309,isValidUuid
FN:314,isValidCuid
FN:319,isValidDatetime
FN:324,isValidIp
FN:334,isValidBase64
FN:339,string
FNF:29
FNH:28
FNDA:396,(anonymous_0)
FNDA:437,(anonymous_1)
FNDA:51,(anonymous_2)
FNDA:50,(anonymous_3)
FNDA:9,(anonymous_4)
FNDA:4,(anonymous_5)
FNDA:20,(anonymous_6)
FNDA:3,(anonymous_7)
FNDA:7,(anonymous_8)
FNDA:1,(anonymous_9)
FNDA:6,(anonymous_10)
FNDA:2,(anonymous_11)
FNDA:2,(anonymous_12)
FNDA:2,(anonymous_13)
FNDA:3,(anonymous_14)
FNDA:3,(anonymous_15)
FNDA:1,(anonymous_16)
FNDA:2,(anonymous_17)
FNDA:2,(anonymous_18)
FNDA:2,(anonymous_19)
FNDA:0,(anonymous_20)
FNDA:23,isValidEmail
FNDA:7,isValidUrl
FNDA:10,isValidUuid
FNDA:2,isValidCuid
FNDA:4,isValidDatetime
FNDA:6,isValidIp
FNDA:2,isValidBase64
FNDA:396,string
DA:1,13
DA:2,13
DA:11,13
DA:12,396
DA:13,396
DA:17,396
DA:18,396
DA:22,437
DA:23,2
DA:26,437
DA:27,437
DA:28,30
DA:34,30
DA:37,407
DA:39,407
DA:40,191
DA:42,2
DA:43,2
DA:45,2
DA:46,2
DA:48,2
DA:49,2
DA:51,61
DA:52,25
DA:62,61
DA:64,20
DA:65,2
DA:75,20
DA:77,6
DA:78,2
DA:83,6
DA:85,23
DA:86,16
DA:91,23
DA:93,7
DA:94,1
DA:99,7
DA:101,10
DA:102,1
DA:107,10
DA:109,2
DA:110,1
DA:115,2
DA:117,14
DA:118,3
DA:123,14
DA:125,6
DA:126,2
DA:131,6
DA:133,6
DA:134,2
DA:139,6
DA:141,6
DA:142,3
DA:147,6
DA:149,4
DA:150,1
DA:155,4
DA:157,6
DA:158,6
DA:159,3
DA:165,6
DA:167,2
DA:168,1
DA:173,2
DA:177,407
DA:178,85
DA:181,322
DA:185,51
DA:189,50
DA:190,50
DA:191,50
DA:195,9
DA:196,9
DA:197,9
DA:201,4
DA:202,4
DA:203,4
DA:207,20
DA:208,20
DA:209,20
DA:213,3
DA:214,3
DA:215,3
DA:219,7
DA:220,7
DA:221,7
DA:225,1
DA:226,1
DA:227,1
DA:231,6
DA:232,6
DA:233,6
DA:237,2
DA:238,2
DA:239,2
DA:243,2
DA:244,2
DA:245,2
DA:249,2
DA:250,2
DA:251,2
DA:255,3
DA:256,3
DA:257,3
DA:261,3
DA:262,3
DA:263,3
DA:267,1
DA:268,1
DA:269,1
DA:273,2
DA:274,2
DA:275,2
DA:279,2
DA:280,2
DA:281,2
DA:285,2
DA:286,2
DA:287,2
DA:291,0
DA:296,23
DA:297,23
DA:301,7
DA:302,7
DA:303,6
DA:305,1
DA:310,10
DA:311,10
DA:315,2
DA:316,2
DA:320,4
DA:321,4
DA:325,6
DA:326,4
DA:327,4
DA:329,2
DA:330,2
DA:335,2
DA:336,2
DA:339,13
DA:340,396
LF:142
LH:141
BRDA:16,0,0,395
BRDA:18,1,0,396
BRDA:18,1,1,395
BRDA:22,2,0,2
BRDA:27,3,0,30
BRDA:40,4,0,2
BRDA:40,4,1,2
BRDA:40,4,2,2
BRDA:40,4,3,61
BRDA:40,4,4,20
BRDA:40,4,5,6
BRDA:40,4,6,23
BRDA:40,4,7,7
BRDA:40,4,8,10
BRDA:40,4,9,2
BRDA:40,4,10,14
BRDA:40,4,11,6
BRDA:40,4,12,6
BRDA:40,4,13,6
BRDA:40,4,14,4
BRDA:40,4,15,6
BRDA:40,4,16,2
BRDA:51,5,0,25
BRDA:64,6,0,2
BRDA:77,7,0,2
BRDA:80,8,0,2
BRDA:80,8,1,2
BRDA:85,9,0,16
BRDA:93,10,0,1
BRDA:101,11,0,1
BRDA:109,12,0,1
BRDA:117,13,0,3
BRDA:120,14,0,3
BRDA:120,14,1,3
BRDA:125,15,0,2
BRDA:128,16,0,2
BRDA:128,16,1,2
BRDA:133,17,0,2
BRDA:136,18,0,2
BRDA:136,18,1,2
BRDA:141,19,0,3
BRDA:144,20,0,3
BRDA:144,20,1,3
BRDA:149,21,0,1
BRDA:157,22,0,6
BRDA:157,22,1,2
BRDA:158,23,0,3
BRDA:167,24,0,1
BRDA:177,25,0,85
BRDA:325,26,0,4
BRDA:325,26,1,2
BRDA:336,27,0,2
BRDA:336,27,1,1
BRF:53
BRH:53
end_of_record
TN:
SF:src\schemas\primitives\symbol.ts
FN:8,(anonymous_0)
FN:23,(anonymous_1)
FN:28,symbol
FNF:3
FNH:3
FNDA:6,(anonymous_0)
FNDA:1,(anonymous_1)
FNDA:4,symbol
DA:1,13
DA:2,13
DA:5,13
DA:6,4
DA:9,6
DA:10,6
DA:11,3
DA:17,3
DA:20,3
DA:24,1
DA:28,13
DA:29,4
LF:12
LH:12
BRDA:10,0,0,3
BRF:1
BRH:1
end_of_record
TN:
SF:src\schemas\primitives\undefined.ts
FN:8,(anonymous_0)
FN:23,(anonymous_1)
FN:30,undefinedSchema
FNF:3
FNH:2
FNDA:4,(anonymous_0)
FNDA:0,(anonymous_1)
FNDA:1,undefinedSchema
DA:1,13
DA:2,13
DA:5,13
DA:6,1
DA:9,4
DA:10,4
DA:11,3
DA:17,3
DA:20,1
DA:24,0
DA:28,13
DA:30,13
DA:31,1
LF:13
LH:12
BRDA:10,0,0,3
BRF:1
BRH:1
end_of_record
TN:
SF:src\schemas\primitives\unknown.ts
FN:7,(anonymous_0)
FN:11,(anonymous_1)
FN:16,unknown
FNF:3
FNH:3
FNDA:5,(anonymous_0)
FNDA:1,(anonymous_1)
FNDA:2,unknown
DA:1,13
DA:4,13
DA:5,2
DA:8,5
DA:12,1
DA:16,13
DA:17,2
LF:7
LH:7
BRF:0
BRH:0
end_of_record
TN:
SF:src\schemas\primitives\void.ts
FN:8,(anonymous_0)
FN:23,(anonymous_1)
FN:30,voidSchema
FNF:3
FNH:3
FNDA:5,(anonymous_0)
FNDA:1,(anonymous_1)
FNDA:3,voidSchema
DA:1,13
DA:2,13
DA:5,13
DA:6,3
DA:9,5
DA:10,5
DA:11,3
DA:17,3
DA:20,2
DA:24,1
DA:28,13
DA:30,13
DA:31,3
LF:13
LH:13
BRDA:10,0,0,3
BRF:1
BRH:1
end_of_record
TN:
SF:src\types\base.ts
FN:25,(anonymous_0)
FN:39,(anonymous_1)
FN:41,(anonymous_2)
FN:111,(anonymous_3)
FN:118,(anonymous_4)
FN:140,(anonymous_5)
FN:148,(anonymous_6)
FN:156,(anonymous_7)
FN:161,(anonymous_8)
FN:169,(anonymous_9)
FN:170,(anonymous_10)
FN:176,(anonymous_11)
FN:181,(anonymous_12)
FN:190,(anonymous_13)
FN:193,(anonymous_14)
FN:227,(anonymous_15)
FN:232,(anonymous_16)
FN:240,(anonymous_17)
FN:241,(anonymous_18)
FN:247,(anonymous_19)
FN:252,(anonymous_20)
FN:261,(anonymous_21)
FN:264,(anonymous_22)
FN:298,(anonymous_23)
FN:304,(anonymous_24)
FN:310,(anonymous_25)
FN:317,(anonymous_26)
FN:322,(anonymous_27)
FN:327,(anonymous_28)
FN:332,(anonymous_29)
FN:337,(anonymous_30)
FN:343,(anonymous_31)
FN:350,(anonymous_32)
FN:356,(anonymous_33)
FN:363,(anonymous_34)
FN:367,(anonymous_35)
FN:389,(anonymous_36)
FN:395,(anonymous_37)
FN:400,(anonymous_38)
FN:406,(anonymous_39)
FN:410,(anonymous_40)
FN:414,(anonymous_41)
FN:418,(anonymous_42)
FN:422,(anonymous_43)
FNF:44
FNH:33
FNDA:320,(anonymous_0)
FNDA:2,(anonymous_1)
FNDA:4,(anonymous_2)
FNDA:943,(anonymous_3)
FNDA:897,(anonymous_4)
FNDA:371,(anonymous_5)
FNDA:36,(anonymous_6)
FNDA:498,(anonymous_7)
FNDA:166,(anonymous_8)
FNDA:289,(anonymous_9)
FNDA:462,(anonymous_10)
FNDA:64,(anonymous_11)
FNDA:0,(anonymous_12)
FNDA:1073,(anonymous_13)
FNDA:0,(anonymous_14)
FNDA:52,(anonymous_15)
FNDA:13,(anonymous_16)
FNDA:25,(anonymous_17)
FNDA:44,(anonymous_18)
FNDA:1,(anonymous_19)
FNDA:0,(anonymous_20)
FNDA:141,(anonymous_21)
FNDA:0,(anonymous_22)
FNDA:30,(anonymous_23)
FNDA:5,(anonymous_24)
FNDA:4,(anonymous_25)
FNDA:0,(anonymous_26)
FNDA:0,(anonymous_27)
FNDA:0,(anonymous_28)
FNDA:0,(anonymous_29)
FNDA:4,(anonymous_30)
FNDA:19,(anonymous_31)
FNDA:2,(anonymous_32)
FNDA:6,(anonymous_33)
FNDA:2,(anonymous_34)
FNDA:0,(anonymous_35)
FNDA:0,(anonymous_36)
FNDA:0,(anonymous_37)
FNDA:2,(anonymous_38)
FNDA:3,(anonymous_39)
FNDA:3,(anonymous_40)
FNDA:21,(anonymous_41)
FNDA:19,(anonymous_42)
FNDA:2,(anonymous_43)
DA:1,14
DA:18,14
DA:26,320
DA:27,320
DA:29,320
DA:31,320
DA:32,320
DA:33,320
DA:34,320
DA:35,320
DA:36,320
DA:40,2
DA:42,4
DA:43,4
DA:79,14
DA:97,14
DA:103,943
DA:104,943
DA:105,943
DA:106,943
DA:112,943
DA:120,897
DA:121,45
DA:122,16
DA:124,29
DA:128,852
DA:129,6
DA:133,846
DA:134,0
DA:137,846
DA:141,371
DA:142,371
DA:143,135
DA:145,236
DA:149,36
DA:150,36
DA:151,11
DA:153,25
DA:157,498
DA:159,498
DA:160,498
DA:162,166
DA:169,289
DA:171,462
DA:172,462
DA:173,462
DA:174,462
DA:176,462
DA:177,64
DA:179,462
DA:182,0
DA:183,0
DA:184,0
DA:185,0
DA:186,0
DA:189,498
DA:190,1073
DA:192,498
DA:193,0
DA:197,498
DA:200,498
DA:202,11
DA:205,487
DA:207,291
DA:208,0
DA:211,291
DA:213,196
DA:214,196
DA:216,0
DA:228,52
DA:230,52
DA:231,52
DA:233,13
DA:240,25
DA:242,44
DA:243,44
DA:244,44
DA:245,44
DA:247,44
DA:248,1
DA:250,44
DA:253,0
DA:254,0
DA:255,0
DA:256,0
DA:257,0
DA:260,52
DA:261,141
DA:263,52
DA:264,0
DA:268,52
DA:271,52
DA:273,0
DA:276,52
DA:278,38
DA:279,0
DA:282,38
DA:284,14
DA:285,14
DA:287,0
DA:299,30
DA:300,30
DA:301,30
DA:305,5
DA:306,5
DA:307,5
DA:311,4
DA:312,4
DA:313,4
DA:314,4
DA:318,0
DA:319,0
DA:323,0
DA:324,0
DA:328,0
DA:329,0
DA:333,0
DA:334,0
DA:338,4
DA:339,4
DA:340,4
DA:344,19
DA:345,19
DA:346,19
DA:347,19
DA:351,2
DA:352,2
DA:353,2
DA:360,6
DA:361,6
DA:364,2
DA:366,2
DA:367,0
DA:368,0
DA:369,0
DA:372,0
DA:377,2
DA:378,1
DA:381,1
DA:383,2
DA:386,6
DA:392,0
DA:393,0
DA:395,0
DA:397,0
DA:401,2
DA:402,2
DA:403,2
DA:407,3
DA:411,3
DA:415,21
DA:419,19
DA:423,2
LF:153
LH:119
BRDA:26,0,0,316
BRDA:26,0,1,4
BRDA:29,1,0,320
BRDA:29,1,1,129
BRDA:33,2,0,320
BRDA:33,2,1,0
BRDA:34,3,0,320
BRDA:34,3,1,1
BRDA:42,4,0,2
BRDA:42,4,1,2
BRDA:111,5,0,943
BRDA:120,6,0,45
BRDA:120,7,0,897
BRDA:120,7,1,88
BRDA:121,8,0,16
BRDA:122,9,0,2
BRDA:122,9,1,14
BRDA:128,10,0,6
BRDA:128,11,0,852
BRDA:128,11,1,13
BRDA:133,12,0,0
BRDA:133,13,0,846
BRDA:133,13,1,15
BRDA:134,14,0,0
BRDA:134,14,1,0
BRDA:142,15,0,135
BRDA:150,16,0,11
BRDA:183,17,0,0
BRDA:183,17,1,0
BRDA:184,18,0,0
BRDA:184,18,1,0
BRDA:200,19,0,11
BRDA:200,20,0,498
BRDA:200,20,1,20
BRDA:200,20,2,493
BRDA:200,20,3,13
BRDA:207,21,0,0
BRDA:213,22,0,196
BRDA:220,23,0,0
BRDA:220,23,1,0
BRDA:254,24,0,0
BRDA:254,24,1,0
BRDA:255,25,0,0
BRDA:255,25,1,0
BRDA:271,26,0,0
BRDA:271,27,0,52
BRDA:271,27,1,0
BRDA:271,27,2,52
BRDA:271,27,3,0
BRDA:278,28,0,0
BRDA:284,29,0,14
BRDA:291,30,0,0
BRDA:291,30,1,0
BRDA:366,31,0,0
BRDA:366,32,0,2
BRDA:366,32,1,1
BRDA:368,33,0,0
BRDA:369,34,0,0
BRDA:369,34,1,0
BRDA:371,35,0,0
BRDA:371,35,1,0
BRDA:377,36,0,1
BRDA:378,37,0,1
BRDA:378,37,1,0
BRDA:380,38,0,0
BRDA:380,38,1,0
BRDA:423,39,0,2
BRDA:423,39,1,1
BRF:68
BRH:38
end_of_record
TN:
SF:src\types\errors.ts
FN:1,(anonymous_0)
FN:42,(anonymous_1)
FN:161,getParsedType
FNF:3
FNH:3
FNDA:14,(anonymous_0)
FNDA:46,(anonymous_1)
FNDA:2089,getParsedType
DA:1,14
DA:2,14
DA:3,14
DA:4,14
DA:5,14
DA:6,14
DA:7,14
DA:8,14
DA:9,14
DA:10,14
DA:11,14
DA:12,14
DA:13,14
DA:14,14
DA:15,14
DA:16,14
DA:17,14
DA:18,14
DA:19,14
DA:20,14
DA:21,14
DA:22,14
DA:23,14
DA:24,14
DA:25,14
DA:26,14
DA:27,14
DA:42,14
DA:43,46
DA:45,1
DA:48,1
DA:51,1
DA:54,1
DA:57,1
DA:60,1
DA:63,1
DA:66,1
DA:69,1
DA:72,2
DA:75,9
DA:76,2
DA:77,7
DA:78,2
DA:79,5
DA:80,2
DA:81,3
DA:82,2
DA:84,1
DA:88,9
DA:89,2
DA:90,7
DA:91,2
DA:92,5
DA:93,2
DA:94,3
DA:95,2
DA:97,1
DA:101,1
DA:104,1
DA:107,1
DA:110,1
DA:113,1
DA:116,1
DA:119,1
DA:122,1
DA:125,2
DA:128,1
DA:131,1
DA:134,1
DA:138,4
DA:161,14
DA:162,2089
DA:164,2089
DA:166,74
DA:168,882
DA:170,426
DA:172,81
DA:174,15
DA:176,54
DA:178,8
DA:180,549
DA:181,27
DA:183,522
DA:184,168
DA:186,354
DA:187,27
DA:189,327
DA:190,12
DA:192,315
DA:193,12
DA:195,303
DA:196,14
DA:198,289
DA:200,0
LF:94
LH:93
BRDA:1,0,0,14
BRDA:1,0,1,14
BRDA:43,1,0,1
BRDA:43,1,1,1
BRDA:43,1,2,1
BRDA:43,1,3,1
BRDA:43,1,4,1
BRDA:43,1,5,1
BRDA:43,1,6,1
BRDA:43,1,7,1
BRDA:43,1,8,1
BRDA:43,1,9,2
BRDA:43,1,10,9
BRDA:43,1,11,9
BRDA:43,1,12,1
BRDA:43,1,13,1
BRDA:43,1,14,1
BRDA:43,1,15,1
BRDA:43,1,16,1
BRDA:43,1,17,1
BRDA:43,1,18,1
BRDA:43,1,19,1
BRDA:43,1,20,2
BRDA:43,1,21,1
BRDA:43,1,22,1
BRDA:43,1,23,1
BRDA:43,1,24,2
BRDA:43,1,25,4
BRDA:72,2,0,2
BRDA:72,2,1,1
BRDA:75,3,0,2
BRDA:75,3,1,7
BRDA:76,4,0,1
BRDA:76,4,1,1
BRDA:77,5,0,2
BRDA:77,5,1,5
BRDA:78,6,0,1
BRDA:78,6,1,1
BRDA:79,7,0,2
BRDA:79,7,1,3
BRDA:80,8,0,1
BRDA:80,8,1,1
BRDA:81,9,0,2
BRDA:81,9,1,1
BRDA:82,10,0,1
BRDA:82,10,1,1
BRDA:88,11,0,2
BRDA:88,11,1,7
BRDA:89,12,0,1
BRDA:89,12,1,1
BRDA:90,13,0,2
BRDA:90,13,1,5
BRDA:91,14,0,1
BRDA:91,14,1,1
BRDA:92,15,0,2
BRDA:92,15,1,3
BRDA:93,16,0,1
BRDA:93,16,1,1
BRDA:94,17,0,2
BRDA:94,17,1,1
BRDA:95,18,0,1
BRDA:95,18,1,1
BRDA:125,19,0,2
BRDA:125,19,1,1
BRDA:138,20,0,4
BRDA:138,20,1,2
BRDA:164,21,0,74
BRDA:164,21,1,882
BRDA:164,21,2,426
BRDA:164,21,3,81
BRDA:164,21,4,15
BRDA:164,21,5,54
BRDA:164,21,6,8
BRDA:164,21,7,549
BRDA:164,21,8,0
BRDA:170,22,0,5
BRDA:170,22,1,421
BRDA:180,23,0,27
BRDA:183,24,0,168
BRDA:186,25,0,27
BRDA:189,26,0,12
BRDA:192,27,0,12
BRDA:195,28,0,14
BRF:83
BRH:82
end_of_record
TN:
SF:src\utils\composition.ts
FN:14,or
FN:26,and
FN:36,(anonymous_2)
FN:42,conditional
FN:56,recursive
FN:59,(anonymous_5)
FN:60,(anonymous_6)
FN:67,mergeObjects
FN:74,(anonymous_8)
FN:80,pipeline
FN:87,(anonymous_10)
FN:91,(anonymous_11)
FN:98,coerce
FN:104,(anonymous_13)
FN:108,(anonymous_14)
FN:112,(anonymous_15)
FN:123,(anonymous_16)
FN:140,withFallback
FN:150,preprocess
FN:160,postprocess
FN:170,nullable
FN:179,optional
FN:188,nullish
FN:197,withDefault
FN:207,brand
FN:217,readonly
FN:226,defer
FN:236,firstOf
FN:248,allOf
FN:257,extend
FN:267,pick
FN:277,omit
FN:287,partial
FN:296,required
FN:305,deepPartial
FNF:35
FNH:32
FNDA:3,or
FNDA:5,and
FNDA:4,(anonymous_2)
FNDA:2,conditional
FNDA:1,recursive
FNDA:0,(anonymous_5)
FNDA:0,(anonymous_6)
FNDA:3,mergeObjects
FNDA:1,(anonymous_8)
FNDA:3,pipeline
FNDA:1,(anonymous_10)
FNDA:0,(anonymous_11)
FNDA:7,coerce
FNDA:2,(anonymous_13)
FNDA:1,(anonymous_14)
FNDA:2,(anonymous_15)
FNDA:2,(anonymous_16)
FNDA:1,withFallback
FNDA:1,preprocess
FNDA:1,postprocess
FNDA:1,nullable
FNDA:1,optional
FNDA:1,nullish
FNDA:2,withDefault
FNDA:1,brand
FNDA:1,readonly
FNDA:1,defer
FNDA:2,firstOf
FNDA:1,allOf
FNDA:1,extend
FNDA:1,pick
FNDA:1,omit
FNDA:1,partial
FNDA:1,required
FNDA:1,deepPartial
DA:3,13
DA:4,13
DA:5,13
DA:14,13
DA:17,3
DA:18,1
DA:20,2
DA:26,13
DA:29,5
DA:30,1
DA:32,4
DA:33,1
DA:36,4
DA:42,13
DA:46,2
DA:47,2
DA:48,1
DA:50,1
DA:56,13
DA:59,1
DA:60,0
DA:61,0
DA:67,13
DA:70,3
DA:71,1
DA:74,2
DA:80,13
DA:83,3
DA:84,1
DA:87,2
DA:88,1
DA:91,1
DA:98,13
DA:102,7
DA:105,2
DA:106,2
DA:109,1
DA:110,1
DA:113,2
DA:114,2
DA:115,1
DA:117,1
DA:124,2
DA:125,2
DA:126,1
DA:128,1
DA:140,13
DA:144,1
DA:150,13
DA:154,1
DA:160,13
DA:164,1
DA:170,13
DA:173,1
DA:179,13
DA:182,1
DA:188,13
DA:191,1
DA:197,13
DA:201,2
DA:207,13
DA:211,1
DA:217,13
DA:220,1
DA:226,13
DA:229,1
DA:236,13
DA:239,2
DA:240,1
DA:242,1
DA:248,13
DA:251,1
DA:257,13
DA:261,1
DA:267,13
DA:271,1
DA:277,13
DA:281,1
DA:287,13
DA:290,1
DA:296,13
DA:299,1
DA:305,13
DA:308,1
LF:84
LH:82
BRDA:17,0,0,1
BRDA:29,1,0,1
BRDA:32,2,0,1
BRDA:47,3,0,1
BRDA:70,4,0,1
BRDA:83,5,0,1
BRDA:88,6,0,0
BRDA:239,7,0,1
BRF:8
BRH:7
end_of_record
TN:
SF:src\utils\error-formatter.ts
FN:47,formatError
FN:118,formatErrorAsJson
FN:125,(anonymous_2)
FN:141,formatErrorAsTable
FN:161,(anonymous_4)
FN:162,(anonymous_5)
FN:166,(anonymous_6)
FN:167,(anonymous_7)
FN:175,(anonymous_8)
FN:176,(anonymous_9)
FN:177,(anonymous_10)
FN:191,formatErrorAsMarkdown
FN:223,createFormatter
FN:227,(anonymous_13)
FN:251,colorize
FN:270,getErrorSummary
FN:295,filterIssues
FN:304,(anonymous_17)
FNF:18
FNH:17
FNDA:4,formatError
FNDA:2,formatErrorAsJson
FNDA:6,(anonymous_2)
FNDA:1,formatErrorAsTable
FNDA:5,(anonymous_4)
FNDA:20,(anonymous_5)
FNDA:4,(anonymous_6)
FNDA:20,(anonymous_7)
FNDA:5,(anonymous_8)
FNDA:5,(anonymous_9)
FNDA:5,(anonymous_10)
FNDA:1,formatErrorAsMarkdown
FNDA:2,createFormatter
FNDA:2,(anonymous_13)
FNDA:0,colorize
FNDA:1,getErrorSummary
FNDA:3,filterIssues
FNDA:7,(anonymous_17)
DA:47,13
DA:59,4
DA:61,4
DA:64,4
DA:66,4
DA:67,12
DA:68,12
DA:69,12
DA:71,12
DA:75,4
DA:76,12
DA:78,12
DA:80,12
DA:82,12
DA:83,12
DA:85,12
DA:86,9
DA:87,9
DA:90,12
DA:91,3
DA:92,3
DA:95,12
DA:96,0
DA:97,0
DA:98,0
DA:99,0
DA:101,0
DA:102,0
DA:103,0
DA:105,0
DA:108,12
DA:112,4
DA:118,13
DA:122,2
DA:125,6
DA:135,2
DA:141,13
DA:142,1
DA:146,1
DA:147,3
DA:157,1
DA:158,1
DA:159,0
DA:161,1
DA:162,20
DA:166,1
DA:167,4
DA:168,20
DA:170,4
DA:174,1
DA:175,5
DA:176,5
DA:177,5
DA:179,1
DA:191,13
DA:192,1
DA:201,1
DA:202,3
DA:203,3
DA:205,3
DA:206,0
DA:207,0
DA:208,0
DA:209,0
DA:212,3
DA:213,3
DA:217,1
DA:223,13
DA:227,2
DA:228,2
DA:231,2
DA:232,2
DA:233,2
DA:234,2
DA:235,2
DA:238,2
DA:239,1
DA:240,1
DA:244,2
DA:252,0
DA:263,0
DA:264,0
DA:270,13
DA:275,1
DA:276,1
DA:278,1
DA:279,3
DA:280,3
DA:281,3
DA:285,1
DA:295,13
DA:304,3
DA:305,7
DA:306,1
DA:309,6
DA:310,3
DA:311,3
DA:312,2
DA:316,4
DA:317,4
DA:318,1
DA:320,3
DA:321,0
DA:324,3
LF:104
LH:87
BRDA:49,0,0,1
BRDA:52,1,0,3
BRDA:53,2,0,3
BRDA:54,3,0,4
BRDA:55,4,0,4
BRDA:56,5,0,4
BRDA:58,6,0,4
BRDA:68,7,0,12
BRDA:76,8,0,12
BRDA:76,8,1,0
BRDA:78,9,0,0
BRDA:83,10,0,3
BRDA:83,10,1,9
BRDA:83,11,0,9
BRDA:83,11,1,6
BRDA:85,12,0,9
BRDA:85,13,0,12
BRDA:85,13,1,9
BRDA:86,14,0,0
BRDA:86,14,1,9
BRDA:90,15,0,3
BRDA:91,16,0,0
BRDA:91,16,1,3
BRDA:95,17,0,0
BRDA:95,18,0,12
BRDA:95,18,1,12
BRDA:95,18,2,12
BRDA:97,19,0,0
BRDA:98,20,0,0
BRDA:98,20,1,0
BRDA:101,21,0,0
BRDA:102,22,0,0
BRDA:102,22,1,0
BRDA:120,23,0,1
BRDA:135,24,0,1
BRDA:135,24,1,1
BRDA:148,25,0,3
BRDA:148,25,1,0
BRDA:150,26,0,3
BRDA:150,26,1,2
BRDA:151,27,0,3
BRDA:151,27,1,3
BRDA:152,28,0,3
BRDA:152,28,1,3
BRDA:158,29,0,0
BRDA:162,30,0,20
BRDA:162,30,1,8
BRDA:168,31,0,20
BRDA:168,31,1,0
BRDA:202,32,0,3
BRDA:202,32,1,0
BRDA:203,33,0,3
BRDA:203,33,1,2
BRDA:205,34,0,0
BRDA:205,35,0,3
BRDA:205,35,1,3
BRDA:207,36,0,0
BRDA:208,37,0,0
BRDA:212,38,0,3
BRDA:233,39,0,2
BRDA:233,39,1,2
BRDA:234,40,0,2
BRDA:234,40,1,2
BRDA:235,41,0,2
BRDA:235,41,1,2
BRDA:238,42,0,1
BRDA:263,43,0,0
BRDA:263,43,1,0
BRDA:279,44,0,3
BRDA:279,44,1,2
BRDA:280,45,0,3
BRDA:305,46,0,1
BRDA:305,47,0,7
BRDA:305,47,1,3
BRDA:309,48,0,3
BRDA:311,49,0,2
BRDA:317,50,0,1
BRDA:317,51,0,4
BRDA:317,51,1,1
BRDA:320,52,0,0
BRDA:320,53,0,3
BRDA:320,53,1,0
BRF:82
BRH:60
end_of_record
TN:
SF:src\utils\guards.ts
FN:10,createGuard
FN:11,(anonymous_1)
FN:20,createAssert
FN:21,(anonymous_3)
FN:32,is
FN:39,assert
FN:49,isSchema
FN:62,createDiscriminatedUnionGuard
FN:69,(anonymous_8)
FN:91,createUnionGuard
FN:94,(anonymous_10)
FN:107,createIntersectionGuard
FN:110,(anonymous_12)
FN:123,narrow
FNF:14
FNH:7
FNDA:2,createGuard
FNDA:6,(anonymous_1)
FNDA:2,createAssert
FNDA:5,(anonymous_3)
FNDA:15,is
FNDA:6,assert
FNDA:10,isSchema
FNDA:0,createDiscriminatedUnionGuard
FNDA:0,(anonymous_8)
FNDA:0,createUnionGuard
FNDA:0,(anonymous_10)
FNDA:0,createIntersectionGuard
FNDA:0,(anonymous_12)
FNDA:0,narrow
DA:10,13
DA:11,2
DA:12,6
DA:13,6
DA:20,13
DA:21,2
DA:22,5
DA:23,5
DA:24,3
DA:32,13
DA:33,15
DA:39,13
DA:40,6
DA:41,6
DA:42,3
DA:49,13
DA:50,10
DA:62,13
DA:69,0
DA:70,0
DA:71,0
DA:74,0
DA:75,0
DA:76,0
DA:79,0
DA:80,0
DA:81,0
DA:84,0
DA:91,13
DA:94,0
DA:95,0
DA:96,0
DA:97,0
DA:100,0
DA:107,13
DA:110,0
DA:111,0
DA:112,0
DA:113,0
DA:116,0
DA:123,13
DA:132,0
LF:42
LH:21
BRDA:23,0,0,3
BRDA:41,1,0,3
BRDA:51,2,0,10
BRDA:51,2,1,9
BRDA:51,2,2,6
BRDA:51,2,3,5
BRDA:51,2,4,4
BRDA:70,3,0,0
BRDA:70,4,0,0
BRDA:70,4,1,0
BRDA:75,5,0,0
BRDA:80,6,0,0
BRDA:96,7,0,0
BRDA:112,8,0,0
BRF:14
BRH:7
end_of_record
TN:
SF:src\utils\introspection.ts
FN:24,introspect
FN:57,(anonymous_1)
FN:133,getShape
FN:142,getElement
FN:151,getOptions
FN:160,hasModifier
FN:183,getPropertyNames
FN:191,getProperty
FN:202,isType
FN:212,walkSchema
FN:239,(anonymous_10)
FN:249,toJsonSchema
FN:279,(anonymous_12)
FNF:13
FNH:8
FNDA:15,introspect
FNDA:2,(anonymous_1)
FNDA:1,getShape
FNDA:0,getElement
FNDA:0,getOptions
FNDA:6,hasModifier
FNDA:1,getPropertyNames
FNDA:2,getProperty
FNDA:4,isType
FNDA:0,walkSchema
FNDA:0,(anonymous_10)
FNDA:7,toJsonSchema
FNDA:0,(anonymous_12)
DA:2,13
DA:3,13
DA:4,13
DA:24,13
DA:25,15
DA:32,15
DA:33,0
DA:37,15
DA:38,1
DA:39,1
DA:40,1
DA:41,2
DA:46,15
DA:47,1
DA:48,1
DA:49,1
DA:54,15
DA:55,1
DA:56,1
DA:57,2
DA:62,15
DA:65,15
DA:66,15
DA:67,15
DA:68,11
DA:69,4
DA:70,2
DA:71,2
DA:72,1
DA:74,1
DA:76,7
DA:77,4
DA:78,2
DA:79,2
DA:80,1
DA:82,1
DA:84,3
DA:85,0
DA:86,3
DA:87,2
DA:88,1
DA:89,0
DA:90,1
DA:91,0
DA:92,1
DA:93,0
DA:94,1
DA:95,0
DA:101,15
DA:102,0
DA:104,15
DA:105,0
DA:107,15
DA:108,0
DA:110,15
DA:111,0
DA:113,15
DA:114,0
DA:116,15
DA:117,0
DA:119,15
DA:120,0
DA:123,15
DA:124,5
DA:127,15
DA:133,13
DA:136,1
DA:142,13
DA:145,0
DA:151,13
DA:154,0
DA:160,13
DA:164,6
DA:166,2
DA:168,2
DA:170,0
DA:172,2
DA:174,0
DA:176,0
DA:183,13
DA:184,1
DA:185,1
DA:191,13
DA:195,2
DA:196,2
DA:202,13
DA:206,4
DA:212,13
DA:217,0
DA:220,0
DA:221,0
DA:222,0
DA:223,0
DA:228,0
DA:229,0
DA:230,0
DA:231,0
DA:236,0
DA:237,0
DA:238,0
DA:239,0
DA:240,0
DA:249,13
DA:250,7
DA:253,7
DA:254,1
DA:255,1
DA:256,1
DA:257,1
DA:258,1
DA:259,2
DA:262,1
DA:266,6
DA:267,1
DA:268,1
DA:269,1
DA:270,1
DA:272,1
DA:276,5
DA:277,0
DA:278,0
DA:279,0
DA:281,0
DA:285,5
DA:288,5
DA:290,3
DA:291,3
DA:293,2
DA:294,2
DA:296,0
DA:297,0
DA:299,0
DA:300,0
DA:302,0
DA:306,5
DA:307,2
DA:311,5
DA:312,0
DA:316,5
DA:317,0
DA:320,5
LF:141
LH:98
BRDA:27,0,0,15
BRDA:27,0,1,14
BRDA:28,1,0,15
BRDA:28,1,1,15
BRDA:32,2,0,0
BRDA:37,3,0,1
BRDA:46,4,0,1
BRDA:48,5,0,1
BRDA:54,6,0,1
BRDA:55,7,0,1
BRDA:55,7,1,0
BRDA:56,8,0,1
BRDA:56,9,0,1
BRDA:56,9,1,1
BRDA:65,10,0,15
BRDA:65,11,0,15
BRDA:65,11,1,15
BRDA:68,12,0,4
BRDA:68,12,1,7
BRDA:69,13,0,2
BRDA:69,13,1,2
BRDA:71,14,0,1
BRDA:71,14,1,1
BRDA:76,15,0,4
BRDA:76,15,1,3
BRDA:77,16,0,2
BRDA:77,16,1,2
BRDA:79,17,0,1
BRDA:79,17,1,1
BRDA:84,18,0,0
BRDA:84,18,1,3
BRDA:86,19,0,2
BRDA:86,19,1,1
BRDA:88,20,0,0
BRDA:88,20,1,1
BRDA:90,21,0,0
BRDA:90,21,1,1
BRDA:92,22,0,0
BRDA:92,22,1,1
BRDA:94,23,0,0
BRDA:101,24,0,0
BRDA:104,25,0,0
BRDA:107,26,0,0
BRDA:110,27,0,0
BRDA:113,28,0,0
BRDA:116,29,0,0
BRDA:119,30,0,0
BRDA:123,31,0,5
BRDA:164,32,0,2
BRDA:164,32,1,2
BRDA:164,32,2,0
BRDA:164,32,3,2
BRDA:164,32,4,0
BRDA:164,32,5,0
BRDA:166,33,0,2
BRDA:166,33,1,1
BRDA:168,34,0,2
BRDA:168,34,1,1
BRDA:170,35,0,0
BRDA:170,35,1,0
BRDA:215,36,0,0
BRDA:220,37,0,0
BRDA:228,38,0,0
BRDA:230,39,0,0
BRDA:236,40,0,0
BRDA:238,41,0,0
BRDA:253,42,0,1
BRDA:256,43,0,1
BRDA:266,44,0,1
BRDA:269,45,0,1
BRDA:276,46,0,0
BRDA:277,47,0,0
BRDA:277,47,1,0
BRDA:278,48,0,0
BRDA:278,49,0,0
BRDA:278,49,1,0
BRDA:288,50,0,3
BRDA:288,50,1,2
BRDA:288,50,2,0
BRDA:288,50,3,0
BRDA:288,50,4,0
BRDA:293,51,0,1
BRDA:293,51,1,1
BRDA:306,52,0,2
BRDA:311,53,0,0
BRDA:316,54,0,0
BRF:86
BRH:50
end_of_record
TN:
SF:src\utils\metadata.ts
FN:29,setMetadata
FN:44,getMetadata
FN:55,hasMetadata
FN:66,deleteMetadata
FN:77,getAllMetadata
FN:86,copyMetadata
FN:100,clearMetadata
FN:107,mergeMetadata
FN:134,describe
FN:145,example
FN:156,deprecate
FN:167,version
FN:178,tag
FN:190,document
FN:201,source
FN:212,author
FN:223,created
FN:234,modified
FN:245,custom
FN:257,withMetadata
FN:307,getMetadataSummary
FNF:21
FNH:21
FNDA:61,setMetadata
FNDA:83,getMetadata
FNDA:3,hasMetadata
FNDA:2,deleteMetadata
FNDA:4,getAllMetadata
FNDA:3,copyMetadata
FNDA:1,clearMetadata
FNDA:4,mergeMetadata
FNDA:2,describe
FNDA:2,example
FNDA:3,deprecate
FNDA:3,version
FNDA:4,tag
FNDA:2,document
FNDA:2,source
FNDA:3,author
FNDA:2,created
FNDA:2,modified
FNDA:4,custom
FNDA:4,withMetadata
FNDA:3,getMetadataSummary
DA:7,13
DA:12,13
DA:29,13
DA:34,61
DA:35,39
DA:37,61
DA:38,61
DA:44,13
DA:48,83
DA:49,83
DA:55,13
DA:59,3
DA:60,3
DA:66,13
DA:70,2
DA:71,2
DA:77,13
DA:80,4
DA:86,13
DA:90,3
DA:91,3
DA:92,2
DA:93,2
DA:100,13
DA:101,1
DA:107,13
DA:111,4
DA:112,2
DA:115,4
DA:117,4
DA:118,7
DA:119,7
DA:120,5
DA:121,5
DA:134,13
DA:138,2
DA:139,2
DA:145,13
DA:149,2
DA:150,2
DA:156,13
DA:160,3
DA:161,3
DA:167,13
DA:171,3
DA:172,3
DA:178,13
DA:182,4
DA:183,4
DA:184,4
DA:190,13
DA:194,2
DA:195,2
DA:201,13
DA:205,2
DA:206,2
DA:212,13
DA:216,3
DA:217,3
DA:223,13
DA:227,2
DA:228,2
DA:234,13
DA:238,2
DA:239,2
DA:245,13
DA:249,4
DA:250,4
DA:251,4
DA:257,13
DA:271,4
DA:273,4
DA:274,0
DA:276,4
DA:277,1
DA:279,4
DA:280,1
DA:282,4
DA:283,2
DA:285,4
DA:286,1
DA:288,4
DA:289,1
DA:291,4
DA:292,1
DA:294,4
DA:295,1
DA:297,4
DA:298,1
DA:301,4
DA:307,13
DA:320,3
LF:92
LH:91
BRDA:34,0,0,39
BRDA:60,1,0,3
BRDA:60,1,1,1
BRDA:71,2,0,2
BRDA:71,2,1,1
BRDA:91,3,0,2
BRDA:111,4,0,2
BRDA:119,5,0,5
BRDA:182,6,0,4
BRDA:182,6,1,3
BRDA:225,7,0,1
BRDA:236,8,0,1
BRDA:249,9,0,4
BRDA:249,9,1,3
BRDA:273,10,0,0
BRDA:276,11,0,1
BRDA:279,12,0,1
BRDA:280,13,0,0
BRDA:280,13,1,1
BRDA:282,14,0,2
BRDA:285,15,0,1
BRDA:288,16,0,1
BRDA:291,17,0,1
BRDA:294,18,0,1
BRDA:297,19,0,1
BRF:25
BRH:23
end_of_record
