TN:
SF:src\plugins\manager.ts
FN:19,(anonymous_0)
FN:21,(anonymous_1)
FN:28,(anonymous_2)
FN:60,(anonymous_3)
FN:90,(anonymous_4)
FN:94,(anonymous_5)
FN:98,(anonymous_6)
FN:102,(anonymous_7)
FN:106,(anonymous_8)
FN:111,createPlugin
FNF:10
FNH:10
FNDA:40,(anonymous_0)
FNDA:42,(anonymous_1)
FNDA:21,(anonymous_2)
FNDA:7,(anonymous_3)
FNDA:9,(anonymous_4)
FNDA:9,(anonymous_5)
FNDA:9,(anonymous_6)
FNDA:2,(anonymous_7)
FNDA:7,(anonymous_8)
FNDA:1,createPlugin
DA:12,13
DA:14,40
DA:15,40
DA:16,40
DA:17,40
DA:22,42
DA:23,40
DA:25,42
DA:29,21
DA:30,1
DA:33,20
DA:36,20
DA:37,5
DA:38,7
DA:43,20
DA:44,5
DA:45,7
DA:50,20
DA:51,5
DA:52,7
DA:57,20
DA:61,7
DA:62,7
DA:63,1
DA:67,6
DA:68,2
DA:69,3
DA:74,6
DA:75,2
DA:76,3
DA:81,6
DA:82,2
DA:83,3
DA:87,6
DA:91,9
DA:95,9
DA:99,9
DA:103,2
DA:107,7
DA:111,13
DA:112,1
DA:116,13
LF:42
LH:42
BRDA:22,0,0,40
BRDA:29,1,0,1
BRDA:36,2,0,5
BRDA:43,3,0,5
BRDA:50,4,0,5
BRDA:62,5,0,1
BRDA:67,6,0,2
BRDA:74,7,0,2
BRDA:81,8,0,2
BRF:9
BRH:9
end_of_record
TN:
SF:src\schemas\complex\array.ts
FN:16,(anonymous_0)
FN:21,(anonymous_1)
FN:112,(anonymous_2)
FN:205,(anonymous_3)
FN:211,(anonymous_4)
FN:217,(anonymous_5)
FN:223,(anonymous_6)
FN:229,(anonymous_7)
FN:234,array
FNF:9
FNH:9
FNDA:86,(anonymous_0)
FNDA:95,(anonymous_1)
FNDA:18,(anonymous_2)
FNDA:17,(anonymous_3)
FNDA:11,(anonymous_4)
FNDA:4,(anonymous_5)
FNDA:6,(anonymous_6)
FNDA:1,(anonymous_7)
FNDA:86,array
DA:1,21
DA:2,21
DA:11,21
DA:12,86
DA:14,86
DA:17,86
DA:18,86
DA:22,95
DA:23,95
DA:24,8
DA:30,8
DA:33,87
DA:35,87
DA:36,46
DA:38,21
DA:39,9
DA:49,21
DA:52,13
DA:53,4
DA:63,13
DA:66,4
DA:67,3
DA:74,4
DA:77,8
DA:78,3
DA:88,8
DA:92,87
DA:93,87
DA:94,150
DA:95,150
DA:96,150
DA:97,125
DA:99,25
DA:100,25
DA:105,62
DA:106,5
DA:109,57
DA:113,18
DA:114,18
DA:115,2
DA:121,2
DA:124,16
DA:126,16
DA:127,11
DA:129,4
DA:130,2
DA:140,4
DA:143,2
DA:144,1
DA:154,2
DA:157,3
DA:158,2
DA:165,3
DA:168,2
DA:169,1
DA:179,2
DA:183,16
DA:184,16
DA:186,16
DA:187,28
DA:188,28
DA:191,16
DA:192,16
DA:193,28
DA:194,17
DA:198,16
DA:199,7
DA:202,9
DA:206,17
DA:207,17
DA:208,17
DA:212,11
DA:213,11
DA:214,11
DA:218,4
DA:219,4
DA:220,4
DA:224,6
DA:225,6
DA:226,6
DA:230,1
DA:234,21
DA:235,86
LF:83
LH:83
BRDA:23,0,0,8
BRDA:36,1,0,21
BRDA:36,1,1,13
BRDA:36,1,2,4
BRDA:36,1,3,8
BRDA:38,2,0,9
BRDA:41,3,0,9
BRDA:41,3,1,8
BRDA:52,4,0,4
BRDA:55,5,0,4
BRDA:55,5,1,3
BRDA:66,6,0,3
BRDA:69,7,0,3
BRDA:69,7,1,2
BRDA:77,8,0,3
BRDA:80,9,0,3
BRDA:80,9,1,2
BRDA:99,10,0,25
BRDA:105,11,0,5
BRDA:114,12,0,2
BRDA:127,13,0,4
BRDA:127,13,1,2
BRDA:127,13,2,3
BRDA:127,13,3,2
BRDA:129,14,0,2
BRDA:132,15,0,2
BRDA:132,15,1,2
BRDA:143,16,0,1
BRDA:146,17,0,1
BRDA:146,17,1,1
BRDA:157,18,0,2
BRDA:160,19,0,2
BRDA:160,19,1,2
BRDA:168,20,0,1
BRDA:171,21,0,1
BRDA:171,21,1,1
BRDA:193,22,0,17
BRDA:198,23,0,7
BRF:38
BRH:38
end_of_record
TN:
SF:src\schemas\complex\discriminated-union.ts
FN:20,(anonymous_0)
FN:43,(anonymous_1)
FN:57,(anonymous_2)
FN:88,(anonymous_3)
FN:119,(anonymous_4)
FN:123,(anonymous_5)
FN:128,discriminatedUnion
FNF:7
FNH:5
FNDA:15,(anonymous_0)
FNDA:127,(anonymous_1)
FNDA:33,(anonymous_2)
FNDA:8,(anonymous_3)
FNDA:0,(anonymous_4)
FNDA:0,(anonymous_5)
FNDA:15,discriminatedUnion
DA:1,13
DA:2,13
DA:8,13
DA:15,15
DA:21,15
DA:22,15
DA:23,15
DA:24,15
DA:27,15
DA:28,128
DA:29,128
DA:31,128
DA:32,1
DA:36,127
DA:37,127
DA:38,127
DA:45,127
DA:46,127
DA:50,0
DA:51,0
DA:54,0
DA:58,33
DA:59,33
DA:60,5
DA:66,5
DA:69,28
DA:70,28
DA:72,28
DA:73,28
DA:74,4
DA:82,4
DA:85,24
DA:89,8
DA:90,8
DA:91,3
DA:97,3
DA:100,5
DA:101,5
DA:103,5
DA:104,5
DA:105,2
DA:113,2
DA:116,3
DA:120,0
DA:124,0
DA:128,13
DA:132,15
LF:47
LH:42
BRDA:31,0,0,1
BRDA:37,1,0,127
BRDA:45,2,0,127
BRDA:45,3,0,127
BRDA:45,3,1,127
BRDA:50,4,0,0
BRDA:50,5,0,0
BRDA:50,5,1,0
BRDA:59,6,0,5
BRDA:73,7,0,4
BRDA:90,8,0,3
BRDA:104,9,0,2
BRF:12
BRH:9
end_of_record
TN:
SF:src\schemas\complex\effects.ts
FN:17,(anonymous_0)
FN:26,(anonymous_1)
FN:40,(anonymous_2)
FN:55,effects
FNF:4
FNH:4
FNDA:6,(anonymous_0)
FNDA:5,(anonymous_1)
FNDA:2,(anonymous_2)
FNDA:6,effects
DA:1,12
DA:12,12
DA:13,6
DA:21,6
DA:22,6
DA:23,6
DA:27,5
DA:29,4
DA:30,4
DA:33,4
DA:34,1
DA:37,3
DA:41,2
DA:43,2
DA:44,2
DA:47,2
DA:48,0
DA:51,2
DA:55,12
DA:59,6
LF:20
LH:19
BRDA:29,0,0,4
BRDA:33,1,0,1
BRDA:43,2,0,2
BRDA:47,3,0,0
BRF:4
BRH:3
end_of_record
TN:
SF:src\schemas\complex\enum.ts
FN:10,(anonymous_0)
FN:16,(anonymous_1)
FN:32,(anonymous_2)
FN:36,(anonymous_3)
FN:40,(anonymous_4)
FN:45,enumSchema
FN:55,(anonymous_6)
FN:72,(anonymous_7)
FN:88,(anonymous_8)
FN:92,(anonymous_9)
FN:96,(anonymous_10)
FN:101,nativeEnum
FNF:12
FNH:12
FNDA:11,(anonymous_0)
FNDA:36,(anonymous_1)
FNDA:5,(anonymous_2)
FNDA:1,(anonymous_3)
FNDA:1,(anonymous_4)
FNDA:11,enumSchema
FNDA:9,(anonymous_6)
FNDA:39,(anonymous_7)
FNDA:4,(anonymous_8)
FNDA:1,(anonymous_9)
FNDA:3,(anonymous_10)
FNDA:9,nativeEnum
DA:1,13
DA:2,13
DA:5,13
DA:6,11
DA:11,11
DA:12,11
DA:13,11
DA:17,36
DA:18,12
DA:26,12
DA:29,24
DA:33,5
DA:37,1
DA:41,1
DA:45,13
DA:46,11
DA:50,13
DA:51,9
DA:56,9
DA:57,9
DA:60,9
DA:61,9
DA:62,34
DA:65,34
DA:66,24
DA:69,9
DA:73,39
DA:74,19
DA:82,19
DA:85,20
DA:89,4
DA:93,1
DA:97,3
DA:101,13
DA:102,9
LF:35
LH:35
BRDA:17,0,0,12
BRDA:65,1,0,24
BRDA:65,2,0,34
BRDA:65,2,1,21
BRDA:73,3,0,19
BRF:5
BRH:5
end_of_record
TN:
SF:src\schemas\complex\function.ts
FN:17,(anonymous_0)
FN:23,(anonymous_1)
FN:39,(anonymous_2)
FN:66,(anonymous_3)
FN:82,(anonymous_4)
FN:109,(anonymous_5)
FN:115,(anonymous_6)
FN:121,(anonymous_7)
FN:128,functionSchema
FNF:9
FNH:9
FNDA:53,(anonymous_0)
FNDA:34,(anonymous_1)
FNDA:16,(anonymous_2)
FNDA:7,(anonymous_3)
FNDA:2,(anonymous_4)
FNDA:11,(anonymous_5)
FNDA:9,(anonymous_6)
FNDA:10,(anonymous_7)
FNDA:33,functionSchema
DA:1,13
DA:2,13
DA:5,13
DA:12,53
DA:18,53
DA:19,53
DA:20,53
DA:24,34
DA:25,34
DA:26,9
DA:31,9
DA:34,25
DA:37,25
DA:39,8
DA:41,16
DA:42,14
DA:43,22
DA:44,22
DA:45,22
DA:46,22
DA:51,7
DA:54,7
DA:55,4
DA:56,4
DA:59,3
DA:63,17
DA:67,7
DA:68,7
DA:69,3
DA:74,3
DA:77,4
DA:80,4
DA:82,1
DA:84,2
DA:85,2
DA:86,2
DA:87,2
DA:88,2
DA:89,2
DA:94,1
DA:97,1
DA:98,1
DA:99,1
DA:102,0
DA:106,3
DA:112,11
DA:118,9
DA:122,10
DA:123,10
DA:124,10
DA:128,13
DA:129,33
LF:52
LH:51
BRDA:25,0,0,9
BRDA:37,1,0,8
BRDA:41,2,0,14
BRDA:54,3,0,4
BRDA:68,4,0,3
BRDA:80,5,0,1
BRDA:84,6,0,2
BRDA:97,7,0,1
BRF:8
BRH:8
end_of_record
TN:
SF:src\schemas\complex\intersection.ts
FN:15,(anonymous_0)
FN:21,(anonymous_1)
FN:39,(anonymous_2)
FN:60,intersection
FNF:4
FNH:4
FNDA:39,(anonymous_0)
FNDA:57,(anonymous_1)
FNDA:10,(anonymous_2)
FNDA:39,intersection
DA:1,13
DA:4,13
DA:11,39
DA:16,39
DA:17,39
DA:18,39
DA:22,57
DA:23,41
DA:25,29
DA:26,0
DA:30,29
DA:33,27
DA:36,2
DA:40,10
DA:45,4
DA:46,0
DA:50,4
DA:53,4
DA:56,0
DA:60,13
DA:64,39
LF:21
LH:18
BRDA:25,0,0,0
BRDA:30,1,0,27
BRDA:30,2,0,29
BRDA:30,2,1,28
BRDA:30,2,2,28
BRDA:30,2,3,28
BRDA:30,2,4,28
BRDA:30,2,5,27
BRDA:45,3,0,0
BRDA:50,4,0,4
BRDA:50,5,0,4
BRDA:50,5,1,4
BRDA:50,5,2,4
BRDA:50,5,3,4
BRDA:50,5,4,4
BRDA:50,5,5,4
BRF:16
BRH:14
end_of_record
TN:
SF:src\schemas\complex\lazy.ts
FN:9,(anonymous_0)
FN:14,(anonymous_1)
FN:21,(anonymous_2)
FN:25,(anonymous_3)
FN:30,lazy
FNF:5
FNH:5
FNDA:9,(anonymous_0)
FNDA:14,(anonymous_1)
FNDA:12,(anonymous_2)
FNDA:2,(anonymous_3)
FNDA:9,lazy
DA:1,12
DA:4,12
DA:5,9
DA:10,9
DA:11,9
DA:15,14
DA:16,8
DA:18,14
DA:22,12
DA:26,2
DA:30,12
DA:31,9
LF:12
LH:12
BRDA:15,0,0,8
BRF:1
BRH:1
end_of_record
TN:
SF:src\schemas\complex\map.ts
FN:10,(anonymous_0)
FN:16,(anonymous_1)
FN:54,(anonymous_2)
FN:98,(anonymous_3)
FN:102,(anonymous_4)
FN:107,map
FNF:6
FNH:6
FNDA:22,(anonymous_0)
FNDA:34,(anonymous_1)
FNDA:19,(anonymous_2)
FNDA:2,(anonymous_3)
FNDA:2,(anonymous_4)
FNDA:22,map
DA:1,13
DA:2,13
DA:5,13
DA:6,22
DA:11,22
DA:12,22
DA:13,22
DA:17,34
DA:18,34
DA:19,8
DA:24,8
DA:27,26
DA:28,26
DA:30,26
DA:31,26
DA:32,1044
DA:33,1044
DA:35,1044
DA:36,1044
DA:37,1039
DA:38,1033
DA:40,11
DA:41,11
DA:44,1033
DA:47,15
DA:48,0
DA:51,15
DA:55,19
DA:56,19
DA:57,3
DA:62,3
DA:65,16
DA:66,16
DA:67,16
DA:69,16
DA:70,16
DA:71,19
DA:72,19
DA:74,19
DA:80,19
DA:83,16
DA:84,16
DA:85,19
DA:86,17
DA:87,17
DA:91,16
DA:92,2
DA:95,14
DA:99,2
DA:103,2
DA:107,13
DA:111,22
LF:52
LH:51
BRDA:18,0,0,8
BRDA:40,1,0,11
BRDA:47,2,0,0
BRDA:56,3,0,3
BRDA:85,4,0,17
BRDA:91,5,0,2
BRF:6
BRH:5
end_of_record
TN:
SF:src\schemas\complex\object.ts
FN:51,(anonymous_0)
FN:64,(anonymous_1)
FN:170,(anonymous_2)
FN:192,(anonymous_3)
FN:246,(anonymous_4)
FN:288,(anonymous_5)
FN:297,(anonymous_6)
FN:306,(anonymous_7)
FN:315,(anonymous_8)
FN:324,(anonymous_9)
FN:337,(anonymous_10)
FN:351,(anonymous_11)
FN:377,(anonymous_12)
FN:405,(anonymous_13)
FN:413,(anonymous_14)
FN:421,(anonymous_15)
FN:428,(anonymous_16)
FN:434,(anonymous_17)
FN:443,(anonymous_18)
FN:458,(anonymous_19)
FN:465,(anonymous_20)
FN:473,object
FN:480,record
FN:488,(anonymous_23)
FN:504,(anonymous_24)
FNF:25
FNH:20
FNDA:422,(anonymous_0)
FNDA:344,(anonymous_1)
FNDA:36,(anonymous_2)
FNDA:45,(anonymous_3)
FNDA:11,(anonymous_4)
FNDA:7,(anonymous_5)
FNDA:7,(anonymous_6)
FNDA:2,(anonymous_7)
FNDA:7,(anonymous_8)
FNDA:4,(anonymous_9)
FNDA:4,(anonymous_10)
FNDA:5,(anonymous_11)
FNDA:4,(anonymous_12)
FNDA:4,(anonymous_13)
FNDA:4,(anonymous_14)
FNDA:2,(anonymous_15)
FNDA:8,(anonymous_16)
FNDA:0,(anonymous_17)
FNDA:1,(anonymous_18)
FNDA:133,(anonymous_19)
FNDA:0,(anonymous_20)
FNDA:396,object
FNDA:0,record
FNDA:0,(anonymous_23)
FNDA:0,(anonymous_24)
DA:1,23
DA:2,23
DA:44,23
DA:45,422
DA:48,422
DA:52,422
DA:53,422
DA:55,422
DA:56,0
DA:57,422
DA:58,0
DA:59,422
DA:60,422
DA:65,344
DA:66,344
DA:67,12
DA:72,12
DA:75,332
DA:76,332
DA:77,332
DA:80,332
DA:81,764
DA:82,764
DA:84,764
DA:86,764
DA:89,764
DA:93,764
DA:95,43
DA:96,0
DA:98,43
DA:102,721
DA:105,571
DA:106,571
DA:115,332
DA:116,332
DA:117,888
DA:118,213
DA:122,332
DA:123,92
DA:124,5
DA:129,87
DA:130,4
DA:131,6
DA:133,83
DA:134,4
DA:135,6
DA:136,6
DA:137,6
DA:138,4
DA:147,332
DA:148,98
DA:152,234
DA:153,2
DA:154,2
DA:156,2
DA:159,0
DA:161,2
DA:162,1
DA:167,233
DA:171,36
DA:172,36
DA:173,0
DA:178,0
DA:181,36
DA:182,36
DA:183,36
DA:184,36
DA:187,36
DA:188,45
DA:189,45
DA:191,45
DA:193,45
DA:195,45
DA:198,45
DA:202,45
DA:205,34
DA:206,34
DA:208,0
DA:211,11
DA:217,36
DA:218,36
DA:219,45
DA:220,45
DA:221,34
DA:222,34
DA:227,36
DA:228,36
DA:229,181
DA:230,139
DA:234,36
DA:235,28
DA:236,2
DA:241,26
DA:242,2
DA:243,102
DA:245,24
DA:246,6
DA:247,11
DA:248,11
DA:249,11
DA:250,6
DA:252,5
DA:256,6
DA:257,6
DA:258,11
DA:259,6
DA:260,6
DA:266,36
DA:267,19
DA:271,17
DA:272,0
DA:273,0
DA:274,0
DA:275,0
DA:280,17
DA:289,7
DA:290,7
DA:291,7
DA:298,7
DA:299,7
DA:300,7
DA:307,2
DA:308,2
DA:309,2
DA:316,7
DA:317,7
DA:318,7
DA:325,4
DA:326,4
DA:327,8
DA:328,8
DA:331,4
DA:338,4
DA:339,4
DA:340,4
DA:341,12
DA:342,8
DA:345,4
DA:352,5
DA:354,4
DA:355,4
DA:356,8
DA:358,4
DA:361,1
DA:362,1
DA:363,1
DA:364,3
DA:365,2
DA:367,1
DA:370,1
DA:378,4
DA:380,3
DA:381,3
DA:383,6
DA:385,3
DA:388,1
DA:389,1
DA:390,1
DA:391,3
DA:393,1
DA:395,2
DA:398,1
DA:406,4
DA:407,4
DA:414,4
DA:415,4
DA:424,2
DA:429,8
DA:430,6
DA:432,2
DA:435,0
DA:446,1
DA:447,1
DA:450,2
DA:452,1
DA:459,133
DA:466,0
DA:473,23
DA:474,396
DA:480,23
DA:484,0
DA:489,0
DA:490,0
DA:493,0
DA:494,0
DA:496,0
DA:497,0
DA:498,0
DA:499,0
DA:502,0
DA:505,0
DA:506,0
DA:509,0
DA:510,0
DA:512,0
DA:513,0
DA:514,0
DA:515,0
DA:518,0
LF:199
LH:167
BRDA:51,0,0,422
BRDA:55,1,0,0
BRDA:55,1,1,422
BRDA:57,2,0,0
BRDA:57,2,1,422
BRDA:59,3,0,422
BRDA:66,4,0,12
BRDA:89,5,0,764
BRDA:89,5,1,0
BRDA:93,6,0,43
BRDA:93,7,0,764
BRDA:93,7,1,78
BRDA:93,7,2,721
BRDA:93,7,3,0
BRDA:95,8,0,0
BRDA:105,9,0,571
BRDA:105,10,0,571
BRDA:105,10,1,0
BRDA:117,11,0,213
BRDA:122,12,0,92
BRDA:123,13,0,5
BRDA:123,13,1,87
BRDA:129,14,0,4
BRDA:129,14,1,83
BRDA:133,15,0,4
BRDA:147,16,0,98
BRDA:152,17,0,2
BRDA:152,18,0,234
BRDA:152,18,1,234
BRDA:156,19,0,0
BRDA:156,20,0,2
BRDA:156,20,1,0
BRDA:161,21,0,1
BRDA:172,22,0,0
BRDA:198,23,0,45
BRDA:198,23,1,0
BRDA:205,24,0,34
BRDA:205,25,0,34
BRDA:205,25,1,0
BRDA:220,26,0,34
BRDA:220,27,0,45
BRDA:220,27,1,45
BRDA:220,27,2,45
BRDA:229,28,0,139
BRDA:234,29,0,28
BRDA:235,30,0,2
BRDA:235,30,1,26
BRDA:241,31,0,2
BRDA:241,31,1,24
BRDA:245,32,0,6
BRDA:258,33,0,6
BRDA:258,34,0,11
BRDA:258,34,1,11
BRDA:266,35,0,19
BRDA:271,36,0,0
BRDA:271,37,0,17
BRDA:271,37,1,17
BRDA:274,38,0,0
BRDA:327,39,0,8
BRDA:341,40,0,8
BRDA:352,41,0,4
BRDA:352,41,1,1
BRDA:364,42,0,2
BRDA:364,42,1,1
BRDA:378,43,0,3
BRDA:378,43,1,1
BRDA:391,44,0,1
BRDA:391,44,1,2
BRDA:429,45,0,6
BRDA:429,46,0,8
BRDA:429,46,1,8
BRDA:489,47,0,0
BRDA:489,48,0,0
BRDA:489,48,1,0
BRDA:505,49,0,0
BRDA:505,50,0,0
BRDA:505,50,1,0
BRF:77
BRH:58
end_of_record
TN:
SF:src\schemas\complex\pipeline.ts
FN:16,(anonymous_0)
FN:21,(anonymous_1)
FN:35,(anonymous_2)
FN:49,(anonymous_3)
FN:54,pipeline
FNF:5
FNH:5
FNDA:24,(anonymous_0)
FNDA:23,(anonymous_1)
FNDA:12,(anonymous_2)
FNDA:6,(anonymous_3)
FNDA:24,pipeline
DA:1,13
DA:7,13
DA:13,24
DA:17,24
DA:18,24
DA:22,23
DA:24,23
DA:25,75
DA:27,66
DA:28,1
DA:32,13
DA:36,12
DA:38,12
DA:39,31
DA:41,26
DA:42,1
DA:46,6
DA:50,6
DA:54,13
DA:57,24
LF:20
LH:20
BRDA:27,0,0,1
BRDA:41,1,0,1
BRF:2
BRH:2
end_of_record
TN:
SF:src\schemas\complex\preprocess.ts
FN:9,(anonymous_0)
FN:18,(anonymous_1)
FN:34,(anonymous_2)
FN:51,preprocess
FNF:4
FNH:4
FNDA:38,(anonymous_0)
FNDA:74,(anonymous_1)
FNDA:7,(anonymous_2)
FNDA:38,preprocess
DA:1,14
DA:4,14
DA:5,38
DA:13,38
DA:14,38
DA:15,38
DA:21,74
DA:22,74
DA:24,7
DA:28,7
DA:31,67
DA:37,7
DA:38,7
DA:40,1
DA:44,1
DA:47,6
DA:51,14
DA:55,38
LF:18
LH:18
BRDA:26,0,0,6
BRDA:26,0,1,1
BRDA:42,1,0,1
BRDA:42,1,1,0
BRF:4
BRH:3
end_of_record
TN:
SF:src\schemas\complex\promise.ts
FN:9,(anonymous_0)
FN:14,(anonymous_1)
FN:25,(anonymous_2)
FN:30,(anonymous_3)
FN:42,(anonymous_4)
FN:47,(anonymous_5)
FN:52,promise
FNF:7
FNH:7
FNDA:24,(anonymous_0)
FNDA:48,(anonymous_1)
FNDA:37,(anonymous_2)
FNDA:6,(anonymous_3)
FNDA:4,(anonymous_4)
FNDA:2,(anonymous_5)
FNDA:24,promise
DA:1,13
DA:2,13
DA:5,13
DA:6,24
DA:10,24
DA:11,24
DA:15,48
DA:16,48
DA:17,9
DA:22,9
DA:25,39
DA:26,37
DA:31,6
DA:32,6
DA:33,2
DA:38,2
DA:42,4
DA:43,4
DA:48,2
DA:52,13
DA:53,24
LF:21
LH:21
BRDA:16,0,0,9
BRDA:32,1,0,2
BRF:2
BRH:2
end_of_record
TN:
SF:src\schemas\complex\record.ts
FN:13,(anonymous_0)
FN:19,(anonymous_1)
FN:65,(anonymous_2)
FN:83,(anonymous_3)
FN:119,record
FNF:5
FNH:5
FNDA:27,(anonymous_0)
FNDA:40,(anonymous_1)
FNDA:16,(anonymous_2)
FNDA:15,(anonymous_3)
FNDA:27,record
DA:1,13
DA:2,13
DA:5,13
DA:9,27
DA:14,27
DA:15,27
DA:16,27
DA:20,40
DA:21,40
DA:22,6
DA:27,6
DA:30,34
DA:31,34
DA:33,34
DA:34,1067
DA:36,1066
DA:37,1066
DA:38,7
DA:42,7
DA:46,1059
DA:47,1059
DA:48,7
DA:49,7
DA:50,7
DA:53,1052
DA:58,34
DA:59,12
DA:62,22
DA:66,16
DA:67,16
DA:68,3
DA:73,3
DA:76,13
DA:77,13
DA:78,13
DA:80,13
DA:81,15
DA:82,15
DA:85,15
DA:86,15
DA:87,0
DA:91,0
DA:95,15
DA:96,15
DA:97,1
DA:98,1
DA:99,1
DA:102,14
DA:109,13
DA:111,13
DA:112,1
DA:115,12
DA:119,13
DA:123,27
LF:54
LH:52
BRDA:21,0,0,6
BRDA:34,1,0,1066
BRDA:37,2,0,7
BRDA:47,3,0,7
BRDA:47,3,1,1052
BRDA:58,4,0,12
BRDA:67,5,0,3
BRDA:81,6,0,15
BRDA:86,7,0,0
BRDA:96,8,0,1
BRDA:96,8,1,14
BRDA:111,9,0,1
BRF:12
BRH:11
end_of_record
TN:
SF:src\schemas\complex\set.ts
FN:9,(anonymous_0)
FN:14,(anonymous_1)
FN:50,(anonymous_2)
FN:86,(anonymous_3)
FN:91,set
FNF:5
FNH:5
FNDA:22,(anonymous_0)
FNDA:36,(anonymous_1)
FNDA:19,(anonymous_2)
FNDA:2,(anonymous_3)
FNDA:22,set
DA:1,13
DA:2,13
DA:5,13
DA:6,22
DA:10,22
DA:11,22
DA:15,36
DA:16,36
DA:17,8
DA:22,8
DA:25,28
DA:26,28
DA:28,28
DA:29,28
DA:30,1059
DA:32,1059
DA:33,1059
DA:34,1048
DA:36,11
DA:37,11
DA:40,1048
DA:43,17
DA:44,0
DA:47,17
DA:51,19
DA:52,19
DA:53,3
DA:58,3
DA:61,16
DA:62,16
DA:63,16
DA:65,16
DA:66,16
DA:67,44
DA:68,44
DA:69,44
DA:72,16
DA:73,16
DA:74,44
DA:75,40
DA:79,16
DA:80,2
DA:83,14
DA:87,2
DA:91,13
DA:92,22
LF:46
LH:45
BRDA:16,0,0,8
BRDA:36,1,0,11
BRDA:43,2,0,0
BRDA:52,3,0,3
BRDA:74,4,0,40
BRDA:79,5,0,2
BRF:6
BRH:5
end_of_record
TN:
SF:src\schemas\complex\tuple.ts
FN:24,(anonymous_0)
FN:30,(anonymous_1)
FN:108,(anonymous_2)
FN:179,(anonymous_3)
FN:183,(anonymous_4)
FN:188,tuple
FNF:6
FNH:6
FNDA:32,(anonymous_0)
FNDA:55,(anonymous_1)
FNDA:12,(anonymous_2)
FNDA:5,(anonymous_3)
FNDA:1,(anonymous_4)
FNDA:27,tuple
DA:1,13
DA:2,13
DA:16,13
DA:20,32
DA:25,32
DA:26,32
DA:27,32
DA:31,55
DA:32,55
DA:33,6
DA:38,6
DA:41,49
DA:42,49
DA:44,49
DA:45,38
DA:46,10
DA:57,11
DA:58,0
DA:70,49
DA:71,182
DA:72,182
DA:73,182
DA:75,182
DA:76,182
DA:77,157
DA:79,25
DA:80,25
DA:85,24
DA:86,9
DA:87,15
DA:88,15
DA:90,15
DA:91,15
DA:92,13
DA:94,2
DA:95,2
DA:101,22
DA:102,0
DA:105,22
DA:109,12
DA:110,12
DA:111,2
DA:116,2
DA:119,10
DA:120,10
DA:122,10
DA:123,7
DA:124,2
DA:135,3
DA:136,0
DA:148,10
DA:150,10
DA:151,17
DA:152,17
DA:153,17
DA:154,17
DA:157,10
DA:158,3
DA:159,4
DA:160,4
DA:161,4
DA:165,10
DA:166,10
DA:167,21
DA:168,13
DA:172,10
DA:173,5
DA:176,5
DA:180,5
DA:184,1
DA:188,13
DA:191,27
LF:72
LH:69
BRDA:24,0,0,27
BRDA:32,1,0,6
BRDA:44,2,0,38
BRDA:44,2,1,11
BRDA:45,3,0,10
BRDA:47,4,0,3
BRDA:47,4,1,7
BRDA:51,5,0,3
BRDA:51,5,1,7
BRDA:57,6,0,0
BRDA:79,7,0,25
BRDA:85,8,0,9
BRDA:94,9,0,2
BRDA:101,10,0,0
BRDA:110,11,0,2
BRDA:122,12,0,7
BRDA:122,12,1,3
BRDA:123,13,0,2
BRDA:125,14,0,1
BRDA:125,14,1,1
BRDA:129,15,0,1
BRDA:129,15,1,1
BRDA:135,16,0,0
BRDA:157,17,0,3
BRDA:167,18,0,13
BRDA:172,19,0,5
BRF:26
BRH:23
end_of_record
TN:
SF:src\schemas\complex\union.ts
FN:12,(anonymous_0)
FN:17,(anonymous_1)
FN:42,(anonymous_2)
FN:67,(anonymous_3)
FN:72,union
FNF:5
FNH:5
FNDA:42,(anonymous_0)
FNDA:96,(anonymous_1)
FNDA:6,(anonymous_2)
FNDA:1,(anonymous_3)
FNDA:42,union
DA:1,17
DA:2,17
DA:5,17
DA:9,42
DA:13,42
DA:14,42
DA:18,96
DA:20,96
DA:21,192
DA:22,192
DA:23,68
DA:25,124
DA:32,28
DA:39,28
DA:43,6
DA:45,6
DA:46,11
DA:47,11
DA:48,2
DA:50,9
DA:57,4
DA:64,4
DA:68,1
DA:72,17
DA:75,42
LF:25
LH:25
BRDA:22,0,0,68
BRDA:22,0,1,124
BRDA:47,1,0,2
BRDA:47,1,1,9
BRF:4
BRH:4
end_of_record
TN:
SF:src\schemas\primitives\any.ts
FN:7,(anonymous_0)
FN:11,(anonymous_1)
FN:16,any
FNF:3
FNH:2
FNDA:2,(anonymous_0)
FNDA:0,(anonymous_1)
FNDA:1,any
DA:1,12
DA:4,12
DA:5,1
DA:8,2
DA:12,0
DA:16,12
DA:17,1
LF:7
LH:6
BRF:0
BRH:0
end_of_record
TN:
SF:src\schemas\primitives\bigint.ts
FN:17,(anonymous_0)
FN:22,(anonymous_1)
FN:185,(anonymous_2)
FN:189,(anonymous_3)
FN:200,(anonymous_4)
FN:211,(anonymous_5)
FN:217,(anonymous_6)
FN:223,(anonymous_7)
FN:229,(anonymous_8)
FN:235,(anonymous_9)
FN:242,bigint
FNF:11
FNH:10
FNDA:13,(anonymous_0)
FNDA:30,(anonymous_1)
FNDA:1,(anonymous_2)
FNDA:2,(anonymous_3)
FNDA:2,(anonymous_4)
FNDA:1,(anonymous_5)
FNDA:1,(anonymous_6)
FNDA:1,(anonymous_7)
FNDA:1,(anonymous_8)
FNDA:0,(anonymous_9)
FNDA:13,bigint
DA:1,12
DA:2,12
DA:12,12
DA:13,13
DA:14,13
DA:18,13
DA:19,13
DA:23,30
DA:24,4
DA:25,4
DA:26,4
DA:28,0
DA:33,0
DA:38,30
DA:39,30
DA:40,2
DA:45,2
DA:48,28
DA:50,28
DA:51,22
DA:53,5
DA:54,5
DA:55,2
DA:66,0
DA:67,0
DA:78,5
DA:81,5
DA:82,5
DA:83,2
DA:94,0
DA:95,0
DA:106,5
DA:109,3
DA:110,2
DA:120,3
DA:123,3
DA:124,2
DA:134,3
DA:137,3
DA:138,1
DA:148,3
DA:151,3
DA:152,1
DA:162,3
DA:165,0
DA:166,0
DA:174,0
DA:178,28
DA:179,10
DA:182,18
DA:186,1
DA:190,2
DA:191,2
DA:197,2
DA:201,2
DA:202,2
DA:208,2
DA:212,1
DA:213,1
DA:214,1
DA:218,1
DA:219,1
DA:220,1
DA:224,1
DA:225,1
DA:226,1
DA:230,1
DA:231,1
DA:232,1
DA:236,0
DA:237,0
DA:238,0
DA:242,12
DA:243,13
LF:74
LH:62
BRDA:17,0,0,10
BRDA:19,1,0,13
BRDA:19,1,1,10
BRDA:23,2,0,4
BRDA:24,3,0,4
BRDA:24,4,0,4
BRDA:24,4,1,2
BRDA:24,4,2,0
BRDA:39,5,0,2
BRDA:51,6,0,5
BRDA:51,6,1,5
BRDA:51,6,2,3
BRDA:51,6,3,3
BRDA:51,6,4,3
BRDA:51,6,5,3
BRDA:51,6,6,0
BRDA:53,7,0,5
BRDA:53,7,1,0
BRDA:54,8,0,2
BRDA:66,9,0,0
BRDA:81,10,0,5
BRDA:81,10,1,0
BRDA:82,11,0,2
BRDA:94,12,0,0
BRDA:109,13,0,2
BRDA:112,14,0,2
BRDA:112,14,1,2
BRDA:123,15,0,2
BRDA:126,16,0,2
BRDA:126,16,1,2
BRDA:137,17,0,1
BRDA:140,18,0,1
BRDA:140,18,1,1
BRDA:151,19,0,1
BRDA:154,20,0,1
BRDA:154,20,1,1
BRDA:165,21,0,0
BRDA:178,22,0,10
BRF:38
BRH:31
end_of_record
TN:
SF:src\schemas\primitives\boolean.ts
FN:9,(anonymous_0)
FN:14,(anonymous_1)
FN:33,(anonymous_2)
FN:38,boolean
FNF:4
FNH:4
FNDA:67,(anonymous_0)
FNDA:120,(anonymous_1)
FNDA:3,(anonymous_2)
FNDA:67,boolean
DA:1,25
DA:2,25
DA:5,25
DA:6,67
DA:10,67
DA:11,67
DA:15,120
DA:16,4
DA:19,120
DA:20,120
DA:21,35
DA:27,35
DA:30,85
DA:34,3
DA:38,25
DA:39,67
LF:16
LH:16
BRDA:9,0,0,66
BRDA:11,1,0,67
BRDA:11,1,1,66
BRDA:15,2,0,4
BRDA:20,3,0,35
BRF:5
BRH:5
end_of_record
TN:
SF:src\schemas\primitives\date.ts
FN:17,(anonymous_0)
FN:22,(anonymous_1)
FN:116,(anonymous_2)
FN:120,(anonymous_3)
FN:132,(anonymous_4)
FN:145,date
FNF:6
FNH:5
FNDA:9,(anonymous_0)
FNDA:15,(anonymous_1)
FNDA:0,(anonymous_2)
FNDA:1,(anonymous_3)
FNDA:1,(anonymous_4)
FNDA:9,date
DA:1,12
DA:2,12
DA:12,12
DA:13,9
DA:14,9
DA:18,9
DA:19,9
DA:23,15
DA:24,1
DA:25,1
DA:29,15
DA:30,15
DA:31,2
DA:36,2
DA:39,13
DA:41,13
DA:42,1
DA:46,1
DA:49,12
DA:50,7
DA:52,2
DA:53,2
DA:54,1
DA:65,0
DA:66,0
DA:77,2
DA:80,2
DA:81,2
DA:82,1
DA:93,0
DA:94,0
DA:105,2
DA:109,12
DA:110,4
DA:113,8
DA:117,0
DA:121,1
DA:122,1
DA:123,1
DA:129,1
DA:133,1
DA:134,1
DA:135,1
DA:141,1
DA:145,12
DA:146,9
LF:46
LH:41
BRDA:17,0,0,8
BRDA:19,1,0,9
BRDA:19,1,1,8
BRDA:23,2,0,1
BRDA:24,3,0,1
BRDA:24,4,0,1
BRDA:24,4,1,0
BRDA:30,5,0,2
BRDA:41,6,0,1
BRDA:50,7,0,2
BRDA:50,7,1,2
BRDA:52,8,0,2
BRDA:52,8,1,0
BRDA:53,9,0,1
BRDA:65,10,0,0
BRDA:80,11,0,2
BRDA:80,11,1,0
BRDA:81,12,0,1
BRDA:93,13,0,0
BRDA:109,14,0,4
BRDA:121,15,0,1
BRDA:121,15,1,0
BRDA:133,16,0,1
BRDA:133,16,1,0
BRF:24
BRH:17
end_of_record
TN:
SF:src\schemas\primitives\literal.ts
FN:11,(anonymous_0)
FN:16,(anonymous_1)
FN:29,(anonymous_2)
FN:33,(anonymous_3)
FN:38,literal
FNF:5
FNH:5
FNDA:165,(anonymous_0)
FNDA:103,(anonymous_1)
FNDA:3,(anonymous_2)
FNDA:254,(anonymous_3)
FNDA:165,literal
DA:1,20
DA:2,20
DA:7,20
DA:8,165
DA:12,165
DA:13,165
DA:17,103
DA:18,34
DA:23,34
DA:26,69
DA:30,3
DA:34,254
DA:38,20
DA:39,165
LF:14
LH:14
BRDA:17,0,0,34
BRF:1
BRH:1
end_of_record
TN:
SF:src\schemas\primitives\nan.ts
FN:8,(anonymous_0)
FN:21,(anonymous_1)
FN:26,nan
FNF:3
FNH:3
FNDA:5,(anonymous_0)
FNDA:1,(anonymous_1)
FNDA:3,nan
DA:1,12
DA:2,12
DA:5,12
DA:6,3
DA:9,5
DA:10,3
DA:15,3
DA:18,2
DA:22,1
DA:26,12
DA:27,3
LF:11
LH:11
BRDA:9,0,0,3
BRDA:9,1,0,5
BRDA:9,1,1,3
BRDA:13,2,0,1
BRDA:13,2,1,2
BRF:5
BRH:5
end_of_record
TN:
SF:src\schemas\primitives\never.ts
FN:8,(anonymous_0)
FN:17,(anonymous_1)
FN:22,never
FNF:3
FNH:3
FNDA:5,(anonymous_0)
FNDA:1,(anonymous_1)
FNDA:2,never
DA:1,12
DA:2,12
DA:5,12
DA:6,2
DA:9,5
DA:14,5
DA:18,1
DA:22,12
DA:23,2
LF:9
LH:9
BRF:0
BRH:0
end_of_record
TN:
SF:src\schemas\primitives\null.ts
FN:8,(anonymous_0)
FN:23,(anonymous_1)
FN:30,nullSchema
FNF:3
FNH:2
FNDA:4,(anonymous_0)
FNDA:0,(anonymous_1)
FNDA:2,nullSchema
DA:1,13
DA:2,13
DA:5,13
DA:6,2
DA:9,4
DA:10,4
DA:11,3
DA:17,3
DA:20,1
DA:24,0
DA:28,13
DA:30,13
DA:31,2
LF:13
LH:12
BRDA:10,0,0,3
BRF:1
BRH:1
end_of_record
TN:
SF:src\schemas\primitives\number.ts
FN:17,(anonymous_0)
FN:22,(anonymous_1)
FN:216,(anonymous_2)
FN:220,(anonymous_3)
FN:231,(anonymous_4)
FN:242,(anonymous_5)
FN:248,(anonymous_6)
FN:254,(anonymous_7)
FN:260,(anonymous_8)
FN:266,(anonymous_9)
FN:272,(anonymous_10)
FN:278,(anonymous_11)
FN:284,(anonymous_12)
FN:290,(anonymous_13)
FN:294,(anonymous_14)
FN:298,(anonymous_15)
FN:302,(anonymous_16)
FN:306,(anonymous_17)
FN:311,number
FNF:19
FNH:17
FNDA:577,(anonymous_0)
FNDA:4771,(anonymous_1)
FNDA:121,(anonymous_2)
FNDA:12,(anonymous_3)
FNDA:11,(anonymous_4)
FNDA:22,(anonymous_5)
FNDA:42,(anonymous_6)
FNDA:1,(anonymous_7)
FNDA:0,(anonymous_8)
FNDA:4,(anonymous_9)
FNDA:1,(anonymous_10)
FNDA:2,(anonymous_11)
FNDA:2,(anonymous_12)
FNDA:1,(anonymous_13)
FNDA:1,(anonymous_14)
FNDA:1,(anonymous_15)
FNDA:1,(anonymous_16)
FNDA:0,(anonymous_17)
FNDA:577,number
DA:1,26
DA:2,26
DA:12,26
DA:13,577
DA:14,577
DA:18,577
DA:19,577
DA:23,4771
DA:24,4
DA:27,4771
DA:28,4771
DA:29,116
DA:35,116
DA:38,4655
DA:40,4655
DA:41,0
DA:47,0
DA:50,4655
DA:51,153
DA:53,22
DA:54,20
DA:55,3
DA:66,2
DA:67,1
DA:78,22
DA:81,19
DA:82,17
DA:83,2
DA:94,2
DA:95,1
DA:106,19
DA:109,31
DA:110,5
DA:117,31
DA:120,59
DA:121,31
DA:131,59
DA:134,3
DA:135,2
DA:145,3
DA:148,0
DA:149,0
DA:159,0
DA:162,6
DA:163,0
DA:173,6
DA:176,3
DA:177,1
DA:185,3
DA:188,6
DA:189,4
DA:194,6
DA:197,4
DA:198,2
DA:205,4
DA:209,4655
DA:210,72
DA:213,4583
DA:217,121
DA:221,12
DA:222,12
DA:228,12
DA:232,11
DA:233,11
DA:239,11
DA:243,22
DA:244,22
DA:245,22
DA:249,42
DA:250,42
DA:251,42
DA:255,1
DA:256,1
DA:257,1
DA:261,0
DA:262,0
DA:263,0
DA:267,4
DA:268,4
DA:269,4
DA:273,1
DA:274,1
DA:275,1
DA:279,2
DA:280,2
DA:281,2
DA:285,2
DA:286,2
DA:287,2
DA:291,1
DA:295,1
DA:299,1
DA:303,1
DA:307,0
DA:311,26
DA:312,577
LF:96
LH:86
BRDA:17,0,0,575
BRDA:19,1,0,577
BRDA:19,1,1,575
BRDA:23,2,0,4
BRDA:28,3,0,116
BRDA:40,4,0,0
BRDA:51,5,0,22
BRDA:51,5,1,19
BRDA:51,5,2,31
BRDA:51,5,3,59
BRDA:51,5,4,3
BRDA:51,5,5,0
BRDA:51,5,6,6
BRDA:51,5,7,3
BRDA:51,5,8,6
BRDA:51,5,9,4
BRDA:53,6,0,20
BRDA:53,6,1,2
BRDA:54,7,0,3
BRDA:66,8,0,1
BRDA:81,9,0,17
BRDA:81,9,1,2
BRDA:82,10,0,2
BRDA:94,11,0,1
BRDA:109,12,0,5
BRDA:112,13,0,5
BRDA:112,13,1,5
BRDA:120,14,0,31
BRDA:123,15,0,31
BRDA:123,15,1,31
BRDA:134,16,0,2
BRDA:137,17,0,2
BRDA:137,17,1,2
BRDA:148,18,0,0
BRDA:151,19,0,0
BRDA:151,19,1,0
BRDA:162,20,0,0
BRDA:165,21,0,0
BRDA:165,21,1,0
BRDA:176,22,0,1
BRDA:188,23,0,4
BRDA:197,24,0,2
BRDA:200,25,0,2
BRDA:200,25,1,2
BRDA:209,26,0,72
BRF:45
BRH:37
end_of_record
TN:
SF:src\schemas\primitives\string.ts
FN:16,(anonymous_0)
FN:21,(anonymous_1)
FN:184,(anonymous_2)
FN:188,(anonymous_3)
FN:194,(anonymous_4)
FN:200,(anonymous_5)
FN:206,(anonymous_6)
FN:212,(anonymous_7)
FN:218,(anonymous_8)
FN:224,(anonymous_9)
FN:230,(anonymous_10)
FN:236,(anonymous_11)
FN:242,(anonymous_12)
FN:248,(anonymous_13)
FN:254,(anonymous_14)
FN:260,(anonymous_15)
FN:266,(anonymous_16)
FN:272,(anonymous_17)
FN:278,(anonymous_18)
FN:284,(anonymous_19)
FN:290,(anonymous_20)
FN:295,isValidEmail
FN:300,isValidUrl
FN:309,isValidUuid
FN:314,isValidCuid
FN:319,isValidDatetime
FN:324,isValidIp
FN:334,isValidBase64
FN:339,string
FNF:29
FNH:28
FNDA:775,(anonymous_0)
FNDA:2060,(anonymous_1)
FNDA:149,(anonymous_2)
FNDA:60,(anonymous_3)
FNDA:21,(anonymous_4)
FNDA:5,(anonymous_5)
FNDA:26,(anonymous_6)
FNDA:4,(anonymous_7)
FNDA:8,(anonymous_8)
FNDA:1,(anonymous_9)
FNDA:12,(anonymous_10)
FNDA:2,(anonymous_11)
FNDA:2,(anonymous_12)
FNDA:2,(anonymous_13)
FNDA:3,(anonymous_14)
FNDA:3,(anonymous_15)
FNDA:1,(anonymous_16)
FNDA:3,(anonymous_17)
FNDA:3,(anonymous_18)
FNDA:4,(anonymous_19)
FNDA:0,(anonymous_20)
FNDA:31,isValidEmail
FNDA:7,isValidUrl
FNDA:10,isValidUuid
FNDA:2,isValidCuid
FNDA:4,isValidDatetime
FNDA:6,isValidIp
FNDA:2,isValidBase64
FNDA:775,string
DA:1,26
DA:2,26
DA:11,26
DA:12,775
DA:13,775
DA:17,775
DA:18,775
DA:22,2060
DA:23,2
DA:26,2060
DA:27,2060
DA:28,137
DA:34,137
DA:37,1923
DA:39,1923
DA:40,257
DA:42,4
DA:43,4
DA:45,4
DA:46,4
DA:48,5
DA:49,5
DA:51,93
DA:52,43
DA:62,93
DA:64,29
DA:65,6
DA:75,29
DA:77,6
DA:78,2
DA:83,6
DA:85,31
DA:86,21
DA:91,31
DA:93,7
DA:94,1
DA:99,7
DA:101,10
DA:102,1
DA:107,10
DA:109,2
DA:110,1
DA:115,2
DA:117,24
DA:118,6
DA:123,24
DA:125,6
DA:126,2
DA:131,6
DA:133,6
DA:134,2
DA:139,6
DA:141,6
DA:142,3
DA:147,6
DA:149,4
DA:150,1
DA:155,4
DA:157,6
DA:158,6
DA:159,3
DA:165,6
DA:167,2
DA:168,1
DA:173,2
DA:177,1923
DA:178,135
DA:181,1788
DA:185,149
DA:189,60
DA:190,60
DA:191,60
DA:195,21
DA:196,21
DA:197,21
DA:201,5
DA:202,5
DA:203,5
DA:207,26
DA:208,26
DA:209,26
DA:213,4
DA:214,4
DA:215,4
DA:219,8
DA:220,8
DA:221,8
DA:225,1
DA:226,1
DA:227,1
DA:231,12
DA:232,12
DA:233,12
DA:237,2
DA:238,2
DA:239,2
DA:243,2
DA:244,2
DA:245,2
DA:249,2
DA:250,2
DA:251,2
DA:255,3
DA:256,3
DA:257,3
DA:261,3
DA:262,3
DA:263,3
DA:267,1
DA:268,1
DA:269,1
DA:273,3
DA:274,3
DA:275,3
DA:279,3
DA:280,3
DA:281,3
DA:285,4
DA:286,4
DA:287,4
DA:291,0
DA:296,31
DA:297,31
DA:301,7
DA:302,7
DA:303,6
DA:305,1
DA:310,10
DA:311,10
DA:315,2
DA:316,2
DA:320,4
DA:321,4
DA:325,6
DA:326,4
DA:327,4
DA:329,2
DA:330,2
DA:335,2
DA:336,2
DA:339,26
DA:340,775
LF:142
LH:141
BRDA:16,0,0,774
BRDA:18,1,0,775
BRDA:18,1,1,774
BRDA:22,2,0,2
BRDA:27,3,0,137
BRDA:40,4,0,4
BRDA:40,4,1,4
BRDA:40,4,2,5
BRDA:40,4,3,93
BRDA:40,4,4,29
BRDA:40,4,5,6
BRDA:40,4,6,31
BRDA:40,4,7,7
BRDA:40,4,8,10
BRDA:40,4,9,2
BRDA:40,4,10,24
BRDA:40,4,11,6
BRDA:40,4,12,6
BRDA:40,4,13,6
BRDA:40,4,14,4
BRDA:40,4,15,6
BRDA:40,4,16,2
BRDA:51,5,0,43
BRDA:64,6,0,6
BRDA:77,7,0,2
BRDA:80,8,0,2
BRDA:80,8,1,2
BRDA:85,9,0,21
BRDA:93,10,0,1
BRDA:101,11,0,1
BRDA:109,12,0,1
BRDA:117,13,0,6
BRDA:120,14,0,6
BRDA:120,14,1,6
BRDA:125,15,0,2
BRDA:128,16,0,2
BRDA:128,16,1,2
BRDA:133,17,0,2
BRDA:136,18,0,2
BRDA:136,18,1,2
BRDA:141,19,0,3
BRDA:144,20,0,3
BRDA:144,20,1,3
BRDA:149,21,0,1
BRDA:157,22,0,6
BRDA:157,22,1,2
BRDA:158,23,0,3
BRDA:167,24,0,1
BRDA:177,25,0,135
BRDA:325,26,0,4
BRDA:325,26,1,2
BRDA:336,27,0,2
BRDA:336,27,1,1
BRF:53
BRH:53
end_of_record
TN:
SF:src\schemas\primitives\symbol.ts
FN:8,(anonymous_0)
FN:23,(anonymous_1)
FN:28,symbol
FNF:3
FNH:3
FNDA:6,(anonymous_0)
FNDA:1,(anonymous_1)
FNDA:4,symbol
DA:1,12
DA:2,12
DA:5,12
DA:6,4
DA:9,6
DA:10,6
DA:11,3
DA:17,3
DA:20,3
DA:24,1
DA:28,12
DA:29,4
LF:12
LH:12
BRDA:10,0,0,3
BRF:1
BRH:1
end_of_record
TN:
SF:src\schemas\primitives\undefined.ts
FN:8,(anonymous_0)
FN:23,(anonymous_1)
FN:30,undefinedSchema
FNF:3
FNH:2
FNDA:4,(anonymous_0)
FNDA:0,(anonymous_1)
FNDA:1,undefinedSchema
DA:1,12
DA:2,12
DA:5,12
DA:6,1
DA:9,4
DA:10,4
DA:11,3
DA:17,3
DA:20,1
DA:24,0
DA:28,12
DA:30,12
DA:31,1
LF:13
LH:12
BRDA:10,0,0,3
BRF:1
BRH:1
end_of_record
TN:
SF:src\schemas\primitives\unknown.ts
FN:7,(anonymous_0)
FN:11,(anonymous_1)
FN:16,unknown
FNF:3
FNH:3
FNDA:5,(anonymous_0)
FNDA:1,(anonymous_1)
FNDA:2,unknown
DA:1,12
DA:4,12
DA:5,2
DA:8,5
DA:12,1
DA:16,12
DA:17,2
LF:7
LH:7
BRF:0
BRH:0
end_of_record
TN:
SF:src\schemas\primitives\void.ts
FN:8,(anonymous_0)
FN:23,(anonymous_1)
FN:30,voidSchema
FNF:3
FNH:3
FNDA:5,(anonymous_0)
FNDA:1,(anonymous_1)
FNDA:3,voidSchema
DA:1,12
DA:2,12
DA:5,12
DA:6,3
DA:9,5
DA:10,5
DA:11,3
DA:17,3
DA:20,2
DA:24,1
DA:28,12
DA:30,12
DA:31,3
LF:13
LH:13
BRDA:10,0,0,3
BRF:1
BRH:1
end_of_record
TN:
SF:src\types\base.ts
FN:25,(anonymous_0)
FN:39,(anonymous_1)
FN:41,(anonymous_2)
FN:111,(anonymous_3)
FN:118,(anonymous_4)
FN:140,(anonymous_5)
FN:148,(anonymous_6)
FN:156,(anonymous_7)
FN:161,(anonymous_8)
FN:169,(anonymous_9)
FN:170,(anonymous_10)
FN:176,(anonymous_11)
FN:181,(anonymous_12)
FN:190,(anonymous_13)
FN:193,(anonymous_14)
FN:227,(anonymous_15)
FN:232,(anonymous_16)
FN:240,(anonymous_17)
FN:241,(anonymous_18)
FN:247,(anonymous_19)
FN:252,(anonymous_20)
FN:261,(anonymous_21)
FN:264,(anonymous_22)
FN:298,(anonymous_23)
FN:304,(anonymous_24)
FN:310,(anonymous_25)
FN:317,(anonymous_26)
FN:322,(anonymous_27)
FN:327,(anonymous_28)
FN:332,(anonymous_29)
FN:337,(anonymous_30)
FN:343,(anonymous_31)
FN:350,(anonymous_32)
FN:356,(anonymous_33)
FN:363,(anonymous_34)
FN:367,(anonymous_35)
FN:389,(anonymous_36)
FN:395,(anonymous_37)
FN:400,(anonymous_38)
FN:406,(anonymous_39)
FN:410,(anonymous_40)
FN:414,(anonymous_41)
FN:418,(anonymous_42)
FN:422,(anonymous_43)
FNF:44
FNH:34
FNDA:973,(anonymous_0)
FNDA:2,(anonymous_1)
FNDA:4,(anonymous_2)
FNDA:2505,(anonymous_3)
FNDA:4383,(anonymous_4)
FNDA:814,(anonymous_5)
FNDA:155,(anonymous_6)
FNDA:3359,(anonymous_7)
FNDA:478,(anonymous_8)
FNDA:836,(anonymous_9)
FNDA:4290,(anonymous_10)
FNDA:172,(anonymous_11)
FNDA:0,(anonymous_12)
FNDA:9720,(anonymous_13)
FNDA:0,(anonymous_14)
FNDA:215,(anonymous_15)
FNDA:63,(anonymous_16)
FNDA:130,(anonymous_17)
FNDA:190,(anonymous_18)
FNDA:23,(anonymous_19)
FNDA:0,(anonymous_20)
FNDA:517,(anonymous_21)
FNDA:0,(anonymous_22)
FNDA:46,(anonymous_23)
FNDA:10,(anonymous_24)
FNDA:5,(anonymous_25)
FNDA:0,(anonymous_26)
FNDA:0,(anonymous_27)
FNDA:1,(anonymous_28)
FNDA:0,(anonymous_29)
FNDA:3,(anonymous_30)
FNDA:20,(anonymous_31)
FNDA:3,(anonymous_32)
FNDA:7,(anonymous_33)
FNDA:2,(anonymous_34)
FNDA:0,(anonymous_35)
FNDA:0,(anonymous_36)
FNDA:0,(anonymous_37)
FNDA:4,(anonymous_38)
FNDA:3,(anonymous_39)
FNDA:3,(anonymous_40)
FNDA:66,(anonymous_41)
FNDA:64,(anonymous_42)
FNDA:4,(anonymous_43)
DA:1,28
DA:18,28
DA:26,973
DA:27,973
DA:29,973
DA:31,973
DA:32,973
DA:33,973
DA:34,973
DA:35,973
DA:36,973
DA:40,2
DA:42,4
DA:43,4
DA:79,28
DA:97,28
DA:103,2505
DA:104,2505
DA:105,2505
DA:106,2505
DA:112,2505
DA:120,4383
DA:121,64
DA:122,16
DA:124,48
DA:128,4319
DA:129,7
DA:133,4312
DA:134,0
DA:137,4312
DA:141,814
DA:142,814
DA:143,310
DA:145,504
DA:149,155
DA:150,155
DA:151,67
DA:153,88
DA:157,3359
DA:159,3359
DA:160,3359
DA:162,478
DA:169,836
DA:171,4290
DA:172,4290
DA:173,4290
DA:174,4290
DA:176,4290
DA:177,172
DA:179,4290
DA:182,0
DA:183,0
DA:184,0
DA:185,0
DA:186,0
DA:189,3359
DA:190,9720
DA:192,3359
DA:193,0
DA:197,3359
DA:200,3359
DA:202,12
DA:205,3347
DA:207,2758
DA:208,0
DA:211,2758
DA:213,589
DA:214,589
DA:216,0
DA:228,215
DA:230,215
DA:231,215
DA:233,63
DA:240,130
DA:242,190
DA:243,190
DA:244,190
DA:245,190
DA:247,190
DA:248,23
DA:250,190
DA:253,0
DA:254,0
DA:255,0
DA:256,0
DA:257,0
DA:260,215
DA:261,517
DA:263,215
DA:264,0
DA:268,215
DA:271,215
DA:273,0
DA:276,215
DA:278,133
DA:279,0
DA:282,133
DA:284,82
DA:285,82
DA:287,0
DA:299,46
DA:300,46
DA:301,46
DA:305,10
DA:306,10
DA:307,10
DA:311,5
DA:312,5
DA:313,5
DA:314,5
DA:318,0
DA:319,0
DA:323,0
DA:324,0
DA:328,1
DA:329,1
DA:333,0
DA:334,0
DA:338,3
DA:339,3
DA:340,3
DA:344,20
DA:345,20
DA:346,20
DA:347,20
DA:351,3
DA:352,3
DA:353,3
DA:360,7
DA:361,7
DA:364,2
DA:366,2
DA:367,0
DA:368,0
DA:369,0
DA:372,0
DA:377,2
DA:378,1
DA:381,1
DA:383,2
DA:386,7
DA:392,0
DA:393,0
DA:395,0
DA:397,0
DA:401,4
DA:402,4
DA:403,4
DA:407,3
DA:411,3
DA:415,66
DA:419,64
DA:423,4
LF:153
LH:121
BRDA:26,0,0,969
BRDA:26,0,1,4
BRDA:29,1,0,973
BRDA:29,1,1,285
BRDA:33,2,0,973
BRDA:33,2,1,1
BRDA:34,3,0,973
BRDA:34,3,1,2
BRDA:42,4,0,2
BRDA:42,4,1,2
BRDA:111,5,0,2505
BRDA:120,6,0,64
BRDA:120,7,0,4383
BRDA:120,7,1,119
BRDA:121,8,0,16
BRDA:122,9,0,2
BRDA:122,9,1,14
BRDA:128,10,0,7
BRDA:128,11,0,4319
BRDA:128,11,1,14
BRDA:133,12,0,0
BRDA:133,13,0,4312
BRDA:133,13,1,76
BRDA:134,14,0,0
BRDA:134,14,1,0
BRDA:142,15,0,310
BRDA:150,16,0,67
BRDA:183,17,0,0
BRDA:183,17,1,0
BRDA:184,18,0,0
BRDA:184,18,1,0
BRDA:200,19,0,12
BRDA:200,20,0,3359
BRDA:200,20,1,20
BRDA:200,20,2,3354
BRDA:200,20,3,14
BRDA:207,21,0,0
BRDA:213,22,0,589
BRDA:220,23,0,0
BRDA:220,23,1,0
BRDA:254,24,0,0
BRDA:254,24,1,0
BRDA:255,25,0,0
BRDA:255,25,1,0
BRDA:271,26,0,0
BRDA:271,27,0,215
BRDA:271,27,1,0
BRDA:271,27,2,215
BRDA:271,27,3,0
BRDA:278,28,0,0
BRDA:284,29,0,82
BRDA:291,30,0,0
BRDA:291,30,1,0
BRDA:366,31,0,0
BRDA:366,32,0,2
BRDA:366,32,1,1
BRDA:368,33,0,0
BRDA:369,34,0,0
BRDA:369,34,1,0
BRDA:371,35,0,0
BRDA:371,35,1,0
BRDA:377,36,0,1
BRDA:378,37,0,1
BRDA:378,37,1,0
BRDA:380,38,0,0
BRDA:380,38,1,0
BRDA:423,39,0,4
BRDA:423,39,1,2
BRF:68
BRH:39
end_of_record
TN:
SF:src\types\errors.ts
FN:1,(anonymous_0)
FN:42,(anonymous_1)
FN:161,getParsedType
FNF:3
FNH:3
FNDA:28,(anonymous_0)
FNDA:46,(anonymous_1)
FNDA:15966,getParsedType
DA:1,28
DA:2,28
DA:3,28
DA:4,28
DA:5,28
DA:6,28
DA:7,28
DA:8,28
DA:9,28
DA:10,28
DA:11,28
DA:12,28
DA:13,28
DA:14,28
DA:15,28
DA:16,28
DA:17,28
DA:18,28
DA:19,28
DA:20,28
DA:21,28
DA:22,28
DA:23,28
DA:24,28
DA:25,28
DA:26,28
DA:27,28
DA:42,28
DA:43,46
DA:45,1
DA:48,1
DA:51,1
DA:54,1
DA:57,1
DA:60,1
DA:63,1
DA:66,1
DA:69,1
DA:72,2
DA:75,9
DA:76,2
DA:77,7
DA:78,2
DA:79,5
DA:80,2
DA:81,3
DA:82,2
DA:84,1
DA:88,9
DA:89,2
DA:90,7
DA:91,2
DA:92,5
DA:93,2
DA:94,3
DA:95,2
DA:97,1
DA:101,1
DA:104,1
DA:107,1
DA:110,1
DA:113,1
DA:116,1
DA:119,1
DA:122,1
DA:125,2
DA:128,1
DA:131,1
DA:134,1
DA:138,4
DA:161,28
DA:162,15966
DA:164,15966
DA:166,218
DA:168,4174
DA:170,9521
DA:172,232
DA:174,61
DA:176,54
DA:178,12
DA:180,1694
DA:181,122
DA:183,1572
DA:184,394
DA:186,1178
DA:187,28
DA:189,1150
DA:190,86
DA:192,1064
DA:193,90
DA:195,974
DA:196,88
DA:198,886
DA:200,0
LF:94
LH:93
BRDA:1,0,0,28
BRDA:1,0,1,28
BRDA:43,1,0,1
BRDA:43,1,1,1
BRDA:43,1,2,1
BRDA:43,1,3,1
BRDA:43,1,4,1
BRDA:43,1,5,1
BRDA:43,1,6,1
BRDA:43,1,7,1
BRDA:43,1,8,1
BRDA:43,1,9,2
BRDA:43,1,10,9
BRDA:43,1,11,9
BRDA:43,1,12,1
BRDA:43,1,13,1
BRDA:43,1,14,1
BRDA:43,1,15,1
BRDA:43,1,16,1
BRDA:43,1,17,1
BRDA:43,1,18,1
BRDA:43,1,19,1
BRDA:43,1,20,2
BRDA:43,1,21,1
BRDA:43,1,22,1
BRDA:43,1,23,1
BRDA:43,1,24,2
BRDA:43,1,25,4
BRDA:72,2,0,2
BRDA:72,2,1,1
BRDA:75,3,0,2
BRDA:75,3,1,7
BRDA:76,4,0,1
BRDA:76,4,1,1
BRDA:77,5,0,2
BRDA:77,5,1,5
BRDA:78,6,0,1
BRDA:78,6,1,1
BRDA:79,7,0,2
BRDA:79,7,1,3
BRDA:80,8,0,1
BRDA:80,8,1,1
BRDA:81,9,0,2
BRDA:81,9,1,1
BRDA:82,10,0,1
BRDA:82,10,1,1
BRDA:88,11,0,2
BRDA:88,11,1,7
BRDA:89,12,0,1
BRDA:89,12,1,1
BRDA:90,13,0,2
BRDA:90,13,1,5
BRDA:91,14,0,1
BRDA:91,14,1,1
BRDA:92,15,0,2
BRDA:92,15,1,3
BRDA:93,16,0,1
BRDA:93,16,1,1
BRDA:94,17,0,2
BRDA:94,17,1,1
BRDA:95,18,0,1
BRDA:95,18,1,1
BRDA:125,19,0,2
BRDA:125,19,1,1
BRDA:138,20,0,4
BRDA:138,20,1,2
BRDA:164,21,0,218
BRDA:164,21,1,4174
BRDA:164,21,2,9521
BRDA:164,21,3,232
BRDA:164,21,4,61
BRDA:164,21,5,54
BRDA:164,21,6,12
BRDA:164,21,7,1694
BRDA:164,21,8,0
BRDA:170,22,0,7
BRDA:170,22,1,9514
BRDA:180,23,0,122
BRDA:183,24,0,394
BRDA:186,25,0,28
BRDA:189,26,0,86
BRDA:192,27,0,90
BRDA:195,28,0,88
BRF:83
BRH:82
end_of_record
TN:
SF:src\utils\composition.ts
FN:14,or
FN:26,and
FN:36,(anonymous_2)
FN:42,conditional
FN:56,recursive
FN:59,(anonymous_5)
FN:60,(anonymous_6)
FN:67,mergeObjects
FN:74,(anonymous_8)
FN:80,pipeline
FN:87,(anonymous_10)
FN:91,(anonymous_11)
FN:98,coerce
FN:104,(anonymous_13)
FN:108,(anonymous_14)
FN:112,(anonymous_15)
FN:123,(anonymous_16)
FN:140,withFallback
FN:150,preprocess
FN:160,postprocess
FN:170,nullable
FN:179,optional
FN:188,nullish
FN:197,withDefault
FN:207,brand
FN:217,readonly
FN:226,defer
FN:236,firstOf
FN:248,allOf
FN:257,extend
FN:267,pick
FN:277,omit
FN:287,partial
FN:296,required
FN:305,deepPartial
FNF:35
FNH:32
FNDA:3,or
FNDA:5,and
FNDA:4,(anonymous_2)
FNDA:2,conditional
FNDA:1,recursive
FNDA:0,(anonymous_5)
FNDA:0,(anonymous_6)
FNDA:3,mergeObjects
FNDA:1,(anonymous_8)
FNDA:3,pipeline
FNDA:1,(anonymous_10)
FNDA:0,(anonymous_11)
FNDA:7,coerce
FNDA:2,(anonymous_13)
FNDA:1,(anonymous_14)
FNDA:2,(anonymous_15)
FNDA:2,(anonymous_16)
FNDA:1,withFallback
FNDA:1,preprocess
FNDA:1,postprocess
FNDA:1,nullable
FNDA:1,optional
FNDA:1,nullish
FNDA:2,withDefault
FNDA:1,brand
FNDA:1,readonly
FNDA:1,defer
FNDA:2,firstOf
FNDA:1,allOf
FNDA:1,extend
FNDA:1,pick
FNDA:1,omit
FNDA:1,partial
FNDA:1,required
FNDA:1,deepPartial
DA:3,12
DA:4,12
DA:5,12
DA:14,12
DA:17,3
DA:18,1
DA:20,2
DA:26,12
DA:29,5
DA:30,1
DA:32,4
DA:33,1
DA:36,4
DA:42,12
DA:46,2
DA:47,2
DA:48,1
DA:50,1
DA:56,12
DA:59,1
DA:60,0
DA:61,0
DA:67,12
DA:70,3
DA:71,1
DA:74,2
DA:80,12
DA:83,3
DA:84,1
DA:87,2
DA:88,1
DA:91,1
DA:98,12
DA:102,7
DA:105,2
DA:106,2
DA:109,1
DA:110,1
DA:113,2
DA:114,2
DA:115,1
DA:117,1
DA:124,2
DA:125,2
DA:126,1
DA:128,1
DA:140,12
DA:144,1
DA:150,12
DA:154,1
DA:160,12
DA:164,1
DA:170,12
DA:173,1
DA:179,12
DA:182,1
DA:188,12
DA:191,1
DA:197,12
DA:201,2
DA:207,12
DA:211,1
DA:217,12
DA:220,1
DA:226,12
DA:229,1
DA:236,12
DA:239,2
DA:240,1
DA:242,1
DA:248,12
DA:251,1
DA:257,12
DA:261,1
DA:267,12
DA:271,1
DA:277,12
DA:281,1
DA:287,12
DA:290,1
DA:296,12
DA:299,1
DA:305,12
DA:308,1
LF:84
LH:82
BRDA:17,0,0,1
BRDA:29,1,0,1
BRDA:32,2,0,1
BRDA:47,3,0,1
BRDA:70,4,0,1
BRDA:83,5,0,1
BRDA:88,6,0,0
BRDA:239,7,0,1
BRF:8
BRH:7
end_of_record
TN:
SF:src\utils\error-formatter.ts
FN:47,formatError
FN:118,formatErrorAsJson
FN:125,(anonymous_2)
FN:141,formatErrorAsTable
FN:161,(anonymous_4)
FN:162,(anonymous_5)
FN:166,(anonymous_6)
FN:167,(anonymous_7)
FN:175,(anonymous_8)
FN:176,(anonymous_9)
FN:177,(anonymous_10)
FN:191,formatErrorAsMarkdown
FN:223,createFormatter
FN:227,(anonymous_13)
FN:251,colorize
FN:270,getErrorSummary
FN:295,filterIssues
FN:304,(anonymous_17)
FNF:18
FNH:17
FNDA:4,formatError
FNDA:2,formatErrorAsJson
FNDA:6,(anonymous_2)
FNDA:1,formatErrorAsTable
FNDA:5,(anonymous_4)
FNDA:20,(anonymous_5)
FNDA:4,(anonymous_6)
FNDA:20,(anonymous_7)
FNDA:5,(anonymous_8)
FNDA:5,(anonymous_9)
FNDA:5,(anonymous_10)
FNDA:1,formatErrorAsMarkdown
FNDA:2,createFormatter
FNDA:2,(anonymous_13)
FNDA:0,colorize
FNDA:1,getErrorSummary
FNDA:3,filterIssues
FNDA:7,(anonymous_17)
DA:47,12
DA:59,4
DA:61,4
DA:64,4
DA:66,4
DA:67,12
DA:68,12
DA:69,12
DA:71,12
DA:75,4
DA:76,12
DA:78,12
DA:80,12
DA:82,12
DA:83,12
DA:85,12
DA:86,9
DA:87,9
DA:90,12
DA:91,3
DA:92,3
DA:95,12
DA:96,0
DA:97,0
DA:98,0
DA:99,0
DA:101,0
DA:102,0
DA:103,0
DA:105,0
DA:108,12
DA:112,4
DA:118,12
DA:122,2
DA:125,6
DA:135,2
DA:141,12
DA:142,1
DA:146,1
DA:147,3
DA:157,1
DA:158,1
DA:159,0
DA:161,1
DA:162,20
DA:166,1
DA:167,4
DA:168,20
DA:170,4
DA:174,1
DA:175,5
DA:176,5
DA:177,5
DA:179,1
DA:191,12
DA:192,1
DA:201,1
DA:202,3
DA:203,3
DA:205,3
DA:206,0
DA:207,0
DA:208,0
DA:209,0
DA:212,3
DA:213,3
DA:217,1
DA:223,12
DA:227,2
DA:228,2
DA:231,2
DA:232,2
DA:233,2
DA:234,2
DA:235,2
DA:238,2
DA:239,1
DA:240,1
DA:244,2
DA:252,0
DA:263,0
DA:264,0
DA:270,12
DA:275,1
DA:276,1
DA:278,1
DA:279,3
DA:280,3
DA:281,3
DA:285,1
DA:295,12
DA:304,3
DA:305,7
DA:306,1
DA:309,6
DA:310,3
DA:311,3
DA:312,2
DA:316,4
DA:317,4
DA:318,1
DA:320,3
DA:321,0
DA:324,3
LF:104
LH:87
BRDA:49,0,0,1
BRDA:52,1,0,3
BRDA:53,2,0,3
BRDA:54,3,0,4
BRDA:55,4,0,4
BRDA:56,5,0,4
BRDA:58,6,0,4
BRDA:68,7,0,12
BRDA:76,8,0,12
BRDA:76,8,1,0
BRDA:78,9,0,0
BRDA:83,10,0,3
BRDA:83,10,1,9
BRDA:83,11,0,9
BRDA:83,11,1,6
BRDA:85,12,0,9
BRDA:85,13,0,12
BRDA:85,13,1,9
BRDA:86,14,0,0
BRDA:86,14,1,9
BRDA:90,15,0,3
BRDA:91,16,0,0
BRDA:91,16,1,3
BRDA:95,17,0,0
BRDA:95,18,0,12
BRDA:95,18,1,12
BRDA:95,18,2,12
BRDA:97,19,0,0
BRDA:98,20,0,0
BRDA:98,20,1,0
BRDA:101,21,0,0
BRDA:102,22,0,0
BRDA:102,22,1,0
BRDA:120,23,0,1
BRDA:135,24,0,1
BRDA:135,24,1,1
BRDA:148,25,0,3
BRDA:148,25,1,0
BRDA:150,26,0,3
BRDA:150,26,1,2
BRDA:151,27,0,3
BRDA:151,27,1,3
BRDA:152,28,0,3
BRDA:152,28,1,3
BRDA:158,29,0,0
BRDA:162,30,0,20
BRDA:162,30,1,8
BRDA:168,31,0,20
BRDA:168,31,1,0
BRDA:202,32,0,3
BRDA:202,32,1,0
BRDA:203,33,0,3
BRDA:203,33,1,2
BRDA:205,34,0,0
BRDA:205,35,0,3
BRDA:205,35,1,3
BRDA:207,36,0,0
BRDA:208,37,0,0
BRDA:212,38,0,3
BRDA:233,39,0,2
BRDA:233,39,1,2
BRDA:234,40,0,2
BRDA:234,40,1,2
BRDA:235,41,0,2
BRDA:235,41,1,2
BRDA:238,42,0,1
BRDA:263,43,0,0
BRDA:263,43,1,0
BRDA:279,44,0,3
BRDA:279,44,1,2
BRDA:280,45,0,3
BRDA:305,46,0,1
BRDA:305,47,0,7
BRDA:305,47,1,3
BRDA:309,48,0,3
BRDA:311,49,0,2
BRDA:317,50,0,1
BRDA:317,51,0,4
BRDA:317,51,1,1
BRDA:320,52,0,0
BRDA:320,53,0,3
BRDA:320,53,1,0
BRF:82
BRH:60
end_of_record
TN:
SF:src\utils\guards.ts
FN:10,createGuard
FN:11,(anonymous_1)
FN:20,createAssert
FN:21,(anonymous_3)
FN:32,is
FN:39,assert
FN:49,isSchema
FN:62,createDiscriminatedUnionGuard
FN:69,(anonymous_8)
FN:91,createUnionGuard
FN:94,(anonymous_10)
FN:107,createIntersectionGuard
FN:110,(anonymous_12)
FN:123,narrow
FNF:14
FNH:14
FNDA:5,createGuard
FNDA:16,(anonymous_1)
FNDA:5,createAssert
FNDA:11,(anonymous_3)
FNDA:25,is
FNDA:10,assert
FNDA:22,isSchema
FNDA:2,createDiscriminatedUnionGuard
FNDA:20,(anonymous_8)
FNDA:4,createUnionGuard
FNDA:18,(anonymous_10)
FNDA:5,createIntersectionGuard
FNDA:15,(anonymous_12)
FNDA:16,narrow
DA:10,13
DA:11,5
DA:12,16
DA:13,16
DA:20,13
DA:21,5
DA:22,11
DA:23,11
DA:24,6
DA:32,13
DA:33,25
DA:39,13
DA:40,10
DA:41,10
DA:42,6
DA:49,13
DA:50,22
DA:62,13
DA:69,2
DA:70,20
DA:71,4
DA:74,16
DA:75,16
DA:76,5
DA:79,11
DA:80,11
DA:81,3
DA:84,8
DA:91,13
DA:94,4
DA:95,18
DA:96,39
DA:97,8
DA:100,10
DA:107,13
DA:110,5
DA:111,15
DA:112,26
DA:113,10
DA:116,5
DA:123,13
DA:132,16
LF:42
LH:42
BRDA:23,0,0,6
BRDA:41,1,0,6
BRDA:51,2,0,22
BRDA:51,2,1,20
BRDA:51,2,2,14
BRDA:51,2,3,11
BRDA:51,2,4,8
BRDA:70,3,0,4
BRDA:70,4,0,20
BRDA:70,4,1,17
BRDA:75,5,0,5
BRDA:80,6,0,3
BRDA:96,7,0,8
BRDA:112,8,0,10
BRF:14
BRH:14
end_of_record
TN:
SF:src\utils\introspection.ts
FN:24,introspect
FN:57,(anonymous_1)
FN:134,getShape
FN:143,getElement
FN:152,getOptions
FN:161,hasModifier
FN:184,getPropertyNames
FN:192,getProperty
FN:203,isType
FN:213,walkSchema
FN:240,(anonymous_10)
FN:250,toJsonSchema
FN:280,(anonymous_12)
FNF:13
FNH:13
FNDA:62,introspect
FNDA:5,(anonymous_1)
FNDA:3,getShape
FNDA:2,getElement
FNDA:2,getOptions
FNDA:17,hasModifier
FNDA:3,getPropertyNames
FNDA:5,getProperty
FNDA:11,isType
FNDA:21,walkSchema
FNDA:5,(anonymous_10)
FNDA:31,toJsonSchema
FNDA:4,(anonymous_12)
DA:2,13
DA:3,13
DA:4,13
DA:24,13
DA:25,62
DA:32,62
DA:33,2
DA:37,62
DA:38,6
DA:39,6
DA:40,6
DA:41,12
DA:46,62
DA:47,6
DA:48,6
DA:49,5
DA:54,62
DA:55,3
DA:56,3
DA:57,5
DA:62,62
DA:65,62
DA:66,58
DA:67,58
DA:68,28
DA:69,9
DA:70,5
DA:71,4
DA:72,2
DA:74,2
DA:76,19
DA:77,8
DA:78,4
DA:79,4
DA:80,2
DA:82,2
DA:84,11
DA:85,1
DA:86,10
DA:87,4
DA:88,6
DA:89,1
DA:90,1
DA:91,5
DA:92,1
DA:93,4
DA:94,1
DA:95,3
DA:96,1
DA:102,62
DA:103,1
DA:105,62
DA:106,1
DA:108,62
DA:109,1
DA:111,62
DA:112,1
DA:114,62
DA:115,1
DA:117,62
DA:118,1
DA:120,62
DA:121,1
DA:124,62
DA:125,12
DA:128,62
DA:134,13
DA:137,3
DA:143,13
DA:146,2
DA:152,13
DA:155,2
DA:161,13
DA:165,17
DA:167,4
DA:169,4
DA:171,2
DA:173,4
DA:175,2
DA:177,1
DA:184,13
DA:185,3
DA:186,3
DA:192,13
DA:196,5
DA:197,5
DA:203,13
DA:207,11
DA:213,13
DA:218,21
DA:221,21
DA:222,5
DA:223,5
DA:224,8
DA:229,21
DA:230,4
DA:231,4
DA:232,4
DA:237,21
DA:238,2
DA:239,2
DA:240,2
DA:241,5
DA:250,13
DA:251,31
DA:254,31
DA:255,5
DA:256,5
DA:257,5
DA:258,5
DA:259,5
DA:260,8
DA:263,5
DA:267,26
DA:268,2
DA:269,2
DA:270,2
DA:271,2
DA:273,2
DA:277,24
DA:278,2
DA:279,2
DA:280,4
DA:282,2
DA:286,22
DA:289,22
DA:291,11
DA:292,11
DA:294,7
DA:295,7
DA:297,2
DA:298,2
DA:300,1
DA:301,1
DA:303,1
DA:307,22
DA:308,4
DA:312,22
DA:313,1
DA:317,22
DA:318,1
DA:321,22
LF:142
LH:142
BRDA:27,0,0,62
BRDA:27,0,1,61
BRDA:28,1,0,62
BRDA:28,1,1,61
BRDA:32,2,0,2
BRDA:37,3,0,6
BRDA:46,4,0,6
BRDA:48,5,0,5
BRDA:54,6,0,3
BRDA:55,7,0,3
BRDA:55,7,1,1
BRDA:56,8,0,2
BRDA:56,9,0,3
BRDA:56,9,1,2
BRDA:65,10,0,58
BRDA:65,11,0,62
BRDA:65,11,1,58
BRDA:68,12,0,9
BRDA:68,12,1,19
BRDA:69,13,0,5
BRDA:69,13,1,4
BRDA:71,14,0,2
BRDA:71,14,1,2
BRDA:76,15,0,8
BRDA:76,15,1,11
BRDA:77,16,0,4
BRDA:77,16,1,4
BRDA:79,17,0,2
BRDA:79,17,1,2
BRDA:84,18,0,1
BRDA:84,18,1,10
BRDA:86,19,0,4
BRDA:86,19,1,6
BRDA:88,20,0,1
BRDA:88,20,1,5
BRDA:89,21,0,1
BRDA:89,21,1,1
BRDA:90,22,0,1
BRDA:90,22,1,0
BRDA:91,23,0,1
BRDA:91,23,1,4
BRDA:93,24,0,1
BRDA:93,24,1,3
BRDA:95,25,0,1
BRDA:102,26,0,1
BRDA:105,27,0,1
BRDA:108,28,0,1
BRDA:111,29,0,1
BRDA:114,30,0,1
BRDA:117,31,0,1
BRDA:120,32,0,1
BRDA:124,33,0,12
BRDA:155,34,0,2
BRDA:155,34,1,0
BRDA:155,34,2,0
BRDA:165,35,0,4
BRDA:165,35,1,4
BRDA:165,35,2,2
BRDA:165,35,3,4
BRDA:165,35,4,2
BRDA:165,35,5,1
BRDA:167,36,0,4
BRDA:167,36,1,2
BRDA:169,37,0,4
BRDA:169,37,1,2
BRDA:171,38,0,2
BRDA:171,38,1,1
BRDA:216,39,0,4
BRDA:221,40,0,5
BRDA:229,41,0,4
BRDA:231,42,0,4
BRDA:237,43,0,2
BRDA:238,44,0,2
BRDA:238,44,1,0
BRDA:239,45,0,2
BRDA:239,46,0,2
BRDA:239,46,1,2
BRDA:254,47,0,5
BRDA:257,48,0,5
BRDA:267,49,0,2
BRDA:270,50,0,2
BRDA:277,51,0,2
BRDA:278,52,0,2
BRDA:278,52,1,0
BRDA:279,53,0,2
BRDA:279,54,0,2
BRDA:279,54,1,2
BRDA:289,55,0,11
BRDA:289,55,1,7
BRDA:289,55,2,2
BRDA:289,55,3,1
BRDA:289,55,4,1
BRDA:294,56,0,2
BRDA:294,56,1,5
BRDA:307,57,0,4
BRDA:312,58,0,1
BRDA:317,59,0,1
BRF:97
BRH:92
end_of_record
TN:
SF:src\utils\metadata.ts
FN:29,setMetadata
FN:44,getMetadata
FN:55,hasMetadata
FN:66,deleteMetadata
FN:77,getAllMetadata
FN:86,copyMetadata
FN:100,clearMetadata
FN:107,mergeMetadata
FN:134,describe
FN:145,example
FN:156,deprecate
FN:167,version
FN:178,tag
FN:190,document
FN:201,source
FN:212,author
FN:223,created
FN:234,modified
FN:245,custom
FN:257,withMetadata
FN:307,getMetadataSummary
FNF:21
FNH:21
FNDA:61,setMetadata
FNDA:83,getMetadata
FNDA:3,hasMetadata
FNDA:2,deleteMetadata
FNDA:4,getAllMetadata
FNDA:3,copyMetadata
FNDA:1,clearMetadata
FNDA:4,mergeMetadata
FNDA:2,describe
FNDA:2,example
FNDA:3,deprecate
FNDA:3,version
FNDA:4,tag
FNDA:2,document
FNDA:2,source
FNDA:3,author
FNDA:2,created
FNDA:2,modified
FNDA:4,custom
FNDA:4,withMetadata
FNDA:3,getMetadataSummary
DA:7,12
DA:12,12
DA:29,12
DA:34,61
DA:35,39
DA:37,61
DA:38,61
DA:44,12
DA:48,83
DA:49,83
DA:55,12
DA:59,3
DA:60,3
DA:66,12
DA:70,2
DA:71,2
DA:77,12
DA:80,4
DA:86,12
DA:90,3
DA:91,3
DA:92,2
DA:93,2
DA:100,12
DA:101,1
DA:107,12
DA:111,4
DA:112,2
DA:115,4
DA:117,4
DA:118,7
DA:119,7
DA:120,5
DA:121,5
DA:134,12
DA:138,2
DA:139,2
DA:145,12
DA:149,2
DA:150,2
DA:156,12
DA:160,3
DA:161,3
DA:167,12
DA:171,3
DA:172,3
DA:178,12
DA:182,4
DA:183,4
DA:184,4
DA:190,12
DA:194,2
DA:195,2
DA:201,12
DA:205,2
DA:206,2
DA:212,12
DA:216,3
DA:217,3
DA:223,12
DA:227,2
DA:228,2
DA:234,12
DA:238,2
DA:239,2
DA:245,12
DA:249,4
DA:250,4
DA:251,4
DA:257,12
DA:271,4
DA:273,4
DA:274,0
DA:276,4
DA:277,1
DA:279,4
DA:280,1
DA:282,4
DA:283,2
DA:285,4
DA:286,1
DA:288,4
DA:289,1
DA:291,4
DA:292,1
DA:294,4
DA:295,1
DA:297,4
DA:298,1
DA:301,4
DA:307,12
DA:320,3
LF:92
LH:91
BRDA:34,0,0,39
BRDA:60,1,0,3
BRDA:60,1,1,1
BRDA:71,2,0,2
BRDA:71,2,1,1
BRDA:91,3,0,2
BRDA:111,4,0,2
BRDA:119,5,0,5
BRDA:182,6,0,4
BRDA:182,6,1,3
BRDA:225,7,0,1
BRDA:236,8,0,1
BRDA:249,9,0,4
BRDA:249,9,1,3
BRDA:273,10,0,0
BRDA:276,11,0,1
BRDA:279,12,0,1
BRDA:280,13,0,0
BRDA:280,13,1,1
BRDA:282,14,0,2
BRDA:285,15,0,1
BRDA:288,16,0,1
BRDA:291,17,0,1
BRDA:294,18,0,1
BRDA:297,19,0,1
BRF:25
BRH:23
end_of_record
